Using pre-set license
Built from '2020.3/staging' branch; Version is '2020.3.0f1 (c7b5465681fb) revision 13088070'; Using compiler version '192528614'; Build Type 'Release'
OS: 'Windows 10 Home; OS build 19042.985; Version 2009; 64bit' Language: 'en' Physical Memory: 16249 MB
BatchMode: 1, IsHumanControllingUs: 0, StartBugReporterOnCrash: 0, Is64bit: 1, IsPro: 0

 COMMAND LINE ARGUMENTS:
D:\Unity\Versions\2020.3.0f1\Editor\Unity.exe
-adb2
-batchMode
-noUpm
-name
AssetImportWorker4
-projectPath
D:/Unity/Projects/Yellowjackets/Yellowjackets Game
-logFile
Logs/AssetImportWorker4.log
-srvPort
57385
Successfully changed project path to: D:/Unity/Projects/Yellowjackets/Yellowjackets Game
D:/Unity/Projects/Yellowjackets/Yellowjackets Game
Using Asset Import Pipeline V2.
Refreshing native plugins compatible for Editor in 65.68 ms, found 0 plugins.
Preloading 0 native plugins for Editor in 0.00 ms.
Initialize engine version: 2020.3.0f1 (c7b5465681fb)
[Subsystems] Discovering subsystems at path D:/Unity/Versions/2020.3.0f1/Editor/Data/Resources/UnitySubsystems
[Subsystems] Discovering subsystems at path D:/Unity/Projects/Yellowjackets/Yellowjackets Game/Assets
GfxDevice: creating device client; threaded=0
Direct3D:
    Version:  Direct3D 11.0 [level 11.1]
    Renderer: NVIDIA GeForce GTX 1050 Ti (ID=0x1c8c)
    Vendor:   
    VRAM:     4021 MB
    Driver:   27.21.14.5771
Initialize mono
Mono path[0] = 'D:/Unity/Versions/2020.3.0f1/Editor/Data/Managed'
Mono path[1] = 'D:/Unity/Versions/2020.3.0f1/Editor/Data/MonoBleedingEdge/lib/mono/unityjit'
Mono config path = 'D:/Unity/Versions/2020.3.0f1/Editor/Data/MonoBleedingEdge/etc'
Using monoOptions --debugger-agent=transport=dt_socket,embedding=1,server=y,suspend=n,address=127.0.0.1:56332
Begin MonoManager ReloadAssembly
Registering precompiled unity dll's ...
Register platform support module: D:/Unity/Versions/2020.3.0f1/Editor/Data/PlaybackEngines/WebGLSupport/UnityEditor.WebGL.Extensions.dll
Register platform support module: D:/Unity/Versions/2020.3.0f1/Editor/Data/PlaybackEngines/WindowsStandaloneSupport/UnityEditor.WindowsStandalone.Extensions.dll
Registered in 0.001967 seconds.
Native extension for WindowsStandalone target not found
Native extension for WebGL target not found
Refreshing native plugins compatible for Editor in 54.27 ms, found 0 plugins.
Preloading 0 native plugins for Editor in 0.00 ms.
Invoked RoslynAnalysisRunner static constructor.
RoslynAnalysisRunner will not be running.
RoslynAnalysisRunner has terminated.
Mono: successfully reloaded assembly
- Completed reload, in  1.554 seconds
Platform modules already initialized, skipping
Registering precompiled user dll's ...
Registered in 0.002535 seconds.
Begin MonoManager ReloadAssembly
Native extension for WindowsStandalone target not found
Native extension for WebGL target not found
Refreshing native plugins compatible for Editor in 58.43 ms, found 0 plugins.
Preloading 0 native plugins for Editor in 0.00 ms.
Invoked RoslynAnalysisRunner static constructor.
RoslynAnalysisRunner will not be running.
RoslynAnalysisRunner has terminated.
Mono: successfully reloaded assembly
- Completed reload, in  4.585 seconds
Platform modules already initialized, skipping
========================================================================
Worker process is ready to serve import requests
Shader 'Universal Render Pipeline/Particles/Lit': fallback shader 'Universal Render Pipeline/Particles/SimpleLit' not found
Shader 'Universal Render Pipeline/Particles/Lit': fallback shader 'Universal Render Pipeline/Particles/SimpleLit' not found
Launched and connected shader compiler UnityShaderCompiler.exe after 0.55 seconds
Refreshing native plugins compatible for Editor in 0.57 ms, found 0 plugins.
Preloading 0 native plugins for Editor in 0.00 ms.
Unloading 2984 Unused Serialized files (Serialized files now loaded: 0)
System memory in use before: 140.5 MB.
System memory in use after: 138.7 MB.

Unloading 39 unused Assets to reduce memory usage. Loaded Objects now: 3421.
Total: 4.384100 ms (FindLiveObjects: 0.682700 ms CreateObjectMapping: 0.473000 ms MarkObjects: 2.071800 ms  DeleteObjects: 1.155700 ms)

========================================================================
Received Import Request.
  path: Assets/yellowjackets.png
  artifactKey: Guid(19b777121eea24a41b5bfd0746fd848f) Importer(815301076,1909f56bfc062723c751e8b465ee728b)
Start importing Assets/yellowjackets.png using Guid(19b777121eea24a41b5bfd0746fd848f) Importer(815301076,1909f56bfc062723c751e8b465ee728b)  -> (artifact id: '50ea23a2603881efe4f700aecd767613') in 0.308430 seconds
  Import took 0.314562 seconds .

========================================================================
Received Import Request.
  Time since last request: 0.002057 seconds.
  path: Assets/yt1s.com - Bee Sound Effect.mp3
  artifactKey: Guid(5c155268d73018a4aab2759fe4b69a3a) Importer(815301076,1909f56bfc062723c751e8b465ee728b)
Start importing Assets/yt1s.com - Bee Sound Effect.mp3 using Guid(5c155268d73018a4aab2759fe4b69a3a) Importer(815301076,1909f56bfc062723c751e8b465ee728b)  -> (artifact id: '9eb2bbfd0d69de1f1b78d5c8c3a2d8df') in 0.165006 seconds
  Import took 0.170260 seconds .

========================================================================
Received Import Request.
  Time since last request: 0.001613 seconds.
  path: Assets/yt1s.com - Bee Sound Effect.mp3
  artifactKey: Guid(5c155268d73018a4aab2759fe4b69a3a) Importer(815301076,1909f56bfc062723c751e8b465ee728b)
Start importing Assets/yt1s.com - Bee Sound Effect.mp3 using Guid(5c155268d73018a4aab2759fe4b69a3a) Importer(815301076,1909f56bfc062723c751e8b465ee728b)  -> (artifact id: '9eb2bbfd0d69de1f1b78d5c8c3a2d8df') in 0.012877 seconds
  Import took 0.020359 seconds .

========================================================================
Received Import Request.
  Time since last request: 347.017843 seconds.
  path: Assets/Animations/sprites
  artifactKey: Guid(690be55748298494199c50b47e2bbc15) Importer(815301076,1909f56bfc062723c751e8b465ee728b)
Start importing Assets/Animations/sprites using Guid(690be55748298494199c50b47e2bbc15) Importer(815301076,1909f56bfc062723c751e8b465ee728b)  -> (artifact id: '3e15a7cb79a1ae08c42bb6f3c0fde9fa') in 0.011099 seconds
  Import took 0.018664 seconds .

========================================================================
Received Import Request.
  Time since last request: 9.451264 seconds.
  path: Assets/Animations/sprites/Flyby Merged.PNG
  artifactKey: Guid(0307b783d5e296144a4cc02fbab81d68) Importer(815301076,1909f56bfc062723c751e8b465ee728b)
Start importing Assets/Animations/sprites/Flyby Merged.PNG using Guid(0307b783d5e296144a4cc02fbab81d68) Importer(815301076,1909f56bfc062723c751e8b465ee728b)  -> (artifact id: 'c527b9858b090f1938436066ab4d96f7') in 0.032406 seconds
  Import took 0.039943 seconds .

========================================================================
Received Import Request.
  Time since last request: 0.000545 seconds.
  path: Assets/Animations/sprites/Logo Merged.PNG
  artifactKey: Guid(0b26373796318444ca2143f63fd7197d) Importer(815301076,1909f56bfc062723c751e8b465ee728b)
Start importing Assets/Animations/sprites/Logo Merged.PNG using Guid(0b26373796318444ca2143f63fd7197d) Importer(815301076,1909f56bfc062723c751e8b465ee728b)  -> (artifact id: 'c6f609b2bcaa59f49b2ad2d89182bce4') in 0.023610 seconds
  Import took 0.031187 seconds .

========================================================================
Received Import Request.
  Time since last request: 0.000323 seconds.
  path: Assets/Animations/sprites/Paint Layer 12.JPEG
  artifactKey: Guid(e2798bc486b5a394ab0c2697f98b5cd1) Importer(815301076,1909f56bfc062723c751e8b465ee728b)
Start importing Assets/Animations/sprites/Paint Layer 12.JPEG using Guid(e2798bc486b5a394ab0c2697f98b5cd1) Importer(815301076,1909f56bfc062723c751e8b465ee728b)  -> (artifact id: '8070ac6641dd65505da458f7a81facdb') in 0.020573 seconds
  Import took 0.028219 seconds .

========================================================================
Received Import Request.
  Time since last request: 0.000462 seconds.
  path: Assets/Animations/sprites/trails.PNG
  artifactKey: Guid(670865e3479d0424cafbee391317456d) Importer(815301076,1909f56bfc062723c751e8b465ee728b)
Start importing Assets/Animations/sprites/trails.PNG using Guid(670865e3479d0424cafbee391317456d) Importer(815301076,1909f56bfc062723c751e8b465ee728b)  -> (artifact id: '3b9da1e7f3a61e6687262b3c527c21e0') in 0.015157 seconds
  Import took 0.019742 seconds .

========================================================================
Received Import Request.
  Time since last request: 15.943111 seconds.
  path: Assets/Animations/sprites/bee1.PNG
  artifactKey: Guid(656ea951da7d75944b2e9bea99abfe03) Importer(815301076,1909f56bfc062723c751e8b465ee728b)
Start importing Assets/Animations/sprites/bee1.PNG using Guid(656ea951da7d75944b2e9bea99abfe03) Importer(815301076,1909f56bfc062723c751e8b465ee728b)  -> (artifact id: 'bb2eaa3ecb41629fe52aa36dd6823fc1') in 0.020450 seconds
  Import took 0.028803 seconds .

========================================================================
Received Import Request.
  Time since last request: 0.000474 seconds.
  path: Assets/Animations/sprites/bee3.PNG
  artifactKey: Guid(601a440b95f23b542aff22e1bee95cc6) Importer(815301076,1909f56bfc062723c751e8b465ee728b)
Start importing Assets/Animations/sprites/bee3.PNG using Guid(601a440b95f23b542aff22e1bee95cc6) Importer(815301076,1909f56bfc062723c751e8b465ee728b)  -> (artifact id: 'abc053a27e6868e426a0bda8b7e397c1') in 0.024014 seconds
  Import took 0.031960 seconds .

========================================================================
Received Import Request.
  Time since last request: 0.000547 seconds.
  path: Assets/Animations/sprites/bee2.PNG
  artifactKey: Guid(6cf39e10e39dc014396efef802055d9e) Importer(815301076,1909f56bfc062723c751e8b465ee728b)
Start importing Assets/Animations/sprites/bee2.PNG using Guid(6cf39e10e39dc014396efef802055d9e) Importer(815301076,1909f56bfc062723c751e8b465ee728b)  -> (artifact id: '2bfa5ac82f485810243fc2e53e3d4f50') in 0.024034 seconds
  Import took 0.030739 seconds .

========================================================================
Received Import Request.
  Time since last request: 46.328222 seconds.
  path: Assets/Animations/sprites/Paint Layer 12.JPEG
  artifactKey: Guid(e2798bc486b5a394ab0c2697f98b5cd1) Importer(815301076,1909f56bfc062723c751e8b465ee728b)
Start importing Assets/Animations/sprites/Paint Layer 12.JPEG using Guid(e2798bc486b5a394ab0c2697f98b5cd1) Importer(815301076,1909f56bfc062723c751e8b465ee728b)  -> (artifact id: 'ad64f6ae75f34329f6cfdf5868a87f68') in 0.036551 seconds
  Import took 0.046303 seconds .

========================================================================
Received Import Request.
  Time since last request: 0.001568 seconds.
  path: Assets/Animations/sprites/Paint Layer 12.JPEG
  artifactKey: Guid(e2798bc486b5a394ab0c2697f98b5cd1) Importer(815301076,1909f56bfc062723c751e8b465ee728b)
Start importing Assets/Animations/sprites/Paint Layer 12.JPEG using Guid(e2798bc486b5a394ab0c2697f98b5cd1) Importer(815301076,1909f56bfc062723c751e8b465ee728b)  -> (artifact id: 'ad64f6ae75f34329f6cfdf5868a87f68') in 0.021025 seconds
  Import took 0.030467 seconds .

========================================================================
Received Import Request.
  Time since last request: 58.863797 seconds.
  path: Assets/Animations/sprites/trails.PNG
  artifactKey: Guid(670865e3479d0424cafbee391317456d) Importer(815301076,1909f56bfc062723c751e8b465ee728b)
Start importing Assets/Animations/sprites/trails.PNG using Guid(670865e3479d0424cafbee391317456d) Importer(815301076,1909f56bfc062723c751e8b465ee728b)  -> (artifact id: '982c5fd4daa938a3c3e0212426eef7c1') in 0.026348 seconds
  Import took 0.032979 seconds .

========================================================================
Received Import Request.
  Time since last request: 0.000629 seconds.
  path: Assets/Animations/sprites/Logo Merged.PNG
  artifactKey: Guid(0b26373796318444ca2143f63fd7197d) Importer(815301076,1909f56bfc062723c751e8b465ee728b)
Start importing Assets/Animations/sprites/Logo Merged.PNG using Guid(0b26373796318444ca2143f63fd7197d) Importer(815301076,1909f56bfc062723c751e8b465ee728b)  -> (artifact id: 'dccce7b853d9f78c882f66a3bb0824e0') in 0.024884 seconds
  Import took 0.034489 seconds .

========================================================================
Received Import Request.
  Time since last request: 0.000429 seconds.
  path: Assets/Animations/sprites/Flyby Merged.PNG
  artifactKey: Guid(0307b783d5e296144a4cc02fbab81d68) Importer(815301076,1909f56bfc062723c751e8b465ee728b)
Start importing Assets/Animations/sprites/Flyby Merged.PNG using Guid(0307b783d5e296144a4cc02fbab81d68) Importer(815301076,1909f56bfc062723c751e8b465ee728b)  -> (artifact id: '151361efd5d8286ef11082e80f8c7de8') in 0.022142 seconds
  Import took 0.029321 seconds .

========================================================================
Received Import Request.
  Time since last request: 0.000348 seconds.
  path: Assets/Animations/sprites/bee3.PNG
  artifactKey: Guid(601a440b95f23b542aff22e1bee95cc6) Importer(815301076,1909f56bfc062723c751e8b465ee728b)
Start importing Assets/Animations/sprites/bee3.PNG using Guid(601a440b95f23b542aff22e1bee95cc6) Importer(815301076,1909f56bfc062723c751e8b465ee728b)  -> (artifact id: '3646ea75631225aadc6a506beb066527') in 0.029638 seconds
  Import took 0.035347 seconds .

========================================================================
Received Import Request.
  Time since last request: 0.000579 seconds.
  path: Assets/Animations/sprites/bee2.PNG
  artifactKey: Guid(6cf39e10e39dc014396efef802055d9e) Importer(815301076,1909f56bfc062723c751e8b465ee728b)
Start importing Assets/Animations/sprites/bee2.PNG using Guid(6cf39e10e39dc014396efef802055d9e) Importer(815301076,1909f56bfc062723c751e8b465ee728b)  -> (artifact id: '929388b9cabce8c55aeb2bdb7150ea64') in 0.022839 seconds
  Import took 0.031467 seconds .

========================================================================
Received Import Request.
  Time since last request: 0.000420 seconds.
  path: Assets/Animations/sprites/bee1.PNG
  artifactKey: Guid(656ea951da7d75944b2e9bea99abfe03) Importer(815301076,1909f56bfc062723c751e8b465ee728b)
Start importing Assets/Animations/sprites/bee1.PNG using Guid(656ea951da7d75944b2e9bea99abfe03) Importer(815301076,1909f56bfc062723c751e8b465ee728b)  -> (artifact id: '23b49debc70706adc626895e8cb13f74') in 0.021840 seconds
  Import took 0.028692 seconds .

========================================================================
Received Import Request.
  Time since last request: 0.000410 seconds.
  path: Assets/Animations/sprites/trails.PNG
  artifactKey: Guid(670865e3479d0424cafbee391317456d) Importer(815301076,1909f56bfc062723c751e8b465ee728b)
Start importing Assets/Animations/sprites/trails.PNG using Guid(670865e3479d0424cafbee391317456d) Importer(815301076,1909f56bfc062723c751e8b465ee728b)  -> (artifact id: '982c5fd4daa938a3c3e0212426eef7c1') in 0.015103 seconds
  Import took 0.022045 seconds .

========================================================================
Received Import Request.
  Time since last request: 831.182650 seconds.
  path: Assets/Models/Axe/512/Axe.mat
  artifactKey: Guid(e160e24634a112543aec29b9b547eecb) Importer(815301076,1909f56bfc062723c751e8b465ee728b)
Start importing Assets/Models/Axe/512/Axe.mat using Guid(e160e24634a112543aec29b9b547eecb) Importer(815301076,1909f56bfc062723c751e8b465ee728b)  -> (artifact id: '4d74633539ca49a0ff39415f2ec50788') in 1.374821 seconds
  Import took 1.381521 seconds .

========================================================================
Received Import Request.
  Time since last request: 0.000358 seconds.
  path: Assets/Models/Book/book.3ds
  artifactKey: Guid(aa7bbf5787b6ff341bf3d1e2ce5efc0d) Importer(815301076,1909f56bfc062723c751e8b465ee728b)
Start importing Assets/Models/Book/book.3ds using Guid(aa7bbf5787b6ff341bf3d1e2ce5efc0d) Importer(815301076,1909f56bfc062723c751e8b465ee728b)  -> (artifact id: '29a217a3d23fa1efb34601f4e699f9a9') in 0.205909 seconds
  Import took 0.210876 seconds .

========================================================================
Received Import Request.
  Time since last request: 0.000380 seconds.
  path: Assets/Models/Book/book.obj
  artifactKey: Guid(7d6612e85b5d8174cba8bae42776a425) Importer(815301076,1909f56bfc062723c751e8b465ee728b)
Start importing Assets/Models/Book/book.obj using Guid(7d6612e85b5d8174cba8bae42776a425) Importer(815301076,1909f56bfc062723c751e8b465ee728b)  -> (artifact id: '1048411e10053ec57e3094463e8221cb') in 0.147320 seconds
  Import took 0.152217 seconds .

========================================================================
Received Import Request.
  Time since last request: 0.000369 seconds.
  path: Assets/Models/Book/book.fbx
  artifactKey: Guid(0c5b2d77f03c50f49b608e9527145b68) Importer(815301076,1909f56bfc062723c751e8b465ee728b)
Start importing Assets/Models/Book/book.fbx using Guid(0c5b2d77f03c50f49b608e9527145b68) Importer(815301076,1909f56bfc062723c751e8b465ee728b)  -> (artifact id: '480ea9505b9e3c60fc76b5e468102749') in 0.085006 seconds
  Import took 0.089719 seconds .

========================================================================
Received Import Request.
  Time since last request: 0.000368 seconds.
  path: Assets/Models/Book/Book.mat
  artifactKey: Guid(f45e773fd1a98b142884eef8bd2bfad8) Importer(815301076,1909f56bfc062723c751e8b465ee728b)
Start importing Assets/Models/Book/Book.mat using Guid(f45e773fd1a98b142884eef8bd2bfad8) Importer(815301076,1909f56bfc062723c751e8b465ee728b)  -> (artifact id: 'cc0ce2948bf7f485ee334e952f83bbf0') in 0.067525 seconds
  Import took 0.073019 seconds .

========================================================================
Received Import Request.
  Time since last request: 1.016622 seconds.
  path: Assets/Darth_Artisan/Free_Trees/Meshes/Materials/Free_Tree.mat
  artifactKey: Guid(af65c0942482e46aeb256506726ff0f7) Importer(815301076,1909f56bfc062723c751e8b465ee728b)
Start importing Assets/Darth_Artisan/Free_Trees/Meshes/Materials/Free_Tree.mat using Guid(af65c0942482e46aeb256506726ff0f7) Importer(815301076,1909f56bfc062723c751e8b465ee728b)  -> (artifact id: '9f5e6ee7de05254b1cd3db286142e210') in 0.060166 seconds
  Import took 0.067318 seconds .

========================================================================
Received Import Request.
  Time since last request: 0.003005 seconds.
  path: Assets/Darth_Artisan/Free_Trees/Meshes/Materials/Free_Tree.mat
  artifactKey: Guid(af65c0942482e46aeb256506726ff0f7) Importer(815301076,1909f56bfc062723c751e8b465ee728b)
Start importing Assets/Darth_Artisan/Free_Trees/Meshes/Materials/Free_Tree.mat using Guid(af65c0942482e46aeb256506726ff0f7) Importer(815301076,1909f56bfc062723c751e8b465ee728b)  -> (artifact id: '9f5e6ee7de05254b1cd3db286142e210') in 0.022963 seconds
  Import took 0.029258 seconds .

========================================================================
Received Import Request.
  Time since last request: 100.115411 seconds.
  path: Assets/Models/musicNoteSprite.png
  artifactKey: Guid(40b6cc8f18122054dbe4f5542223244e) Importer(815301076,1909f56bfc062723c751e8b465ee728b)
Start importing Assets/Models/musicNoteSprite.png using Guid(40b6cc8f18122054dbe4f5542223244e) Importer(815301076,1909f56bfc062723c751e8b465ee728b)  -> (artifact id: 'd6055a4fd7a990c4108c4e3f5a46b28d') in 0.507506 seconds
  Import took 0.516355 seconds .

========================================================================
Received Import Request.
  Time since last request: 0.002052 seconds.
  path: Assets/Models/musicNoteSprite.png
  artifactKey: Guid(40b6cc8f18122054dbe4f5542223244e) Importer(815301076,1909f56bfc062723c751e8b465ee728b)
Start importing Assets/Models/musicNoteSprite.png using Guid(40b6cc8f18122054dbe4f5542223244e) Importer(815301076,1909f56bfc062723c751e8b465ee728b)  -> (artifact id: 'd6055a4fd7a990c4108c4e3f5a46b28d') in 0.013063 seconds
  Import took 0.019620 seconds .

========================================================================
Received Prepare
Registering precompiled user dll's ...
Registered in 0.002058 seconds.
Begin MonoManager ReloadAssembly
Native extension for WindowsStandalone target not found
Native extension for WebGL target not found
Refreshing native plugins compatible for Editor in 0.51 ms, found 0 plugins.
Preloading 0 native plugins for Editor in 0.00 ms.
Invoked RoslynAnalysisRunner static constructor.
RoslynAnalysisRunner will not be running.
RoslynAnalysisRunner has terminated.
Mono: successfully reloaded assembly
- Completed reload, in  1.060 seconds
Platform modules already initialized, skipping
Shader 'Universal Render Pipeline/Particles/Lit': fallback shader 'Universal Render Pipeline/Particles/SimpleLit' not found
Shader 'Universal Render Pipeline/Particles/Lit': fallback shader 'Universal Render Pipeline/Particles/SimpleLit' not found
Refreshing native plugins compatible for Editor in 3.51 ms, found 0 plugins.
Preloading 0 native plugins for Editor in 0.00 ms.
Unloading 2892 Unused Serialized files (Serialized files now loaded: 0)
System memory in use before: 141.7 MB.
System memory in use after: 139.9 MB.

Unloading 34 unused Assets to reduce memory usage. Loaded Objects now: 3512.
Total: 6.669600 ms (FindLiveObjects: 0.465400 ms CreateObjectMapping: 0.205400 ms MarkObjects: 3.286200 ms  DeleteObjects: 2.710400 ms)

AssetImportWorkerClient::OnTransportError - code=2 error=End of file
