Using pre-set license
Built from '2020.3/staging' branch; Version is '2020.3.0f1 (c7b5465681fb) revision 13088070'; Using compiler version '192528614'; Build Type 'Release'
OS: 'Windows 10 Home; OS build 18363.1440; Version 1909; 64bit' Language: 'en' Physical Memory: 16249 MB
BatchMode: 1, IsHumanControllingUs: 0, StartBugReporterOnCrash: 0, Is64bit: 1, IsPro: 0

 COMMAND LINE ARGUMENTS:
D:\Unity\Versions\2020.3.0f1\Editor\Unity.exe
-adb2
-batchMode
-noUpm
-name
AssetImportWorker0
-projectPath
D:/Unity/Projects/Yellowjackets/Yellowjackets Game
-logFile
Logs/AssetImportWorker0.log
-srvPort
56019
Successfully changed project path to: D:/Unity/Projects/Yellowjackets/Yellowjackets Game
D:/Unity/Projects/Yellowjackets/Yellowjackets Game
Using Asset Import Pipeline V2.
Refreshing native plugins compatible for Editor in 64.81 ms, found 0 plugins.
Preloading 0 native plugins for Editor in 0.00 ms.
Initialize engine version: 2020.3.0f1 (c7b5465681fb)
[Subsystems] Discovering subsystems at path D:/Unity/Versions/2020.3.0f1/Editor/Data/Resources/UnitySubsystems
[Subsystems] Discovering subsystems at path D:/Unity/Projects/Yellowjackets/Yellowjackets Game/Assets
GfxDevice: creating device client; threaded=0
Direct3D:
    Version:  Direct3D 11.0 [level 11.1]
    Renderer: NVIDIA GeForce GTX 1050 Ti (ID=0x1c8c)
    Vendor:   
    VRAM:     4021 MB
    Driver:   27.21.14.6079
Initialize mono
Mono path[0] = 'D:/Unity/Versions/2020.3.0f1/Editor/Data/Managed'
Mono path[1] = 'D:/Unity/Versions/2020.3.0f1/Editor/Data/MonoBleedingEdge/lib/mono/unityjit'
Mono config path = 'D:/Unity/Versions/2020.3.0f1/Editor/Data/MonoBleedingEdge/etc'
Using monoOptions --debugger-agent=transport=dt_socket,embedding=1,server=y,suspend=n,address=127.0.0.1:56040
Begin MonoManager ReloadAssembly
Registering precompiled unity dll's ...
Register platform support module: D:/Unity/Versions/2020.3.0f1/Editor/Data/PlaybackEngines/WebGLSupport/UnityEditor.WebGL.Extensions.dll
Register platform support module: D:/Unity/Versions/2020.3.0f1/Editor/Data/PlaybackEngines/WindowsStandaloneSupport/UnityEditor.WindowsStandalone.Extensions.dll
Registered in 0.006199 seconds.
Native extension for WindowsStandalone target not found
Native extension for WebGL target not found
Refreshing native plugins compatible for Editor in 58.76 ms, found 0 plugins.
Preloading 0 native plugins for Editor in 0.00 ms.
Invoked RoslynAnalysisRunner static constructor.
RoslynAnalysisRunner will not be running.
RoslynAnalysisRunner has terminated.
Mono: successfully reloaded assembly
- Completed reload, in  1.795 seconds
Platform modules already initialized, skipping
Registering precompiled user dll's ...
Registered in 0.003241 seconds.
Begin MonoManager ReloadAssembly
Native extension for WindowsStandalone target not found
Native extension for WebGL target not found
Refreshing native plugins compatible for Editor in 64.14 ms, found 0 plugins.
Preloading 0 native plugins for Editor in 0.00 ms.
Invoked RoslynAnalysisRunner static constructor.
RoslynAnalysisRunner will not be running.
RoslynAnalysisRunner has terminated.
Mono: successfully reloaded assembly
- Completed reload, in  1.476 seconds
Platform modules already initialized, skipping
========================================================================
Worker process is ready to serve import requests
Shader 'Universal Render Pipeline/Particles/Lit': fallback shader 'Universal Render Pipeline/Particles/SimpleLit' not found
Shader 'Universal Render Pipeline/Particles/Lit': fallback shader 'Universal Render Pipeline/Particles/SimpleLit' not found
Launched and connected shader compiler UnityShaderCompiler.exe after 0.15 seconds
Refreshing native plugins compatible for Editor in 0.58 ms, found 0 plugins.
Preloading 0 native plugins for Editor in 0.00 ms.
Unloading 2974 Unused Serialized files (Serialized files now loaded: 0)
System memory in use before: 136.3 MB.
System memory in use after: 134.5 MB.

Unloading 39 unused Assets to reduce memory usage. Loaded Objects now: 3409.
Total: 5.526800 ms (FindLiveObjects: 0.800500 ms CreateObjectMapping: 0.226000 ms MarkObjects: 2.883700 ms  DeleteObjects: 1.613100 ms)

========================================================================
Received Import Request.
  path: Assets/Prefabs/Player.prefab
  artifactKey: Guid(0cd7731b423f56242b3af6e760898fe3) Importer(815301076,1909f56bfc062723c751e8b465ee728b)
Start importing Assets/Prefabs/Player.prefab using Guid(0cd7731b423f56242b3af6e760898fe3) Importer(815301076,1909f56bfc062723c751e8b465ee728b)  -> (artifact id: '28db71d78e76faba72372c829c951874') in 0.382352 seconds
  Import took 0.389128 seconds .

========================================================================
Received Prepare
Registering precompiled user dll's ...
Registered in 0.002981 seconds.
Begin MonoManager ReloadAssembly
Native extension for WindowsStandalone target not found
Native extension for WebGL target not found
Refreshing native plugins compatible for Editor in 0.58 ms, found 0 plugins.
Preloading 0 native plugins for Editor in 0.00 ms.
Invoked RoslynAnalysisRunner static constructor.
RoslynAnalysisRunner will not be running.
RoslynAnalysisRunner has terminated.
Mono: successfully reloaded assembly
- Completed reload, in  1.240 seconds
Platform modules already initialized, skipping
Shader 'Universal Render Pipeline/Particles/Lit': fallback shader 'Universal Render Pipeline/Particles/SimpleLit' not found
Shader 'Universal Render Pipeline/Particles/Lit': fallback shader 'Universal Render Pipeline/Particles/SimpleLit' not found
Refreshing native plugins compatible for Editor in 0.54 ms, found 0 plugins.
Preloading 0 native plugins for Editor in 0.00 ms.
Unloading 2884 Unused Serialized files (Serialized files now loaded: 0)
System memory in use before: 137.3 MB.
System memory in use after: 135.5 MB.

Unloading 35 unused Assets to reduce memory usage. Loaded Objects now: 3463.
Total: 4.233700 ms (FindLiveObjects: 0.354400 ms CreateObjectMapping: 0.182400 ms MarkObjects: 2.310900 ms  DeleteObjects: 1.384800 ms)

========================================================================
Received Prepare
Registering precompiled user dll's ...
Registered in 0.006073 seconds.
Begin MonoManager ReloadAssembly
Native extension for WindowsStandalone target not found
Native extension for WebGL target not found
Refreshing native plugins compatible for Editor in 0.59 ms, found 0 plugins.
Preloading 0 native plugins for Editor in 0.00 ms.
Invoked RoslynAnalysisRunner static constructor.
RoslynAnalysisRunner will not be running.
RoslynAnalysisRunner has terminated.
Mono: successfully reloaded assembly
- Completed reload, in  1.893 seconds
Platform modules already initialized, skipping
Shader 'Universal Render Pipeline/Particles/Lit': fallback shader 'Universal Render Pipeline/Particles/SimpleLit' not found
Shader 'Universal Render Pipeline/Particles/Lit': fallback shader 'Universal Render Pipeline/Particles/SimpleLit' not found
Refreshing native plugins compatible for Editor in 0.71 ms, found 0 plugins.
Preloading 0 native plugins for Editor in 0.00 ms.
Unloading 2884 Unused Serialized files (Serialized files now loaded: 0)
System memory in use before: 137.3 MB.
System memory in use after: 135.6 MB.

Unloading 34 unused Assets to reduce memory usage. Loaded Objects now: 3466.
Total: 8.696000 ms (FindLiveObjects: 0.886900 ms CreateObjectMapping: 0.441700 ms MarkObjects: 4.901100 ms  DeleteObjects: 2.463000 ms)

========================================================================
Received Prepare
Registering precompiled user dll's ...
Registered in 0.004480 seconds.
Begin MonoManager ReloadAssembly
Native extension for WindowsStandalone target not found
Native extension for WebGL target not found
Refreshing native plugins compatible for Editor in 0.71 ms, found 0 plugins.
Preloading 0 native plugins for Editor in 0.00 ms.
Invoked RoslynAnalysisRunner static constructor.
RoslynAnalysisRunner will not be running.
RoslynAnalysisRunner has terminated.
Mono: successfully reloaded assembly
- Completed reload, in  1.883 seconds
Platform modules already initialized, skipping
Shader 'Universal Render Pipeline/Particles/Lit': fallback shader 'Universal Render Pipeline/Particles/SimpleLit' not found
Shader 'Universal Render Pipeline/Particles/Lit': fallback shader 'Universal Render Pipeline/Particles/SimpleLit' not found
Refreshing native plugins compatible for Editor in 0.63 ms, found 0 plugins.
Preloading 0 native plugins for Editor in 0.00 ms.
Unloading 2884 Unused Serialized files (Serialized files now loaded: 0)
System memory in use before: 137.3 MB.
System memory in use after: 135.6 MB.

Unloading 34 unused Assets to reduce memory usage. Loaded Objects now: 3469.
Total: 10.891200 ms (FindLiveObjects: 2.622500 ms CreateObjectMapping: 1.068200 ms MarkObjects: 4.941300 ms  DeleteObjects: 2.255400 ms)

========================================================================
Received Import Request.
  Time since last request: 994.408003 seconds.
  path: Assets/Prefabs/ItemPickups/Saxophone.prefab
  artifactKey: Guid(303e4be814096a64183e2b118c78ceba) Importer(815301076,1909f56bfc062723c751e8b465ee728b)
Start importing Assets/Prefabs/ItemPickups/Saxophone.prefab using Guid(303e4be814096a64183e2b118c78ceba) Importer(815301076,1909f56bfc062723c751e8b465ee728b)  -> (artifact id: '848ec9401e93d1aa00b62de8c91b7900') in 0.231995 seconds
  Import took 0.239671 seconds .

========================================================================
Received Import Request.
  Time since last request: 0.000382 seconds.
  path: Assets/Prefabs/ItemPickups/Wasabee.prefab
  artifactKey: Guid(13291ab1ba44fc046a4822d8a885770c) Importer(815301076,1909f56bfc062723c751e8b465ee728b)
Start importing Assets/Prefabs/ItemPickups/Wasabee.prefab using Guid(13291ab1ba44fc046a4822d8a885770c) Importer(815301076,1909f56bfc062723c751e8b465ee728b)  -> (artifact id: '03c28f6d31a090bc8ca85de57217e492') in 0.025799 seconds
  Import took 0.033544 seconds .

========================================================================
Received Import Request.
  Time since last request: 0.000374 seconds.
  path: Assets/Prefabs/ItemPickups/Saxophone.prefab
  artifactKey: Guid(303e4be814096a64183e2b118c78ceba) Importer(815301076,1909f56bfc062723c751e8b465ee728b)
Start importing Assets/Prefabs/ItemPickups/Saxophone.prefab using Guid(303e4be814096a64183e2b118c78ceba) Importer(815301076,1909f56bfc062723c751e8b465ee728b)  -> (artifact id: '848ec9401e93d1aa00b62de8c91b7900') in 0.081794 seconds
  Import took 0.091735 seconds .

========================================================================
Received Import Request.
  Time since last request: 54.670683 seconds.
  path: Assets/Animations
  artifactKey: Guid(99d2ebdf7a3e0b6409a4bb5c577ac986) Importer(815301076,1909f56bfc062723c751e8b465ee728b)
Start importing Assets/Animations using Guid(99d2ebdf7a3e0b6409a4bb5c577ac986) Importer(815301076,1909f56bfc062723c751e8b465ee728b)  -> (artifact id: '501012006b2a7275616d733c77993789') in 0.013242 seconds
  Import took 0.024904 seconds .

========================================================================
Received Import Request.
  Time since last request: 0.018803 seconds.
  path: Assets/Animations
  artifactKey: Guid(99d2ebdf7a3e0b6409a4bb5c577ac986) Importer(815301076,1909f56bfc062723c751e8b465ee728b)
Start importing Assets/Animations using Guid(99d2ebdf7a3e0b6409a4bb5c577ac986) Importer(815301076,1909f56bfc062723c751e8b465ee728b)  -> (artifact id: '501012006b2a7275616d733c77993789') in 0.008585 seconds
  Import took 0.020912 seconds .

========================================================================
Received Import Request.
  Time since last request: 33.256551 seconds.
  path: Assets/Models/lowpoly_shurikens
  artifactKey: Guid(c1e8cf43ad57df94e8a1001c9a0b3cd5) Importer(815301076,1909f56bfc062723c751e8b465ee728b)
Start importing Assets/Models/lowpoly_shurikens using Guid(c1e8cf43ad57df94e8a1001c9a0b3cd5) Importer(815301076,1909f56bfc062723c751e8b465ee728b)  -> (artifact id: 'eb0cbccf429a83c14ddbd4a8710497e5') in 0.017602 seconds
  Import took 0.025417 seconds .

========================================================================
Received Import Request.
  Time since last request: 0.044375 seconds.
  path: Assets/Models/lowpoly_shurikens/LowPoly_Shurikens.png
  artifactKey: Guid(942985eff2968d543aa97be97f81ce96) Importer(815301076,1909f56bfc062723c751e8b465ee728b)
Start importing Assets/Models/lowpoly_shurikens/LowPoly_Shurikens.png using Guid(942985eff2968d543aa97be97f81ce96) Importer(815301076,1909f56bfc062723c751e8b465ee728b)  -> (artifact id: '3fed72de0beabf78ac4e1ed76fda4d17') in 0.162232 seconds
  Import took 0.170830 seconds .

========================================================================
Received Import Request.
  Time since last request: 2.932926 seconds.
  path: Assets/Models/quarantink-challenge-day-30-anything
  artifactKey: Guid(9da4f34cf943ee044891ccd89eef5f51) Importer(815301076,1909f56bfc062723c751e8b465ee728b)
Start importing Assets/Models/quarantink-challenge-day-30-anything using Guid(9da4f34cf943ee044891ccd89eef5f51) Importer(815301076,1909f56bfc062723c751e8b465ee728b)  -> (artifact id: 'e21ce6721cec7bcd98cc6472485bc845') in 0.013807 seconds
  Import took 0.019689 seconds .

========================================================================
Received Import Request.
  Time since last request: 1.691455 seconds.
  path: Assets/Models/quarantink-challenge-day-30-anything/source
  artifactKey: Guid(bf7cf07b1db2765459c06102b57769f3) Importer(815301076,1909f56bfc062723c751e8b465ee728b)
Start importing Assets/Models/quarantink-challenge-day-30-anything/source using Guid(bf7cf07b1db2765459c06102b57769f3) Importer(815301076,1909f56bfc062723c751e8b465ee728b)  -> (artifact id: '9e41b3c0ad3a16ba96e99179ce2e00ae') in 0.013849 seconds
  Import took 0.022765 seconds .

========================================================================
Received Import Request.
  Time since last request: 1.062819 seconds.
  path: Assets/Models/quarantink-challenge-day-30-anything/source/qink_30_barmi
  artifactKey: Guid(ce055953de616de4181152653cb3ee23) Importer(815301076,1909f56bfc062723c751e8b465ee728b)
Start importing Assets/Models/quarantink-challenge-day-30-anything/source/qink_30_barmi using Guid(ce055953de616de4181152653cb3ee23) Importer(815301076,1909f56bfc062723c751e8b465ee728b)  -> (artifact id: 'f1036a3d83d00c7753d6c5a568678301') in 0.010890 seconds
  Import took 0.018970 seconds .

========================================================================
Received Import Request.
  Time since last request: 581.245702 seconds.
  path: Assets/Models/wine-bottlegarafa-de-vinho
  artifactKey: Guid(a16e91b886753454aa876491863664be) Importer(815301076,1909f56bfc062723c751e8b465ee728b)
Start importing Assets/Models/wine-bottlegarafa-de-vinho using Guid(a16e91b886753454aa876491863664be) Importer(815301076,1909f56bfc062723c751e8b465ee728b)  -> (artifact id: 'a45a76f16f77474cf3af7a131dd0e7a3') in 0.060565 seconds
  Import took 0.071829 seconds .

========================================================================
Received Import Request.
  Time since last request: 1.061548 seconds.
  path: Assets/Models/wine-bottlegarafa-de-vinho/source
  artifactKey: Guid(527098cdab822ea4082d67ba7bf68085) Importer(815301076,1909f56bfc062723c751e8b465ee728b)
Start importing Assets/Models/wine-bottlegarafa-de-vinho/source using Guid(527098cdab822ea4082d67ba7bf68085) Importer(815301076,1909f56bfc062723c751e8b465ee728b)  -> (artifact id: 'e1daf7f705bac019a9f463507b63f791') in 0.006313 seconds
  Import took 0.016045 seconds .

========================================================================
Received Import Request.
  Time since last request: 378.681634 seconds.
  path: Assets/Scripts/Items
  artifactKey: Guid(8e75e0b15bc390e4f8d9d992055bdb80) Importer(815301076,1909f56bfc062723c751e8b465ee728b)
Start importing Assets/Scripts/Items using Guid(8e75e0b15bc390e4f8d9d992055bdb80) Importer(815301076,1909f56bfc062723c751e8b465ee728b)  -> (artifact id: '7971d3527e40df664c559ae8eb065c48') in 0.014286 seconds
  Import took 0.021683 seconds .

========================================================================
Received Import Request.
  Time since last request: 0.009083 seconds.
  path: Assets/Scripts/Items
  artifactKey: Guid(8e75e0b15bc390e4f8d9d992055bdb80) Importer(815301076,1909f56bfc062723c751e8b465ee728b)
Start importing Assets/Scripts/Items using Guid(8e75e0b15bc390e4f8d9d992055bdb80) Importer(815301076,1909f56bfc062723c751e8b465ee728b)  -> (artifact id: '7971d3527e40df664c559ae8eb065c48') in 0.005001 seconds
  Import took 0.014444 seconds .

========================================================================
Received Import Request.
  Time since last request: 12.315456 seconds.
  path: Assets/Scripts/Items/Saxophone.cs
  artifactKey: Guid(2e5f0a2a62fb9f4448f2fe4a58763d3c) Importer(815301076,1909f56bfc062723c751e8b465ee728b)
Start importing Assets/Scripts/Items/Saxophone.cs using Guid(2e5f0a2a62fb9f4448f2fe4a58763d3c) Importer(815301076,1909f56bfc062723c751e8b465ee728b)  -> (artifact id: '72e952f1f9860374d64d7c80e0bef100') in 0.029252 seconds
  Import took 0.036537 seconds .

========================================================================
Received Import Request.
  Time since last request: 0.009234 seconds.
  path: Assets/Scripts/Items/Saxophone.cs
  artifactKey: Guid(2e5f0a2a62fb9f4448f2fe4a58763d3c) Importer(815301076,1909f56bfc062723c751e8b465ee728b)
Start importing Assets/Scripts/Items/Saxophone.cs using Guid(2e5f0a2a62fb9f4448f2fe4a58763d3c) Importer(815301076,1909f56bfc062723c751e8b465ee728b)  -> (artifact id: '72e952f1f9860374d64d7c80e0bef100') in 0.006456 seconds
  Import took 0.016175 seconds .

========================================================================
Received Prepare
Registering precompiled user dll's ...
Registered in 0.003249 seconds.
Begin MonoManager ReloadAssembly
Native extension for WindowsStandalone target not found
Native extension for WebGL target not found
Refreshing native plugins compatible for Editor in 0.59 ms, found 0 plugins.
Preloading 0 native plugins for Editor in 0.00 ms.
Invoked RoslynAnalysisRunner static constructor.
RoslynAnalysisRunner will not be running.
RoslynAnalysisRunner has terminated.
Mono: successfully reloaded assembly
- Completed reload, in  1.293 seconds
Platform modules already initialized, skipping
Shader 'Universal Render Pipeline/Particles/Lit': fallback shader 'Universal Render Pipeline/Particles/SimpleLit' not found
Shader 'Universal Render Pipeline/Particles/Lit': fallback shader 'Universal Render Pipeline/Particles/SimpleLit' not found
Refreshing native plugins compatible for Editor in 0.98 ms, found 0 plugins.
Preloading 0 native plugins for Editor in 0.00 ms.
Unloading 2885 Unused Serialized files (Serialized files now loaded: 0)
System memory in use before: 137.6 MB.
System memory in use after: 135.8 MB.

Unloading 34 unused Assets to reduce memory usage. Loaded Objects now: 3511.
Total: 6.759500 ms (FindLiveObjects: 0.746500 ms CreateObjectMapping: 0.283400 ms MarkObjects: 4.094200 ms  DeleteObjects: 1.633400 ms)

========================================================================
Received Import Request.
  Time since last request: 401.475822 seconds.
  path: Assets/Models/musicNoteSprite.png
  artifactKey: Guid(40b6cc8f18122054dbe4f5542223244e) Importer(815301076,1909f56bfc062723c751e8b465ee728b)
Start importing Assets/Models/musicNoteSprite.png using Guid(40b6cc8f18122054dbe4f5542223244e) Importer(815301076,1909f56bfc062723c751e8b465ee728b)  -> (artifact id: 'f23aa11abb700dd88855c3c66ae46d77') in 0.079912 seconds
  Import took 0.090031 seconds .

========================================================================
Received Import Request.
  Time since last request: 5.206815 seconds.
  path: Assets/Models/musicNoteSprite.png
  artifactKey: Guid(40b6cc8f18122054dbe4f5542223244e) Importer(815301076,1909f56bfc062723c751e8b465ee728b)
Start importing Assets/Models/musicNoteSprite.png using Guid(40b6cc8f18122054dbe4f5542223244e) Importer(815301076,1909f56bfc062723c751e8b465ee728b)  -> (artifact id: 'a28c1f5fc0c7fc8ca0d1ebdec7c3762f') in 0.015759 seconds
  Import took 0.024625 seconds .

========================================================================
Received Import Request.
  Time since last request: 0.820942 seconds.
  path: Assets/Models/musicNoteSprite.png
  artifactKey: Guid(40b6cc8f18122054dbe4f5542223244e) Importer(815301076,1909f56bfc062723c751e8b465ee728b)
Start importing Assets/Models/musicNoteSprite.png using Guid(40b6cc8f18122054dbe4f5542223244e) Importer(815301076,1909f56bfc062723c751e8b465ee728b)  -> (artifact id: 'a28c1f5fc0c7fc8ca0d1ebdec7c3762f') in 0.012245 seconds
  Import took 0.018577 seconds .

========================================================================
Received Import Request.
  Time since last request: 50.893499 seconds.
  path: Assets/Models/musicNoteSprite.png
  artifactKey: Guid(40b6cc8f18122054dbe4f5542223244e) Importer(815301076,1909f56bfc062723c751e8b465ee728b)
Start importing Assets/Models/musicNoteSprite.png using Guid(40b6cc8f18122054dbe4f5542223244e) Importer(815301076,1909f56bfc062723c751e8b465ee728b)  -> (artifact id: '41d26e981eeb6ddbe3c6c8d8ee5d7208') in 0.380827 seconds
  Import took 0.387726 seconds .

========================================================================
Received Prepare
Registering precompiled user dll's ...
Registered in 0.003003 seconds.
Begin MonoManager ReloadAssembly
Native extension for WindowsStandalone target not found
Native extension for WebGL target not found
Refreshing native plugins compatible for Editor in 0.77 ms, found 0 plugins.
Preloading 0 native plugins for Editor in 0.00 ms.
Invoked RoslynAnalysisRunner static constructor.
RoslynAnalysisRunner will not be running.
RoslynAnalysisRunner has terminated.
Mono: successfully reloaded assembly
- Completed reload, in  1.341 seconds
Platform modules already initialized, skipping
Shader 'Universal Render Pipeline/Particles/Lit': fallback shader 'Universal Render Pipeline/Particles/SimpleLit' not found
Shader 'Universal Render Pipeline/Particles/Lit': fallback shader 'Universal Render Pipeline/Particles/SimpleLit' not found
Refreshing native plugins compatible for Editor in 0.50 ms, found 0 plugins.
Preloading 0 native plugins for Editor in 0.00 ms.
Unloading 2885 Unused Serialized files (Serialized files now loaded: 0)
System memory in use before: 137.6 MB.
System memory in use after: 135.8 MB.

Unloading 34 unused Assets to reduce memory usage. Loaded Objects now: 3516.
Total: 5.767400 ms (FindLiveObjects: 0.398500 ms CreateObjectMapping: 0.258000 ms MarkObjects: 3.304200 ms  DeleteObjects: 1.804800 ms)

========================================================================
Received Prepare
Registering precompiled user dll's ...
Registered in 0.006960 seconds.
Begin MonoManager ReloadAssembly
Native extension for WindowsStandalone target not found
Native extension for WebGL target not found
Refreshing native plugins compatible for Editor in 0.50 ms, found 0 plugins.
Preloading 0 native plugins for Editor in 0.00 ms.
Invoked RoslynAnalysisRunner static constructor.
RoslynAnalysisRunner will not be running.
RoslynAnalysisRunner has terminated.
Mono: successfully reloaded assembly
- Completed reload, in  1.319 seconds
Platform modules already initialized, skipping
Shader 'Universal Render Pipeline/Particles/Lit': fallback shader 'Universal Render Pipeline/Particles/SimpleLit' not found
Shader 'Universal Render Pipeline/Particles/Lit': fallback shader 'Universal Render Pipeline/Particles/SimpleLit' not found
Refreshing native plugins compatible for Editor in 0.54 ms, found 0 plugins.
Preloading 0 native plugins for Editor in 0.00 ms.
Unloading 2885 Unused Serialized files (Serialized files now loaded: 0)
System memory in use before: 137.6 MB.
System memory in use after: 135.8 MB.

Unloading 34 unused Assets to reduce memory usage. Loaded Objects now: 3519.
Total: 5.165400 ms (FindLiveObjects: 0.614200 ms CreateObjectMapping: 0.290600 ms MarkObjects: 2.647900 ms  DeleteObjects: 1.607900 ms)

========================================================================
Received Import Request.
  Time since last request: 357.941815 seconds.
  path: Assets/Models/note.mat
  artifactKey: Guid(c844294b40ff6344baec97708d2cbd98) Importer(815301076,1909f56bfc062723c751e8b465ee728b)
Start importing Assets/Models/note.mat using Guid(c844294b40ff6344baec97708d2cbd98) Importer(815301076,1909f56bfc062723c751e8b465ee728b)  -> (artifact id: 'e01d41e7702dd965956697cc58d1351a') in 0.262236 seconds
  Import took 0.270582 seconds .

========================================================================
Received Import Request.
  Time since last request: 18.357540 seconds.
  path: Assets/Materials/Sprites/Bee_0000_Capa-1.png
  artifactKey: Guid(04f646e4ffe476d45ba8dd738f11deb8) Importer(815301076,1909f56bfc062723c751e8b465ee728b)
Start importing Assets/Materials/Sprites/Bee_0000_Capa-1.png using Guid(04f646e4ffe476d45ba8dd738f11deb8) Importer(815301076,1909f56bfc062723c751e8b465ee728b)  -> (artifact id: '0d8781473301e6592065500dda447dbf') in 0.068875 seconds
  Import took 0.076384 seconds .

========================================================================
Received Import Request.
  Time since last request: 0.001295 seconds.
  path: Assets/Models/Railgun/gausscannonnucleardrum.jpg
  artifactKey: Guid(f8c7122dc169a504eaad60fe3f63c8d9) Importer(815301076,1909f56bfc062723c751e8b465ee728b)
Start importing Assets/Models/Railgun/gausscannonnucleardrum.jpg using Guid(f8c7122dc169a504eaad60fe3f63c8d9) Importer(815301076,1909f56bfc062723c751e8b465ee728b)  -> (artifact id: 'debd473d164f954482131d551dd817c5') in 0.025400 seconds
  Import took 0.033733 seconds .

========================================================================
Received Import Request.
  Time since last request: 0.000522 seconds.
  path: Assets/Models/Railgun/gausscannonbarrel.jpg
  artifactKey: Guid(dcdb6eacb58cbad40a9308fe2e389227) Importer(815301076,1909f56bfc062723c751e8b465ee728b)
Start importing Assets/Models/Railgun/gausscannonbarrel.jpg using Guid(dcdb6eacb58cbad40a9308fe2e389227) Importer(815301076,1909f56bfc062723c751e8b465ee728b)  -> (artifact id: '7dd5f46269e4ab91e13a472d74252b18') in 0.042944 seconds
  Import took 0.049922 seconds .

========================================================================
Received Import Request.
  Time since last request: 0.000302 seconds.
  path: Assets/Materials/Sprites/Bee_0000_Capa-1.png
  artifactKey: Guid(04f646e4ffe476d45ba8dd738f11deb8) Importer(815301076,1909f56bfc062723c751e8b465ee728b)
Start importing Assets/Materials/Sprites/Bee_0000_Capa-1.png using Guid(04f646e4ffe476d45ba8dd738f11deb8) Importer(815301076,1909f56bfc062723c751e8b465ee728b)  -> (artifact id: '0d8781473301e6592065500dda447dbf') in 0.016217 seconds
  Import took 0.023155 seconds .

========================================================================
Received Import Request.
  Time since last request: 0.000289 seconds.
  path: Assets/Models/lowpoly_shurikens/Textures/Palette_Shuriken_21.png
  artifactKey: Guid(d6357da81f0359e4b85ab2d0943ac2d6) Importer(815301076,1909f56bfc062723c751e8b465ee728b)
Start importing Assets/Models/lowpoly_shurikens/Textures/Palette_Shuriken_21.png using Guid(d6357da81f0359e4b85ab2d0943ac2d6) Importer(815301076,1909f56bfc062723c751e8b465ee728b)  -> (artifact id: '8a04addcb13ab5b8c1551a568ce7cb51') in 0.042938 seconds
  Import took 0.049808 seconds .

========================================================================
Received Import Request.
  Time since last request: 0.000466 seconds.
  path: Assets/Models/Railgun/gausscannonbase.jpg
  artifactKey: Guid(924abdee0dd48364c82b4023618b4726) Importer(815301076,1909f56bfc062723c751e8b465ee728b)
Start importing Assets/Models/Railgun/gausscannonbase.jpg using Guid(924abdee0dd48364c82b4023618b4726) Importer(815301076,1909f56bfc062723c751e8b465ee728b)  -> (artifact id: 'fbcadffc0b0c3191dd4c0acf98941396') in 0.082692 seconds
  Import took 0.091881 seconds .

========================================================================
Received Import Request.
  Time since last request: 0.000544 seconds.
  path: Assets/Models/quarantink-challenge-day-30-anything/textures/internal_ground_ao_texture.jpeg
  artifactKey: Guid(3bd2eb94bf406084eb773710ab2c96cb) Importer(815301076,1909f56bfc062723c751e8b465ee728b)
Start importing Assets/Models/quarantink-challenge-day-30-anything/textures/internal_ground_ao_texture.jpeg using Guid(3bd2eb94bf406084eb773710ab2c96cb) Importer(815301076,1909f56bfc062723c751e8b465ee728b)  -> (artifact id: '3e243759b11d08914570d63fae0f2224') in 0.054640 seconds
  Import took 0.062014 seconds .

========================================================================
Received Import Request.
  Time since last request: 0.000498 seconds.
  path: Assets/Models/Railgun/gausscannonbase.jpg
  artifactKey: Guid(924abdee0dd48364c82b4023618b4726) Importer(815301076,1909f56bfc062723c751e8b465ee728b)
Start importing Assets/Models/Railgun/gausscannonbase.jpg using Guid(924abdee0dd48364c82b4023618b4726) Importer(815301076,1909f56bfc062723c751e8b465ee728b)  -> (artifact id: 'fbcadffc0b0c3191dd4c0acf98941396') in 0.037586 seconds
  Import took 0.045908 seconds .

========================================================================
Received Import Request.
  Time since last request: 0.000362 seconds.
  path: Assets/Models/Railgun/gausscannonnucleardrum_e.png
  artifactKey: Guid(d303bdd1238c4584db3894680f331f4b) Importer(815301076,1909f56bfc062723c751e8b465ee728b)
Start importing Assets/Models/Railgun/gausscannonnucleardrum_e.png using Guid(d303bdd1238c4584db3894680f331f4b) Importer(815301076,1909f56bfc062723c751e8b465ee728b)  -> (artifact id: 'e7082b98ef7379fbdc0d23fc528f3fda') in 0.021772 seconds
  Import took 0.028654 seconds .

========================================================================
Received Import Request.
  Time since last request: 0.000398 seconds.
  path: Assets/Models/Railgun/gausscannonbase_e.png
  artifactKey: Guid(8ebd2bbaeb39a7d48ab5640539209897) Importer(815301076,1909f56bfc062723c751e8b465ee728b)
Start importing Assets/Models/Railgun/gausscannonbase_e.png using Guid(8ebd2bbaeb39a7d48ab5640539209897) Importer(815301076,1909f56bfc062723c751e8b465ee728b)  -> (artifact id: '7688cf2e490b004a4aa7ea1f53515cd1') in 0.032044 seconds
  Import took 0.039468 seconds .

========================================================================
Received Import Request.
  Time since last request: 0.002768 seconds.
  path: Assets/Models/Railgun/gausscannonnucleardrum_e.png
  artifactKey: Guid(d303bdd1238c4584db3894680f331f4b) Importer(815301076,1909f56bfc062723c751e8b465ee728b)
Start importing Assets/Models/Railgun/gausscannonnucleardrum_e.png using Guid(d303bdd1238c4584db3894680f331f4b) Importer(815301076,1909f56bfc062723c751e8b465ee728b)  -> (artifact id: 'e7082b98ef7379fbdc0d23fc528f3fda') in 0.010980 seconds
  Import took 0.020535 seconds .

========================================================================
Received Import Request.
  Time since last request: 101.436373 seconds.
  path: Assets/Prefabs/Player.prefab
  artifactKey: Guid(0cd7731b423f56242b3af6e760898fe3) Importer(815301076,1909f56bfc062723c751e8b465ee728b)
Start importing Assets/Prefabs/Player.prefab using Guid(0cd7731b423f56242b3af6e760898fe3) Importer(815301076,1909f56bfc062723c751e8b465ee728b)  -> (artifact id: '8167e4e1c0832a3057852ffb54144112') in 0.084386 seconds
  Import took 0.092150 seconds .

========================================================================
Received Prepare
Registering precompiled user dll's ...
Registered in 0.004162 seconds.
Begin MonoManager ReloadAssembly
Native extension for WindowsStandalone target not found
Native extension for WebGL target not found
Refreshing native plugins compatible for Editor in 0.52 ms, found 0 plugins.
Preloading 0 native plugins for Editor in 0.00 ms.
Invoked RoslynAnalysisRunner static constructor.
RoslynAnalysisRunner will not be running.
RoslynAnalysisRunner has terminated.
Mono: successfully reloaded assembly
- Completed reload, in  1.270 seconds
Platform modules already initialized, skipping
Shader 'Universal Render Pipeline/Particles/Lit': fallback shader 'Universal Render Pipeline/Particles/SimpleLit' not found
Shader 'Universal Render Pipeline/Particles/Lit': fallback shader 'Universal Render Pipeline/Particles/SimpleLit' not found
Refreshing native plugins compatible for Editor in 0.57 ms, found 0 plugins.
Preloading 0 native plugins for Editor in 0.00 ms.
Unloading 2885 Unused Serialized files (Serialized files now loaded: 0)
System memory in use before: 138.0 MB.
System memory in use after: 136.2 MB.

Unloading 35 unused Assets to reduce memory usage. Loaded Objects now: 3591.
Total: 5.218900 ms (FindLiveObjects: 0.649700 ms CreateObjectMapping: 0.263500 ms MarkObjects: 2.487800 ms  DeleteObjects: 1.816400 ms)

========================================================================
Received Import Request.
  Time since last request: 137.453445 seconds.
  path: Assets/Prefabs/Player.prefab
  artifactKey: Guid(0cd7731b423f56242b3af6e760898fe3) Importer(815301076,1909f56bfc062723c751e8b465ee728b)
Start importing Assets/Prefabs/Player.prefab using Guid(0cd7731b423f56242b3af6e760898fe3) Importer(815301076,1909f56bfc062723c751e8b465ee728b)  -> (artifact id: '45fa995634ee579105b85ca8d56bed71') in 0.236332 seconds
  Import took 0.243902 seconds .

========================================================================
Received Prepare
Registering precompiled user dll's ...
Registered in 0.003158 seconds.
Begin MonoManager ReloadAssembly
Native extension for WindowsStandalone target not found
Native extension for WebGL target not found
Refreshing native plugins compatible for Editor in 0.53 ms, found 0 plugins.
Preloading 0 native plugins for Editor in 0.00 ms.
Invoked RoslynAnalysisRunner static constructor.
RoslynAnalysisRunner will not be running.
RoslynAnalysisRunner has terminated.
Mono: successfully reloaded assembly
- Completed reload, in  1.144 seconds
Platform modules already initialized, skipping
Shader 'Universal Render Pipeline/Particles/Lit': fallback shader 'Universal Render Pipeline/Particles/SimpleLit' not found
Shader 'Universal Render Pipeline/Particles/Lit': fallback shader 'Universal Render Pipeline/Particles/SimpleLit' not found
Refreshing native plugins compatible for Editor in 0.74 ms, found 0 plugins.
Preloading 0 native plugins for Editor in 0.00 ms.
Unloading 2885 Unused Serialized files (Serialized files now loaded: 0)
System memory in use before: 138.2 MB.
System memory in use after: 136.4 MB.

Unloading 35 unused Assets to reduce memory usage. Loaded Objects now: 3630.
Total: 4.409200 ms (FindLiveObjects: 0.394800 ms CreateObjectMapping: 0.190200 ms MarkObjects: 2.420100 ms  DeleteObjects: 1.402700 ms)

========================================================================
Received Prepare
Registering precompiled user dll's ...
Registered in 0.004716 seconds.
Begin MonoManager ReloadAssembly
Native extension for WindowsStandalone target not found
Native extension for WebGL target not found
Refreshing native plugins compatible for Editor in 0.65 ms, found 0 plugins.
Preloading 0 native plugins for Editor in 0.00 ms.
Invoked RoslynAnalysisRunner static constructor.
RoslynAnalysisRunner will not be running.
RoslynAnalysisRunner has terminated.
Mono: successfully reloaded assembly
- Completed reload, in  1.260 seconds
Platform modules already initialized, skipping
Shader 'Universal Render Pipeline/Particles/Lit': fallback shader 'Universal Render Pipeline/Particles/SimpleLit' not found
Shader 'Universal Render Pipeline/Particles/Lit': fallback shader 'Universal Render Pipeline/Particles/SimpleLit' not found
Refreshing native plugins compatible for Editor in 0.53 ms, found 0 plugins.
Preloading 0 native plugins for Editor in 0.00 ms.
Unloading 2885 Unused Serialized files (Serialized files now loaded: 0)
System memory in use before: 138.2 MB.
System memory in use after: 136.4 MB.

Unloading 34 unused Assets to reduce memory usage. Loaded Objects now: 3633.
Total: 4.642100 ms (FindLiveObjects: 0.388900 ms CreateObjectMapping: 0.244700 ms MarkObjects: 2.572200 ms  DeleteObjects: 1.434900 ms)

========================================================================
Received Prepare
Registering precompiled user dll's ...
Registered in 0.003442 seconds.
Begin MonoManager ReloadAssembly
Native extension for WindowsStandalone target not found
Native extension for WebGL target not found
Refreshing native plugins compatible for Editor in 0.54 ms, found 0 plugins.
Preloading 0 native plugins for Editor in 0.00 ms.
Invoked RoslynAnalysisRunner static constructor.
RoslynAnalysisRunner will not be running.
RoslynAnalysisRunner has terminated.
Mono: successfully reloaded assembly
- Completed reload, in  1.174 seconds
Platform modules already initialized, skipping
Shader 'Universal Render Pipeline/Particles/Lit': fallback shader 'Universal Render Pipeline/Particles/SimpleLit' not found
Shader 'Universal Render Pipeline/Particles/Lit': fallback shader 'Universal Render Pipeline/Particles/SimpleLit' not found
Refreshing native plugins compatible for Editor in 0.69 ms, found 0 plugins.
Preloading 0 native plugins for Editor in 0.00 ms.
Unloading 2885 Unused Serialized files (Serialized files now loaded: 0)
System memory in use before: 138.2 MB.
System memory in use after: 136.4 MB.

Unloading 34 unused Assets to reduce memory usage. Loaded Objects now: 3636.
Total: 7.010200 ms (FindLiveObjects: 0.572800 ms CreateObjectMapping: 0.464300 ms MarkObjects: 3.776400 ms  DeleteObjects: 2.194900 ms)

========================================================================
Received Import Request.
  Time since last request: 170.774844 seconds.
  path: Assets/Prefabs/Player.prefab
  artifactKey: Guid(0cd7731b423f56242b3af6e760898fe3) Importer(815301076,1909f56bfc062723c751e8b465ee728b)
Start importing Assets/Prefabs/Player.prefab using Guid(0cd7731b423f56242b3af6e760898fe3) Importer(815301076,1909f56bfc062723c751e8b465ee728b)  -> (artifact id: '7cf99dbd90a81fcd529a79cefece6bd4') in 0.221539 seconds
  Import took 0.230285 seconds .

========================================================================
Received Prepare
Registering precompiled user dll's ...
Registered in 0.003576 seconds.
Begin MonoManager ReloadAssembly
Native extension for WindowsStandalone target not found
Native extension for WebGL target not found
Refreshing native plugins compatible for Editor in 0.52 ms, found 0 plugins.
Preloading 0 native plugins for Editor in 0.00 ms.
Invoked RoslynAnalysisRunner static constructor.
RoslynAnalysisRunner will not be running.
RoslynAnalysisRunner has terminated.
Mono: successfully reloaded assembly
- Completed reload, in  1.454 seconds
Platform modules already initialized, skipping
Shader 'Universal Render Pipeline/Particles/Lit': fallback shader 'Universal Render Pipeline/Particles/SimpleLit' not found
Shader 'Universal Render Pipeline/Particles/Lit': fallback shader 'Universal Render Pipeline/Particles/SimpleLit' not found
Refreshing native plugins compatible for Editor in 0.53 ms, found 0 plugins.
Preloading 0 native plugins for Editor in 0.00 ms.
Unloading 2885 Unused Serialized files (Serialized files now loaded: 0)
System memory in use before: 138.3 MB.
System memory in use after: 136.5 MB.

Unloading 35 unused Assets to reduce memory usage. Loaded Objects now: 3675.
Total: 4.581500 ms (FindLiveObjects: 0.398600 ms CreateObjectMapping: 0.257200 ms MarkObjects: 2.431400 ms  DeleteObjects: 1.492600 ms)

========================================================================
Received Import Request.
  Time since last request: 65.757340 seconds.
  path: Assets/Models/note.mat
  artifactKey: Guid(c844294b40ff6344baec97708d2cbd98) Importer(815301076,1909f56bfc062723c751e8b465ee728b)
Start importing Assets/Models/note.mat using Guid(c844294b40ff6344baec97708d2cbd98) Importer(815301076,1909f56bfc062723c751e8b465ee728b)  -> (artifact id: '5cd2d6308fc5a743970c61871e0bc5f1') in 0.172907 seconds
  Import took 0.178220 seconds .

========================================================================
Received Prepare
Registering precompiled user dll's ...
Registered in 0.003348 seconds.
Begin MonoManager ReloadAssembly
Native extension for WindowsStandalone target not found
Native extension for WebGL target not found
Refreshing native plugins compatible for Editor in 0.91 ms, found 0 plugins.
Preloading 0 native plugins for Editor in 0.00 ms.
Invoked RoslynAnalysisRunner static constructor.
RoslynAnalysisRunner will not be running.
RoslynAnalysisRunner has terminated.
Mono: successfully reloaded assembly
- Completed reload, in  1.172 seconds
Platform modules already initialized, skipping
Shader 'Universal Render Pipeline/Particles/Lit': fallback shader 'Universal Render Pipeline/Particles/SimpleLit' not found
Shader 'Universal Render Pipeline/Particles/Lit': fallback shader 'Universal Render Pipeline/Particles/SimpleLit' not found
Refreshing native plugins compatible for Editor in 0.56 ms, found 0 plugins.
Preloading 0 native plugins for Editor in 0.00 ms.
Unloading 2885 Unused Serialized files (Serialized files now loaded: 0)
System memory in use before: 138.4 MB.
System memory in use after: 136.6 MB.

Unloading 34 unused Assets to reduce memory usage. Loaded Objects now: 3714.
Total: 6.181600 ms (FindLiveObjects: 0.599500 ms CreateObjectMapping: 0.477900 ms MarkObjects: 2.782800 ms  DeleteObjects: 2.319800 ms)

========================================================================
Received Prepare
Registering precompiled user dll's ...
Registered in 0.003172 seconds.
Begin MonoManager ReloadAssembly
Native extension for WindowsStandalone target not found
Native extension for WebGL target not found
Refreshing native plugins compatible for Editor in 0.71 ms, found 0 plugins.
Preloading 0 native plugins for Editor in 0.00 ms.
Invoked RoslynAnalysisRunner static constructor.
RoslynAnalysisRunner will not be running.
RoslynAnalysisRunner has terminated.
Mono: successfully reloaded assembly
- Completed reload, in  1.169 seconds
Platform modules already initialized, skipping
Shader 'Universal Render Pipeline/Particles/Lit': fallback shader 'Universal Render Pipeline/Particles/SimpleLit' not found
Shader 'Universal Render Pipeline/Particles/Lit': fallback shader 'Universal Render Pipeline/Particles/SimpleLit' not found
Refreshing native plugins compatible for Editor in 0.78 ms, found 0 plugins.
Preloading 0 native plugins for Editor in 0.00 ms.
Unloading 2885 Unused Serialized files (Serialized files now loaded: 0)
System memory in use before: 138.4 MB.
System memory in use after: 136.6 MB.

Unloading 34 unused Assets to reduce memory usage. Loaded Objects now: 3717.
Total: 5.201300 ms (FindLiveObjects: 0.606100 ms CreateObjectMapping: 0.329900 ms MarkObjects: 2.556700 ms  DeleteObjects: 1.707000 ms)

========================================================================
Received Import Request.
  Time since last request: 1050.973740 seconds.
  path: Assets/Scripts/Shop/ShopManager.cs
  artifactKey: Guid(0d988b938b378a540b3189b3228b7bf2) Importer(815301076,1909f56bfc062723c751e8b465ee728b)
Start importing Assets/Scripts/Shop/ShopManager.cs using Guid(0d988b938b378a540b3189b3228b7bf2) Importer(815301076,1909f56bfc062723c751e8b465ee728b)  -> (artifact id: '56879bf1f79d8a00a140b6bc35315ca0') in 0.014954 seconds
  Import took 0.021631 seconds .

========================================================================
Received Import Request.
  Time since last request: 0.003997 seconds.
  path: Assets/Scripts/Shop/ShopManager.cs
  artifactKey: Guid(0d988b938b378a540b3189b3228b7bf2) Importer(815301076,1909f56bfc062723c751e8b465ee728b)
Start importing Assets/Scripts/Shop/ShopManager.cs using Guid(0d988b938b378a540b3189b3228b7bf2) Importer(815301076,1909f56bfc062723c751e8b465ee728b)  -> (artifact id: '56879bf1f79d8a00a140b6bc35315ca0') in 0.004436 seconds
  Import took 0.011466 seconds .

========================================================================
Received Prepare
Registering precompiled user dll's ...
Registered in 0.003021 seconds.
Begin MonoManager ReloadAssembly
Native extension for WindowsStandalone target not found
Native extension for WebGL target not found
Refreshing native plugins compatible for Editor in 0.47 ms, found 0 plugins.
Preloading 0 native plugins for Editor in 0.00 ms.
Invoked RoslynAnalysisRunner static constructor.
RoslynAnalysisRunner will not be running.
RoslynAnalysisRunner has terminated.
Mono: successfully reloaded assembly
- Completed reload, in  1.203 seconds
Platform modules already initialized, skipping
Shader 'Universal Render Pipeline/Particles/Lit': fallback shader 'Universal Render Pipeline/Particles/SimpleLit' not found
Shader 'Universal Render Pipeline/Particles/Lit': fallback shader 'Universal Render Pipeline/Particles/SimpleLit' not found
Refreshing native plugins compatible for Editor in 0.56 ms, found 0 plugins.
Preloading 0 native plugins for Editor in 0.00 ms.
Unloading 2885 Unused Serialized files (Serialized files now loaded: 0)
System memory in use before: 138.4 MB.
System memory in use after: 136.7 MB.

Unloading 34 unused Assets to reduce memory usage. Loaded Objects now: 3720.
Total: 4.993000 ms (FindLiveObjects: 0.705600 ms CreateObjectMapping: 0.254300 ms MarkObjects: 2.732900 ms  DeleteObjects: 1.298600 ms)

========================================================================
Received Prepare
Registering precompiled user dll's ...
Registered in 0.003518 seconds.
Begin MonoManager ReloadAssembly
Native extension for WindowsStandalone target not found
Native extension for WebGL target not found
Refreshing native plugins compatible for Editor in 0.50 ms, found 0 plugins.
Preloading 0 native plugins for Editor in 0.00 ms.
Invoked RoslynAnalysisRunner static constructor.
RoslynAnalysisRunner will not be running.
RoslynAnalysisRunner has terminated.
Mono: successfully reloaded assembly
- Completed reload, in  1.153 seconds
Platform modules already initialized, skipping
Shader 'Universal Render Pipeline/Particles/Lit': fallback shader 'Universal Render Pipeline/Particles/SimpleLit' not found
Shader 'Universal Render Pipeline/Particles/Lit': fallback shader 'Universal Render Pipeline/Particles/SimpleLit' not found
Refreshing native plugins compatible for Editor in 0.51 ms, found 0 plugins.
Preloading 0 native plugins for Editor in 0.00 ms.
Unloading 2885 Unused Serialized files (Serialized files now loaded: 0)
System memory in use before: 138.4 MB.
System memory in use after: 136.7 MB.

Unloading 34 unused Assets to reduce memory usage. Loaded Objects now: 3723.
Total: 4.771800 ms (FindLiveObjects: 0.431700 ms CreateObjectMapping: 0.246300 ms MarkObjects: 2.543900 ms  DeleteObjects: 1.548500 ms)

========================================================================
Received Import Request.
  Time since last request: 541.040495 seconds.
  path: Assets/Prefabs/Player.prefab
  artifactKey: Guid(0cd7731b423f56242b3af6e760898fe3) Importer(815301076,1909f56bfc062723c751e8b465ee728b)
Start importing Assets/Prefabs/Player.prefab using Guid(0cd7731b423f56242b3af6e760898fe3) Importer(815301076,1909f56bfc062723c751e8b465ee728b)  -> (artifact id: '7ae010eb5c51e14e3b1621a2e2b423e5') in 0.294344 seconds
  Import took 0.303166 seconds .

========================================================================
Received Prepare
Registering precompiled user dll's ...
Registered in 0.002757 seconds.
Begin MonoManager ReloadAssembly
Native extension for WindowsStandalone target not found
Native extension for WebGL target not found
Refreshing native plugins compatible for Editor in 0.72 ms, found 0 plugins.
Preloading 0 native plugins for Editor in 0.00 ms.
Invoked RoslynAnalysisRunner static constructor.
RoslynAnalysisRunner will not be running.
RoslynAnalysisRunner has terminated.
Mono: successfully reloaded assembly
- Completed reload, in  1.415 seconds
Platform modules already initialized, skipping
Shader 'Universal Render Pipeline/Particles/Lit': fallback shader 'Universal Render Pipeline/Particles/SimpleLit' not found
Shader 'Universal Render Pipeline/Particles/Lit': fallback shader 'Universal Render Pipeline/Particles/SimpleLit' not found
Refreshing native plugins compatible for Editor in 0.95 ms, found 0 plugins.
Preloading 0 native plugins for Editor in 0.00 ms.
Unloading 2885 Unused Serialized files (Serialized files now loaded: 0)
System memory in use before: 138.6 MB.
System memory in use after: 136.8 MB.

Unloading 35 unused Assets to reduce memory usage. Loaded Objects now: 3762.
Total: 4.277500 ms (FindLiveObjects: 0.362900 ms CreateObjectMapping: 0.192600 ms MarkObjects: 2.360900 ms  DeleteObjects: 1.359900 ms)

========================================================================
Received Import Request.
  Time since last request: 24.698887 seconds.
  path: Assets/Prefabs/Player.prefab
  artifactKey: Guid(0cd7731b423f56242b3af6e760898fe3) Importer(815301076,1909f56bfc062723c751e8b465ee728b)
Start importing Assets/Prefabs/Player.prefab using Guid(0cd7731b423f56242b3af6e760898fe3) Importer(815301076,1909f56bfc062723c751e8b465ee728b)  -> (artifact id: 'a9097d5f809447b5e02a298452bb3b41') in 0.279041 seconds
  Import took 0.288713 seconds .

========================================================================
Received Prepare
Registering precompiled user dll's ...
Registered in 0.003288 seconds.
Begin MonoManager ReloadAssembly
Native extension for WindowsStandalone target not found
Native extension for WebGL target not found
Refreshing native plugins compatible for Editor in 0.60 ms, found 0 plugins.
Preloading 0 native plugins for Editor in 0.00 ms.
Invoked RoslynAnalysisRunner static constructor.
RoslynAnalysisRunner will not be running.
RoslynAnalysisRunner has terminated.
Mono: successfully reloaded assembly
- Completed reload, in  1.219 seconds
Platform modules already initialized, skipping
Shader 'Universal Render Pipeline/Particles/Lit': fallback shader 'Universal Render Pipeline/Particles/SimpleLit' not found
Shader 'Universal Render Pipeline/Particles/Lit': fallback shader 'Universal Render Pipeline/Particles/SimpleLit' not found
Refreshing native plugins compatible for Editor in 0.51 ms, found 0 plugins.
Preloading 0 native plugins for Editor in 0.00 ms.
Unloading 2885 Unused Serialized files (Serialized files now loaded: 0)
System memory in use before: 138.7 MB.
System memory in use after: 136.9 MB.

Unloading 35 unused Assets to reduce memory usage. Loaded Objects now: 3801.
Total: 6.006500 ms (FindLiveObjects: 0.422000 ms CreateObjectMapping: 0.402300 ms MarkObjects: 3.253500 ms  DeleteObjects: 1.927300 ms)

========================================================================
Received Import Request.
  Time since last request: 118.926694 seconds.
  path: Assets/Scripts/Items/Wasabee.cs
  artifactKey: Guid(c651cec36c24c1746a427a58543b3ba1) Importer(815301076,1909f56bfc062723c751e8b465ee728b)
Start importing Assets/Scripts/Items/Wasabee.cs using Guid(c651cec36c24c1746a427a58543b3ba1) Importer(815301076,1909f56bfc062723c751e8b465ee728b)  -> (artifact id: 'c408e2185977afc8c1013dba98cdc8d7') in 0.016210 seconds
  Import took 0.028934 seconds .

========================================================================
Received Import Request.
  Time since last request: 131.226815 seconds.
  path: Assets/Scripts/DamageCalc/ProjectileDamage.cs
  artifactKey: Guid(2d2eb7171d4cee24589bb188691a2c16) Importer(815301076,1909f56bfc062723c751e8b465ee728b)
Start importing Assets/Scripts/DamageCalc/ProjectileDamage.cs using Guid(2d2eb7171d4cee24589bb188691a2c16) Importer(815301076,1909f56bfc062723c751e8b465ee728b)  -> (artifact id: '5acda786d56ff69542996dafe0dc4779') in 0.014827 seconds
  Import took 0.021642 seconds .

========================================================================
Received Prepare
Registering precompiled user dll's ...
Registered in 0.002931 seconds.
Begin MonoManager ReloadAssembly
Native extension for WindowsStandalone target not found
Native extension for WebGL target not found
Refreshing native plugins compatible for Editor in 0.69 ms, found 0 plugins.
Preloading 0 native plugins for Editor in 0.00 ms.
Invoked RoslynAnalysisRunner static constructor.
RoslynAnalysisRunner will not be running.
RoslynAnalysisRunner has terminated.
Mono: successfully reloaded assembly
- Completed reload, in  1.194 seconds
Platform modules already initialized, skipping
Shader 'Universal Render Pipeline/Particles/Lit': fallback shader 'Universal Render Pipeline/Particles/SimpleLit' not found
Shader 'Universal Render Pipeline/Particles/Lit': fallback shader 'Universal Render Pipeline/Particles/SimpleLit' not found
Refreshing native plugins compatible for Editor in 0.52 ms, found 0 plugins.
Preloading 0 native plugins for Editor in 0.00 ms.
Unloading 2886 Unused Serialized files (Serialized files now loaded: 0)
System memory in use before: 138.7 MB.
System memory in use after: 137.0 MB.

Unloading 34 unused Assets to reduce memory usage. Loaded Objects now: 3805.
Total: 5.048000 ms (FindLiveObjects: 0.532400 ms CreateObjectMapping: 0.165200 ms MarkObjects: 2.456700 ms  DeleteObjects: 1.892600 ms)

========================================================================
Received Prepare
Registering precompiled user dll's ...
Registered in 0.002984 seconds.
Begin MonoManager ReloadAssembly
Native extension for WindowsStandalone target not found
Native extension for WebGL target not found
Refreshing native plugins compatible for Editor in 0.67 ms, found 0 plugins.
Preloading 0 native plugins for Editor in 0.00 ms.
Invoked RoslynAnalysisRunner static constructor.
RoslynAnalysisRunner will not be running.
RoslynAnalysisRunner has terminated.
Mono: successfully reloaded assembly
- Completed reload, in  1.198 seconds
Platform modules already initialized, skipping
Shader 'Universal Render Pipeline/Particles/Lit': fallback shader 'Universal Render Pipeline/Particles/SimpleLit' not found
Shader 'Universal Render Pipeline/Particles/Lit': fallback shader 'Universal Render Pipeline/Particles/SimpleLit' not found
Refreshing native plugins compatible for Editor in 0.75 ms, found 0 plugins.
Preloading 0 native plugins for Editor in 0.00 ms.
Unloading 2886 Unused Serialized files (Serialized files now loaded: 0)
System memory in use before: 138.7 MB.
System memory in use after: 137.0 MB.

Unloading 34 unused Assets to reduce memory usage. Loaded Objects now: 3808.
Total: 5.500100 ms (FindLiveObjects: 0.460300 ms CreateObjectMapping: 0.321000 ms MarkObjects: 3.156900 ms  DeleteObjects: 1.542000 ms)

========================================================================
Received Prepare
Registering precompiled user dll's ...
Registered in 0.004420 seconds.
Begin MonoManager ReloadAssembly
Native extension for WindowsStandalone target not found
Native extension for WebGL target not found
Refreshing native plugins compatible for Editor in 0.64 ms, found 0 plugins.
Preloading 0 native plugins for Editor in 0.00 ms.
Invoked RoslynAnalysisRunner static constructor.
RoslynAnalysisRunner will not be running.
RoslynAnalysisRunner has terminated.
Mono: successfully reloaded assembly
- Completed reload, in  1.199 seconds
Platform modules already initialized, skipping
Shader 'Universal Render Pipeline/Particles/Lit': fallback shader 'Universal Render Pipeline/Particles/SimpleLit' not found
Shader 'Universal Render Pipeline/Particles/Lit': fallback shader 'Universal Render Pipeline/Particles/SimpleLit' not found
Refreshing native plugins compatible for Editor in 1.44 ms, found 0 plugins.
Preloading 0 native plugins for Editor in 0.00 ms.
Unloading 2886 Unused Serialized files (Serialized files now loaded: 0)
System memory in use before: 138.8 MB.
System memory in use after: 137.0 MB.

Unloading 34 unused Assets to reduce memory usage. Loaded Objects now: 3811.
Total: 11.041000 ms (FindLiveObjects: 1.283200 ms CreateObjectMapping: 0.472200 ms MarkObjects: 6.046400 ms  DeleteObjects: 3.236300 ms)

========================================================================
Received Import Request.
  Time since last request: 271.635682 seconds.
  path: Assets/Scripts/Fly.cs
  artifactKey: Guid(e8dded00e1a893648ac9a0a2b79619b0) Importer(815301076,1909f56bfc062723c751e8b465ee728b)
Start importing Assets/Scripts/Fly.cs using Guid(e8dded00e1a893648ac9a0a2b79619b0) Importer(815301076,1909f56bfc062723c751e8b465ee728b)  -> (artifact id: '021b94fddc28ce02b0819d5cfc13fa10') in 0.013041 seconds
  Import took 0.018643 seconds .

========================================================================
Received Import Request.
  Time since last request: 0.026366 seconds.
  path: Assets/Scripts/Fly.cs
  artifactKey: Guid(e8dded00e1a893648ac9a0a2b79619b0) Importer(815301076,1909f56bfc062723c751e8b465ee728b)
Start importing Assets/Scripts/Fly.cs using Guid(e8dded00e1a893648ac9a0a2b79619b0) Importer(815301076,1909f56bfc062723c751e8b465ee728b)  -> (artifact id: '021b94fddc28ce02b0819d5cfc13fa10') in 0.005260 seconds
  Import took 0.011562 seconds .

========================================================================
Received Prepare
Registering precompiled user dll's ...
Registered in 0.004031 seconds.
Begin MonoManager ReloadAssembly
Native extension for WindowsStandalone target not found
Native extension for WebGL target not found
Refreshing native plugins compatible for Editor in 0.50 ms, found 0 plugins.
Preloading 0 native plugins for Editor in 0.00 ms.
Invoked RoslynAnalysisRunner static constructor.
RoslynAnalysisRunner will not be running.
RoslynAnalysisRunner has terminated.
Mono: successfully reloaded assembly
- Completed reload, in  1.166 seconds
Platform modules already initialized, skipping
Shader 'Universal Render Pipeline/Particles/Lit': fallback shader 'Universal Render Pipeline/Particles/SimpleLit' not found
Shader 'Universal Render Pipeline/Particles/Lit': fallback shader 'Universal Render Pipeline/Particles/SimpleLit' not found
Refreshing native plugins compatible for Editor in 0.54 ms, found 0 plugins.
Preloading 0 native plugins for Editor in 0.00 ms.
Unloading 2886 Unused Serialized files (Serialized files now loaded: 0)
System memory in use before: 138.8 MB.
System memory in use after: 137.0 MB.

Unloading 34 unused Assets to reduce memory usage. Loaded Objects now: 3814.
Total: 5.381300 ms (FindLiveObjects: 0.545200 ms CreateObjectMapping: 0.370400 ms MarkObjects: 2.800000 ms  DeleteObjects: 1.645400 ms)

========================================================================
Received Import Request.
  Time since last request: 72.624568 seconds.
  path: Assets/Prefabs/Player.prefab
  artifactKey: Guid(0cd7731b423f56242b3af6e760898fe3) Importer(815301076,1909f56bfc062723c751e8b465ee728b)
Start importing Assets/Prefabs/Player.prefab using Guid(0cd7731b423f56242b3af6e760898fe3) Importer(815301076,1909f56bfc062723c751e8b465ee728b)  -> (artifact id: '840ede0127d82164f5727eca99e47cca') in 0.241593 seconds
  Import took 0.249703 seconds .

========================================================================
Received Import Request.
  Time since last request: 15.832756 seconds.
  path: Assets/Prefabs/Player.prefab
  artifactKey: Guid(0cd7731b423f56242b3af6e760898fe3) Importer(815301076,1909f56bfc062723c751e8b465ee728b)
Start importing Assets/Prefabs/Player.prefab using Guid(0cd7731b423f56242b3af6e760898fe3) Importer(815301076,1909f56bfc062723c751e8b465ee728b)  -> (artifact id: '62c14cb4ac5ae03a067c44dd4e35c5a8') in 0.062287 seconds
  Import took 0.072711 seconds .

========================================================================
Received Prepare
Registering precompiled user dll's ...
Registered in 0.002852 seconds.
Begin MonoManager ReloadAssembly
Native extension for WindowsStandalone target not found
Native extension for WebGL target not found
Refreshing native plugins compatible for Editor in 0.48 ms, found 0 plugins.
Preloading 0 native plugins for Editor in 0.00 ms.
Invoked RoslynAnalysisRunner static constructor.
RoslynAnalysisRunner will not be running.
RoslynAnalysisRunner has terminated.
Mono: successfully reloaded assembly
- Completed reload, in  1.213 seconds
Platform modules already initialized, skipping
Shader 'Universal Render Pipeline/Particles/Lit': fallback shader 'Universal Render Pipeline/Particles/SimpleLit' not found
Shader 'Universal Render Pipeline/Particles/Lit': fallback shader 'Universal Render Pipeline/Particles/SimpleLit' not found
Refreshing native plugins compatible for Editor in 0.54 ms, found 0 plugins.
Preloading 0 native plugins for Editor in 0.00 ms.
Unloading 2886 Unused Serialized files (Serialized files now loaded: 0)
System memory in use before: 138.9 MB.
System memory in use after: 137.2 MB.

Unloading 35 unused Assets to reduce memory usage. Loaded Objects now: 3853.
Total: 5.886100 ms (FindLiveObjects: 0.452800 ms CreateObjectMapping: 0.203100 ms MarkObjects: 3.467200 ms  DeleteObjects: 1.761300 ms)

========================================================================
Received Prepare
Registering precompiled user dll's ...
Registered in 0.004759 seconds.
Begin MonoManager ReloadAssembly
Native extension for WindowsStandalone target not found
Native extension for WebGL target not found
Refreshing native plugins compatible for Editor in 0.74 ms, found 0 plugins.
Preloading 0 native plugins for Editor in 0.00 ms.
Invoked RoslynAnalysisRunner static constructor.
RoslynAnalysisRunner will not be running.
RoslynAnalysisRunner has terminated.
Mono: successfully reloaded assembly
- Completed reload, in  1.847 seconds
Platform modules already initialized, skipping
Shader 'Universal Render Pipeline/Particles/Lit': fallback shader 'Universal Render Pipeline/Particles/SimpleLit' not found
Shader 'Universal Render Pipeline/Particles/Lit': fallback shader 'Universal Render Pipeline/Particles/SimpleLit' not found
Refreshing native plugins compatible for Editor in 0.84 ms, found 0 plugins.
Preloading 0 native plugins for Editor in 0.00 ms.
Unloading 2886 Unused Serialized files (Serialized files now loaded: 0)
System memory in use before: 138.9 MB.
System memory in use after: 137.2 MB.

Unloading 34 unused Assets to reduce memory usage. Loaded Objects now: 3856.
Total: 9.415000 ms (FindLiveObjects: 3.036600 ms CreateObjectMapping: 0.725600 ms MarkObjects: 3.054400 ms  DeleteObjects: 2.596200 ms)

========================================================================
Received Prepare
Registering precompiled user dll's ...
Registered in 0.002986 seconds.
Begin MonoManager ReloadAssembly
Native extension for WindowsStandalone target not found
Native extension for WebGL target not found
Refreshing native plugins compatible for Editor in 0.55 ms, found 0 plugins.
Preloading 0 native plugins for Editor in 0.00 ms.
Invoked RoslynAnalysisRunner static constructor.
RoslynAnalysisRunner will not be running.
RoslynAnalysisRunner has terminated.
Mono: successfully reloaded assembly
- Completed reload, in  1.211 seconds
Platform modules already initialized, skipping
Shader 'Universal Render Pipeline/Particles/Lit': fallback shader 'Universal Render Pipeline/Particles/SimpleLit' not found
Shader 'Universal Render Pipeline/Particles/Lit': fallback shader 'Universal Render Pipeline/Particles/SimpleLit' not found
Refreshing native plugins compatible for Editor in 0.56 ms, found 0 plugins.
Preloading 0 native plugins for Editor in 0.00 ms.
Unloading 2886 Unused Serialized files (Serialized files now loaded: 0)
System memory in use before: 138.9 MB.
System memory in use after: 137.2 MB.

Unloading 34 unused Assets to reduce memory usage. Loaded Objects now: 3859.
Total: 5.232100 ms (FindLiveObjects: 0.407100 ms CreateObjectMapping: 0.264900 ms MarkObjects: 2.740200 ms  DeleteObjects: 1.818200 ms)

========================================================================
Received Prepare
Registering precompiled user dll's ...
Registered in 0.003045 seconds.
Begin MonoManager ReloadAssembly
Native extension for WindowsStandalone target not found
Native extension for WebGL target not found
Refreshing native plugins compatible for Editor in 0.66 ms, found 0 plugins.
Preloading 0 native plugins for Editor in 0.00 ms.
Invoked RoslynAnalysisRunner static constructor.
RoslynAnalysisRunner will not be running.
RoslynAnalysisRunner has terminated.
Mono: successfully reloaded assembly
- Completed reload, in  1.192 seconds
Platform modules already initialized, skipping
Shader 'Universal Render Pipeline/Particles/Lit': fallback shader 'Universal Render Pipeline/Particles/SimpleLit' not found
Shader 'Universal Render Pipeline/Particles/Lit': fallback shader 'Universal Render Pipeline/Particles/SimpleLit' not found
Refreshing native plugins compatible for Editor in 0.62 ms, found 0 plugins.
Preloading 0 native plugins for Editor in 0.00 ms.
Unloading 2886 Unused Serialized files (Serialized files now loaded: 0)
System memory in use before: 139.0 MB.
System memory in use after: 137.2 MB.

Unloading 34 unused Assets to reduce memory usage. Loaded Objects now: 3862.
Total: 5.419900 ms (FindLiveObjects: 0.507200 ms CreateObjectMapping: 0.384200 ms MarkObjects: 3.015800 ms  DeleteObjects: 1.511300 ms)

========================================================================
Received Prepare
Registering precompiled user dll's ...
Registered in 0.002857 seconds.
Begin MonoManager ReloadAssembly
Native extension for WindowsStandalone target not found
Native extension for WebGL target not found
Refreshing native plugins compatible for Editor in 0.70 ms, found 0 plugins.
Preloading 0 native plugins for Editor in 0.00 ms.
Invoked RoslynAnalysisRunner static constructor.
RoslynAnalysisRunner will not be running.
RoslynAnalysisRunner has terminated.
Mono: successfully reloaded assembly
- Completed reload, in  1.290 seconds
Platform modules already initialized, skipping
Shader 'Universal Render Pipeline/Particles/Lit': fallback shader 'Universal Render Pipeline/Particles/SimpleLit' not found
Shader 'Universal Render Pipeline/Particles/Lit': fallback shader 'Universal Render Pipeline/Particles/SimpleLit' not found
Refreshing native plugins compatible for Editor in 0.66 ms, found 0 plugins.
Preloading 0 native plugins for Editor in 0.00 ms.
Unloading 2886 Unused Serialized files (Serialized files now loaded: 0)
System memory in use before: 138.9 MB.
System memory in use after: 137.2 MB.

Unloading 34 unused Assets to reduce memory usage. Loaded Objects now: 3865.
Total: 6.726200 ms (FindLiveObjects: 0.445400 ms CreateObjectMapping: 0.230100 ms MarkObjects: 4.502700 ms  DeleteObjects: 1.533100 ms)

========================================================================
Received Prepare
Registering precompiled user dll's ...
Registered in 0.002629 seconds.
Begin MonoManager ReloadAssembly
Native extension for WindowsStandalone target not found
Native extension for WebGL target not found
Refreshing native plugins compatible for Editor in 0.87 ms, found 0 plugins.
Preloading 0 native plugins for Editor in 0.00 ms.
Invoked RoslynAnalysisRunner static constructor.
RoslynAnalysisRunner will not be running.
RoslynAnalysisRunner has terminated.
Mono: successfully reloaded assembly
- Completed reload, in  1.197 seconds
Platform modules already initialized, skipping
Shader 'Universal Render Pipeline/Particles/Lit': fallback shader 'Universal Render Pipeline/Particles/SimpleLit' not found
Shader 'Universal Render Pipeline/Particles/Lit': fallback shader 'Universal Render Pipeline/Particles/SimpleLit' not found
Refreshing native plugins compatible for Editor in 0.57 ms, found 0 plugins.
Preloading 0 native plugins for Editor in 0.00 ms.
Unloading 2886 Unused Serialized files (Serialized files now loaded: 0)
System memory in use before: 136.1 MB.
System memory in use after: 134.3 MB.

Unloading 34 unused Assets to reduce memory usage. Loaded Objects now: 3868.
Total: 7.153300 ms (FindLiveObjects: 0.819600 ms CreateObjectMapping: 0.265800 ms MarkObjects: 4.403700 ms  DeleteObjects: 1.661700 ms)

========================================================================
Received Prepare
Shader 'Universal Render Pipeline/Particles/Lit': fallback shader 'Universal Render Pipeline/Particles/SimpleLit' not found
Shader 'Universal Render Pipeline/Particles/Lit': fallback shader 'Universal Render Pipeline/Particles/SimpleLit' not found
Refreshing native plugins compatible for Editor in 2.12 ms, found 0 plugins.
Preloading 0 native plugins for Editor in 0.00 ms.
Unloading 32 Unused Serialized files (Serialized files now loaded: 0)
System memory in use before: 79.9 MB.
System memory in use after: 78.1 MB.

Unloading 32 unused Assets to reduce memory usage. Loaded Objects now: 3868.
Total: 5.857400 ms (FindLiveObjects: 0.606500 ms CreateObjectMapping: 0.304800 ms MarkObjects: 3.097400 ms  DeleteObjects: 1.846500 ms)

========================================================================
Received Prepare
Shader 'Universal Render Pipeline/Particles/Lit': fallback shader 'Universal Render Pipeline/Particles/SimpleLit' not found
Shader 'Universal Render Pipeline/Particles/Lit': fallback shader 'Universal Render Pipeline/Particles/SimpleLit' not found
Refreshing native plugins compatible for Editor in 1.97 ms, found 0 plugins.
Preloading 0 native plugins for Editor in 0.00 ms.
Unloading 32 Unused Serialized files (Serialized files now loaded: 0)
System memory in use before: 79.8 MB.
System memory in use after: 78.1 MB.

Unloading 32 unused Assets to reduce memory usage. Loaded Objects now: 3868.
Total: 5.482800 ms (FindLiveObjects: 0.504700 ms CreateObjectMapping: 0.187600 ms MarkObjects: 3.171000 ms  DeleteObjects: 1.618000 ms)

========================================================================
Received Prepare
Shader 'Universal Render Pipeline/Particles/Lit': fallback shader 'Universal Render Pipeline/Particles/SimpleLit' not found
Shader 'Universal Render Pipeline/Particles/Lit': fallback shader 'Universal Render Pipeline/Particles/SimpleLit' not found
Refreshing native plugins compatible for Editor in 1.97 ms, found 0 plugins.
Preloading 0 native plugins for Editor in 0.00 ms.
Unloading 32 Unused Serialized files (Serialized files now loaded: 0)
System memory in use before: 80.1 MB.
System memory in use after: 78.3 MB.

Unloading 32 unused Assets to reduce memory usage. Loaded Objects now: 3868.
Total: 6.752900 ms (FindLiveObjects: 1.001300 ms CreateObjectMapping: 0.201300 ms MarkObjects: 3.638700 ms  DeleteObjects: 1.910000 ms)

========================================================================
Received Import Request.
  Time since last request: 2404.958365 seconds.
  path: Assets/Scripts/pause.cs
  artifactKey: Guid(2b82a8631bd60864daee20c8d962172f) Importer(815301076,1909f56bfc062723c751e8b465ee728b)
Start importing Assets/Scripts/pause.cs using Guid(2b82a8631bd60864daee20c8d962172f) Importer(815301076,1909f56bfc062723c751e8b465ee728b)  -> (artifact id: 'a832d3e762970d7102a91a9a80a45894') in 0.012485 seconds
  Import took 0.020141 seconds .

========================================================================
Received Import Request.
  Time since last request: 0.038304 seconds.
  path: Assets/Scripts/pause.cs
  artifactKey: Guid(2b82a8631bd60864daee20c8d962172f) Importer(815301076,1909f56bfc062723c751e8b465ee728b)
Start importing Assets/Scripts/pause.cs using Guid(2b82a8631bd60864daee20c8d962172f) Importer(815301076,1909f56bfc062723c751e8b465ee728b)  -> (artifact id: 'a832d3e762970d7102a91a9a80a45894') in 0.005035 seconds
  Import took 0.012330 seconds .

========================================================================
Received Import Request.
  Time since last request: 11.283314 seconds.
  path: Assets/1_-vO6vIHeE67CAm6Mk3AcSA.png
  artifactKey: Guid(f327cdac2a4ef81419315be007693c0e) Importer(815301076,1909f56bfc062723c751e8b465ee728b)
Start importing Assets/1_-vO6vIHeE67CAm6Mk3AcSA.png using Guid(f327cdac2a4ef81419315be007693c0e) Importer(815301076,1909f56bfc062723c751e8b465ee728b)  -> (artifact id: 'ff428597d6ad6dc5a69d09679a568379') in 0.888815 seconds
  Import took 0.936813 seconds .

========================================================================
Received Import Request.
  Time since last request: 0.036998 seconds.
  path: Assets/bee.png
  artifactKey: Guid(cca4ac07e359596498da7c0a3433f8dd) Importer(815301076,1909f56bfc062723c751e8b465ee728b)
Start importing Assets/bee.png using Guid(cca4ac07e359596498da7c0a3433f8dd) Importer(815301076,1909f56bfc062723c751e8b465ee728b)  -> (artifact id: 'af1bc03697d852b765ddf27095c1e7d5') in 0.222384 seconds
  Import took 0.237372 seconds .

========================================================================
Received Import Request.
  Time since last request: 0.001319 seconds.
  path: Assets/bee 1.png
  artifactKey: Guid(e08abc5beef13fb458f5ab0a79057355) Importer(815301076,1909f56bfc062723c751e8b465ee728b)
Start importing Assets/bee 1.png using Guid(e08abc5beef13fb458f5ab0a79057355) Importer(815301076,1909f56bfc062723c751e8b465ee728b)  -> (artifact id: '2e39fda1701f48597d4a1034545c59b4') in 0.158432 seconds
  Import took 0.183149 seconds .

========================================================================
Received Import Request.
  Time since last request: 0.000369 seconds.
  path: Assets/cloud.png
  artifactKey: Guid(172221078fa980342a03ff4388a2ed35) Importer(815301076,1909f56bfc062723c751e8b465ee728b)
Start importing Assets/cloud.png using Guid(172221078fa980342a03ff4388a2ed35) Importer(815301076,1909f56bfc062723c751e8b465ee728b)  -> (artifact id: '6e812583d2143efb2a6800ccc5bde9ae') in 0.097564 seconds
  Import took 0.110505 seconds .

========================================================================
Received Import Request.
  Time since last request: 0.000421 seconds.
  path: Assets/gradient_map_65.png
  artifactKey: Guid(12d8aee5906fbc646a45814454250ca7) Importer(815301076,1909f56bfc062723c751e8b465ee728b)
Start importing Assets/gradient_map_65.png using Guid(12d8aee5906fbc646a45814454250ca7) Importer(815301076,1909f56bfc062723c751e8b465ee728b)  -> (artifact id: '73e144aa6d4a1c2bb6182573d96e3db6') in 0.061897 seconds
  Import took 0.079693 seconds .

========================================================================
Received Import Request.
  Time since last request: 0.000407 seconds.
  path: Assets/WaterDistortion.png
  artifactKey: Guid(305aa0c6bd7cb1547a7c7df535586c98) Importer(815301076,1909f56bfc062723c751e8b465ee728b)
Start importing Assets/WaterDistortion.png using Guid(305aa0c6bd7cb1547a7c7df535586c98) Importer(815301076,1909f56bfc062723c751e8b465ee728b)  -> (artifact id: '9fa647d3606905feb6eb51539ce4e84c') in 0.076067 seconds
  Import took 0.090587 seconds .

========================================================================
Received Import Request.
  Time since last request: 14.841020 seconds.
  path: Assets/Prefabs/WeaponPickups/default.prefab
  artifactKey: Guid(c155d6db76e0f724a80607618b7b6e60) Importer(815301076,1909f56bfc062723c751e8b465ee728b)
Start importing Assets/Prefabs/WeaponPickups/default.prefab using Guid(c155d6db76e0f724a80607618b7b6e60) Importer(815301076,1909f56bfc062723c751e8b465ee728b)  -> (artifact id: 'ed51f7bbd5c1d9ee4f675b43299cdbba') in 0.237030 seconds
  Import took 0.246160 seconds .

========================================================================
Received Prepare
Registering precompiled user dll's ...
Registered in 0.006598 seconds.
Begin MonoManager ReloadAssembly
Native extension for WindowsStandalone target not found
Native extension for WebGL target not found
Refreshing native plugins compatible for Editor in 0.56 ms, found 0 plugins.
Preloading 0 native plugins for Editor in 0.00 ms.
Invoked RoslynAnalysisRunner static constructor.
RoslynAnalysisRunner will not be running.
RoslynAnalysisRunner has terminated.
Mono: successfully reloaded assembly
- Completed reload, in  2.243 seconds
Platform modules already initialized, skipping
Shader 'Universal Render Pipeline/Particles/Lit': fallback shader 'Universal Render Pipeline/Particles/SimpleLit' not found
Shader 'Universal Render Pipeline/Particles/Lit': fallback shader 'Universal Render Pipeline/Particles/SimpleLit' not found
Refreshing native plugins compatible for Editor in 0.51 ms, found 0 plugins.
Preloading 0 native plugins for Editor in 0.00 ms.
Unloading 2886 Unused Serialized files (Serialized files now loaded: 0)
System memory in use before: 137.3 MB.
System memory in use after: 135.5 MB.

Unloading 34 unused Assets to reduce memory usage. Loaded Objects now: 3908.
Total: 6.199000 ms (FindLiveObjects: 0.527000 ms CreateObjectMapping: 0.204200 ms MarkObjects: 3.699100 ms  DeleteObjects: 1.767200 ms)

========================================================================
Received Prepare
Registering precompiled user dll's ...
Registered in 0.003194 seconds.
Begin MonoManager ReloadAssembly
Native extension for WindowsStandalone target not found
Native extension for WebGL target not found
Refreshing native plugins compatible for Editor in 0.58 ms, found 0 plugins.
Preloading 0 native plugins for Editor in 0.00 ms.
Invoked RoslynAnalysisRunner static constructor.
RoslynAnalysisRunner will not be running.
RoslynAnalysisRunner has terminated.
Mono: successfully reloaded assembly
- Completed reload, in  1.387 seconds
Platform modules already initialized, skipping
Shader 'Universal Render Pipeline/Particles/Lit': fallback shader 'Universal Render Pipeline/Particles/SimpleLit' not found
Shader 'Universal Render Pipeline/Particles/Lit': fallback shader 'Universal Render Pipeline/Particles/SimpleLit' not found
Refreshing native plugins compatible for Editor in 1.41 ms, found 0 plugins.
Preloading 0 native plugins for Editor in 0.00 ms.
Unloading 2886 Unused Serialized files (Serialized files now loaded: 0)
System memory in use before: 137.3 MB.
System memory in use after: 135.5 MB.

Unloading 34 unused Assets to reduce memory usage. Loaded Objects now: 3911.
Total: 5.965000 ms (FindLiveObjects: 0.625000 ms CreateObjectMapping: 0.341200 ms MarkObjects: 2.995400 ms  DeleteObjects: 2.001500 ms)

========================================================================
Received Prepare
Shader 'Universal Render Pipeline/Particles/Lit': fallback shader 'Universal Render Pipeline/Particles/SimpleLit' not found
Shader 'Universal Render Pipeline/Particles/Lit': fallback shader 'Universal Render Pipeline/Particles/SimpleLit' not found
Refreshing native plugins compatible for Editor in 3.74 ms, found 0 plugins.
Preloading 0 native plugins for Editor in 0.00 ms.
Unloading 32 Unused Serialized files (Serialized files now loaded: 0)
System memory in use before: 81.0 MB.
System memory in use after: 79.3 MB.

Unloading 32 unused Assets to reduce memory usage. Loaded Objects now: 3911.
Total: 10.047000 ms (FindLiveObjects: 2.537900 ms CreateObjectMapping: 0.615200 ms MarkObjects: 4.741400 ms  DeleteObjects: 2.144500 ms)

========================================================================
Received Prepare
Registering precompiled user dll's ...
Registered in 0.019820 seconds.
Begin MonoManager ReloadAssembly
Native extension for WindowsStandalone target not found
Native extension for WebGL target not found
Refreshing native plugins compatible for Editor in 0.86 ms, found 0 plugins.
Preloading 0 native plugins for Editor in 0.00 ms.
Invoked RoslynAnalysisRunner static constructor.
RoslynAnalysisRunner will not be running.
RoslynAnalysisRunner has terminated.
Mono: successfully reloaded assembly
- Completed reload, in  3.205 seconds
Platform modules already initialized, skipping
Shader 'Universal Render Pipeline/Particles/Lit': fallback shader 'Universal Render Pipeline/Particles/SimpleLit' not found
Shader 'Universal Render Pipeline/Particles/Lit': fallback shader 'Universal Render Pipeline/Particles/SimpleLit' not found
Refreshing native plugins compatible for Editor in 0.70 ms, found 0 plugins.
Preloading 0 native plugins for Editor in 0.00 ms.
Unloading 2886 Unused Serialized files (Serialized files now loaded: 0)
System memory in use before: 137.4 MB.
System memory in use after: 135.6 MB.

Unloading 34 unused Assets to reduce memory usage. Loaded Objects now: 3914.
Total: 7.524200 ms (FindLiveObjects: 1.933100 ms CreateObjectMapping: 0.361600 ms MarkObjects: 3.663900 ms  DeleteObjects: 1.559200 ms)

========================================================================
Received Prepare
Registering precompiled user dll's ...
Registered in 0.002829 seconds.
Begin MonoManager ReloadAssembly
Native extension for WindowsStandalone target not found
Native extension for WebGL target not found
Refreshing native plugins compatible for Editor in 0.54 ms, found 0 plugins.
Preloading 0 native plugins for Editor in 0.00 ms.
Invoked RoslynAnalysisRunner static constructor.
RoslynAnalysisRunner will not be running.
RoslynAnalysisRunner has terminated.
Mono: successfully reloaded assembly
- Completed reload, in  3.148 seconds
Platform modules already initialized, skipping
Shader 'Universal Render Pipeline/Particles/Lit': fallback shader 'Universal Render Pipeline/Particles/SimpleLit' not found
Shader 'Universal Render Pipeline/Particles/Lit': fallback shader 'Universal Render Pipeline/Particles/SimpleLit' not found
Refreshing native plugins compatible for Editor in 0.62 ms, found 0 plugins.
Preloading 0 native plugins for Editor in 0.00 ms.
Unloading 2886 Unused Serialized files (Serialized files now loaded: 0)
System memory in use before: 137.4 MB.
System memory in use after: 135.7 MB.

Unloading 34 unused Assets to reduce memory usage. Loaded Objects now: 3917.
Total: 60.195000 ms (FindLiveObjects: 0.435300 ms CreateObjectMapping: 0.225200 ms MarkObjects: 57.249900 ms  DeleteObjects: 2.282300 ms)

