Using pre-set license
Built from '2020.3/staging' branch; Version is '2020.3.0f1 (c7b5465681fb) revision 13088070'; Using compiler version '192528614'; Build Type 'Release'
OS: 'Windows 10 Home; OS build 18363.1440; Version 1909; 64bit' Language: 'en' Physical Memory: 16249 MB
BatchMode: 1, IsHumanControllingUs: 0, StartBugReporterOnCrash: 0, Is64bit: 1, IsPro: 0

 COMMAND LINE ARGUMENTS:
D:\Unity\Versions\2020.3.0f1\Editor\Unity.exe
-adb2
-batchMode
-noUpm
-name
AssetImportWorker1
-projectPath
D:/Unity/Projects/Yellowjackets/Yellowjackets Game
-logFile
Logs/AssetImportWorker1.log
-srvPort
53882
Successfully changed project path to: D:/Unity/Projects/Yellowjackets/Yellowjackets Game
D:/Unity/Projects/Yellowjackets/Yellowjackets Game
Using Asset Import Pipeline V2.
Refreshing native plugins compatible for Editor in 50.93 ms, found 0 plugins.
Preloading 0 native plugins for Editor in 0.00 ms.
Initialize engine version: 2020.3.0f1 (c7b5465681fb)
[Subsystems] Discovering subsystems at path D:/Unity/Versions/2020.3.0f1/Editor/Data/Resources/UnitySubsystems
[Subsystems] Discovering subsystems at path D:/Unity/Projects/Yellowjackets/Yellowjackets Game/Assets
GfxDevice: creating device client; threaded=0
Direct3D:
    Version:  Direct3D 11.0 [level 11.1]
    Renderer: NVIDIA GeForce GTX 1050 Ti (ID=0x1c8c)
    Vendor:   
    VRAM:     4021 MB
    Driver:   27.21.14.6079
Initialize mono
Mono path[0] = 'D:/Unity/Versions/2020.3.0f1/Editor/Data/Managed'
Mono path[1] = 'D:/Unity/Versions/2020.3.0f1/Editor/Data/MonoBleedingEdge/lib/mono/unityjit'
Mono config path = 'D:/Unity/Versions/2020.3.0f1/Editor/Data/MonoBleedingEdge/etc'
Using monoOptions --debugger-agent=transport=dt_socket,embedding=1,server=y,suspend=n,address=127.0.0.1:56904
Begin MonoManager ReloadAssembly
Registering precompiled unity dll's ...
Register platform support module: D:/Unity/Versions/2020.3.0f1/Editor/Data/PlaybackEngines/WebGLSupport/UnityEditor.WebGL.Extensions.dll
Register platform support module: D:/Unity/Versions/2020.3.0f1/Editor/Data/PlaybackEngines/WindowsStandaloneSupport/UnityEditor.WindowsStandalone.Extensions.dll
Registered in 0.006017 seconds.
Native extension for WindowsStandalone target not found
Native extension for WebGL target not found
Refreshing native plugins compatible for Editor in 48.65 ms, found 0 plugins.
Preloading 0 native plugins for Editor in 0.00 ms.
Invoked RoslynAnalysisRunner static constructor.
RoslynAnalysisRunner will not be running.
RoslynAnalysisRunner has terminated.
Mono: successfully reloaded assembly
- Completed reload, in 18.655 seconds
Platform modules already initialized, skipping
Registering precompiled user dll's ...
Registered in 0.002866 seconds.
Begin MonoManager ReloadAssembly
Native extension for WindowsStandalone target not found
Native extension for WebGL target not found
Refreshing native plugins compatible for Editor in 55.59 ms, found 0 plugins.
Preloading 0 native plugins for Editor in 0.00 ms.
Invoked RoslynAnalysisRunner static constructor.
RoslynAnalysisRunner will not be running.
RoslynAnalysisRunner has terminated.
Mono: successfully reloaded assembly
- Completed reload, in  1.213 seconds
Platform modules already initialized, skipping
========================================================================
Worker process is ready to serve import requests
Shader 'Universal Render Pipeline/Particles/Lit': fallback shader 'Universal Render Pipeline/Particles/SimpleLit' not found
Shader 'Universal Render Pipeline/Particles/Lit': fallback shader 'Universal Render Pipeline/Particles/SimpleLit' not found
Launched and connected shader compiler UnityShaderCompiler.exe after 0.28 seconds
Refreshing native plugins compatible for Editor in 0.45 ms, found 0 plugins.
Preloading 0 native plugins for Editor in 0.00 ms.
Unloading 2446 Unused Serialized files (Serialized files now loaded: 0)
System memory in use before: 120.4 MB.
System memory in use after: 118.6 MB.

Unloading 39 unused Assets to reduce memory usage. Loaded Objects now: 2880.
Total: 3.920900 ms (FindLiveObjects: 0.271400 ms CreateObjectMapping: 0.141200 ms MarkObjects: 2.213400 ms  DeleteObjects: 1.294000 ms)

========================================================================
Received Import Request.
  path: Assets/Prefabs/Turret.prefab
  artifactKey: Guid(648fbc49be6e6a346a47b6f0617733f0) Importer(815301076,1909f56bfc062723c751e8b465ee728b)
Start importing Assets/Prefabs/Turret.prefab using Guid(648fbc49be6e6a346a47b6f0617733f0) Importer(815301076,1909f56bfc062723c751e8b465ee728b)  -> (artifact id: 'ddaf9cf9c0aa51c0196dc514a4dba84a') in 0.368200 seconds
  Import took 0.373076 seconds .

========================================================================
Received Import Request.
  Time since last request: 12.057020 seconds.
  path: Assets/Prefabs/flowerPoint.prefab
  artifactKey: Guid(9b564cceae9bfdf4a896a9839f07afca) Importer(815301076,1909f56bfc062723c751e8b465ee728b)
Start importing Assets/Prefabs/flowerPoint.prefab using Guid(9b564cceae9bfdf4a896a9839f07afca) Importer(815301076,1909f56bfc062723c751e8b465ee728b)  -> (artifact id: 'f449f61b4465cda436fed7f6be0a2098') in 0.363763 seconds
  Import took 0.369547 seconds .

========================================================================
Received Prepare
Registering precompiled user dll's ...
Registered in 0.003280 seconds.
Begin MonoManager ReloadAssembly
Native extension for WindowsStandalone target not found
Native extension for WebGL target not found
Refreshing native plugins compatible for Editor in 0.41 ms, found 0 plugins.
Preloading 0 native plugins for Editor in 0.00 ms.
Invoked RoslynAnalysisRunner static constructor.
RoslynAnalysisRunner will not be running.
RoslynAnalysisRunner has terminated.
Mono: successfully reloaded assembly
- Completed reload, in  1.093 seconds
Platform modules already initialized, skipping
Shader 'Universal Render Pipeline/Particles/Lit': fallback shader 'Universal Render Pipeline/Particles/SimpleLit' not found
Shader 'Universal Render Pipeline/Particles/Lit': fallback shader 'Universal Render Pipeline/Particles/SimpleLit' not found
Refreshing native plugins compatible for Editor in 0.40 ms, found 0 plugins.
Preloading 0 native plugins for Editor in 0.00 ms.
Unloading 2362 Unused Serialized files (Serialized files now loaded: 0)
System memory in use before: 121.9 MB.
System memory in use after: 120.1 MB.

Unloading 34 unused Assets to reduce memory usage. Loaded Objects now: 2930.
Total: 4.136400 ms (FindLiveObjects: 0.454100 ms CreateObjectMapping: 0.205000 ms MarkObjects: 2.270300 ms  DeleteObjects: 1.205700 ms)

========================================================================
Received Import Request.
  Time since last request: 201.999657 seconds.
  path: Assets/Prefabs/flowerPoint.prefab
  artifactKey: Guid(9b564cceae9bfdf4a896a9839f07afca) Importer(815301076,1909f56bfc062723c751e8b465ee728b)
Start importing Assets/Prefabs/flowerPoint.prefab using Guid(9b564cceae9bfdf4a896a9839f07afca) Importer(815301076,1909f56bfc062723c751e8b465ee728b)  -> (artifact id: '8a27c6eba58f1314bf61b874b661f2f2') in 0.195828 seconds
  Import took 0.200576 seconds .

========================================================================
Received Prepare
Registering precompiled user dll's ...
Registered in 0.002787 seconds.
Begin MonoManager ReloadAssembly
Native extension for WindowsStandalone target not found
Native extension for WebGL target not found
Refreshing native plugins compatible for Editor in 0.41 ms, found 0 plugins.
Preloading 0 native plugins for Editor in 0.00 ms.
Invoked RoslynAnalysisRunner static constructor.
RoslynAnalysisRunner will not be running.
RoslynAnalysisRunner has terminated.
Mono: successfully reloaded assembly
- Completed reload, in  1.151 seconds
Platform modules already initialized, skipping
Shader 'Universal Render Pipeline/Particles/Lit': fallback shader 'Universal Render Pipeline/Particles/SimpleLit' not found
Shader 'Universal Render Pipeline/Particles/Lit': fallback shader 'Universal Render Pipeline/Particles/SimpleLit' not found
Refreshing native plugins compatible for Editor in 0.51 ms, found 0 plugins.
Preloading 0 native plugins for Editor in 0.00 ms.
Unloading 2362 Unused Serialized files (Serialized files now loaded: 0)
System memory in use before: 122.0 MB.
System memory in use after: 120.2 MB.

Unloading 34 unused Assets to reduce memory usage. Loaded Objects now: 2969.
Total: 4.443400 ms (FindLiveObjects: 0.346300 ms CreateObjectMapping: 0.173000 ms MarkObjects: 2.582600 ms  DeleteObjects: 1.339300 ms)

========================================================================
Received Prepare
Registering precompiled user dll's ...
Registered in 0.004462 seconds.
Begin MonoManager ReloadAssembly
Native extension for WindowsStandalone target not found
Native extension for WebGL target not found
Refreshing native plugins compatible for Editor in 0.70 ms, found 0 plugins.
Preloading 0 native plugins for Editor in 0.00 ms.
Invoked RoslynAnalysisRunner static constructor.
RoslynAnalysisRunner will not be running.
RoslynAnalysisRunner has terminated.
Mono: successfully reloaded assembly
- Completed reload, in  1.265 seconds
Platform modules already initialized, skipping
Shader 'Universal Render Pipeline/Particles/Lit': fallback shader 'Universal Render Pipeline/Particles/SimpleLit' not found
Shader 'Universal Render Pipeline/Particles/Lit': fallback shader 'Universal Render Pipeline/Particles/SimpleLit' not found
Refreshing native plugins compatible for Editor in 0.61 ms, found 0 plugins.
Preloading 0 native plugins for Editor in 0.00 ms.
Unloading 2362 Unused Serialized files (Serialized files now loaded: 0)
System memory in use before: 122.0 MB.
System memory in use after: 120.3 MB.

Unloading 34 unused Assets to reduce memory usage. Loaded Objects now: 2972.
Total: 4.825000 ms (FindLiveObjects: 0.371000 ms CreateObjectMapping: 0.136100 ms MarkObjects: 2.848300 ms  DeleteObjects: 1.468200 ms)

========================================================================
Received Prepare
Registering precompiled user dll's ...
Registered in 0.005265 seconds.
Begin MonoManager ReloadAssembly
Native extension for WindowsStandalone target not found
Native extension for WebGL target not found
Refreshing native plugins compatible for Editor in 0.48 ms, found 0 plugins.
Preloading 0 native plugins for Editor in 0.00 ms.
Invoked RoslynAnalysisRunner static constructor.
RoslynAnalysisRunner will not be running.
RoslynAnalysisRunner has terminated.
Mono: successfully reloaded assembly
- Completed reload, in  1.261 seconds
Platform modules already initialized, skipping
Shader 'Universal Render Pipeline/Particles/Lit': fallback shader 'Universal Render Pipeline/Particles/SimpleLit' not found
Shader 'Universal Render Pipeline/Particles/Lit': fallback shader 'Universal Render Pipeline/Particles/SimpleLit' not found
Refreshing native plugins compatible for Editor in 0.49 ms, found 0 plugins.
Preloading 0 native plugins for Editor in 0.00 ms.
Unloading 2362 Unused Serialized files (Serialized files now loaded: 0)
System memory in use before: 122.0 MB.
System memory in use after: 120.3 MB.

Unloading 34 unused Assets to reduce memory usage. Loaded Objects now: 2975.
Total: 6.038600 ms (FindLiveObjects: 0.298800 ms CreateObjectMapping: 0.185100 ms MarkObjects: 3.413000 ms  DeleteObjects: 2.140500 ms)

========================================================================
Received Import Request.
  Time since last request: 451.440858 seconds.
  path: Assets/Prefabs/Canvas.prefab
  artifactKey: Guid(aa7fbd6da01e06248aa1d8d8a89bd87b) Importer(815301076,1909f56bfc062723c751e8b465ee728b)
Start importing Assets/Prefabs/Canvas.prefab using Guid(aa7fbd6da01e06248aa1d8d8a89bd87b) Importer(815301076,1909f56bfc062723c751e8b465ee728b)  -> (artifact id: 'e48c06e045a8a86fe43d6924603c9bc8') in 0.083811 seconds
  Import took 0.090731 seconds .

AssetImportWorkerClient::OnTransportError - code=2 error=End of file
