Using pre-set license
Built from '2020.3/staging' branch; Version is '2020.3.0f1 (c7b5465681fb) revision 13088070'; Using compiler version '192528614'; Build Type 'Release'
OS: 'Windows 10 Home; OS build 18363.1440; Version 1909; 64bit' Language: 'en' Physical Memory: 16249 MB
BatchMode: 1, IsHumanControllingUs: 0, StartBugReporterOnCrash: 0, Is64bit: 1, IsPro: 0

 COMMAND LINE ARGUMENTS:
D:\Unity\Versions\2020.3.0f1\Editor\Unity.exe
-adb2
-batchMode
-noUpm
-name
AssetImportWorker0
-projectPath
D:/Unity/Projects/Yellowjackets/Yellowjackets Game
-logFile
Logs/AssetImportWorker0.log
-srvPort
58459
Successfully changed project path to: D:/Unity/Projects/Yellowjackets/Yellowjackets Game
D:/Unity/Projects/Yellowjackets/Yellowjackets Game
Using Asset Import Pipeline V2.
Refreshing native plugins compatible for Editor in 57.89 ms, found 0 plugins.
Preloading 0 native plugins for Editor in 0.00 ms.
Initialize engine version: 2020.3.0f1 (c7b5465681fb)
[Subsystems] Discovering subsystems at path D:/Unity/Versions/2020.3.0f1/Editor/Data/Resources/UnitySubsystems
[Subsystems] Discovering subsystems at path D:/Unity/Projects/Yellowjackets/Yellowjackets Game/Assets
GfxDevice: creating device client; threaded=0
Direct3D:
    Version:  Direct3D 11.0 [level 11.1]
    Renderer: NVIDIA GeForce GTX 1050 Ti (ID=0x1c8c)
    Vendor:   
    VRAM:     4021 MB
    Driver:   27.21.14.6079
Initialize mono
Mono path[0] = 'D:/Unity/Versions/2020.3.0f1/Editor/Data/Managed'
Mono path[1] = 'D:/Unity/Versions/2020.3.0f1/Editor/Data/MonoBleedingEdge/lib/mono/unityjit'
Mono config path = 'D:/Unity/Versions/2020.3.0f1/Editor/Data/MonoBleedingEdge/etc'
Using monoOptions --debugger-agent=transport=dt_socket,embedding=1,server=y,suspend=n,address=127.0.0.1:56204
Begin MonoManager ReloadAssembly
Registering precompiled unity dll's ...
Register platform support module: D:/Unity/Versions/2020.3.0f1/Editor/Data/PlaybackEngines/WebGLSupport/UnityEditor.WebGL.Extensions.dll
Register platform support module: D:/Unity/Versions/2020.3.0f1/Editor/Data/PlaybackEngines/WindowsStandaloneSupport/UnityEditor.WindowsStandalone.Extensions.dll
Registered in 0.006588 seconds.
Native extension for WindowsStandalone target not found
Native extension for WebGL target not found
Refreshing native plugins compatible for Editor in 58.39 ms, found 0 plugins.
Preloading 0 native plugins for Editor in 0.00 ms.
Invoked RoslynAnalysisRunner static constructor.
RoslynAnalysisRunner will not be running.
RoslynAnalysisRunner has terminated.
Mono: successfully reloaded assembly
- Completed reload, in  1.744 seconds
Platform modules already initialized, skipping
Registering precompiled user dll's ...
Registered in 0.003754 seconds.
Begin MonoManager ReloadAssembly
Native extension for WindowsStandalone target not found
Native extension for WebGL target not found
Refreshing native plugins compatible for Editor in 54.27 ms, found 0 plugins.
Preloading 0 native plugins for Editor in 0.00 ms.
Invoked RoslynAnalysisRunner static constructor.
RoslynAnalysisRunner will not be running.
RoslynAnalysisRunner has terminated.
Mono: successfully reloaded assembly
- Completed reload, in  1.233 seconds
Platform modules already initialized, skipping
========================================================================
Worker process is ready to serve import requests
Shader 'Universal Render Pipeline/Particles/Lit': fallback shader 'Universal Render Pipeline/Particles/SimpleLit' not found
Shader 'Universal Render Pipeline/Particles/Lit': fallback shader 'Universal Render Pipeline/Particles/SimpleLit' not found
Launched and connected shader compiler UnityShaderCompiler.exe after 0.08 seconds
Refreshing native plugins compatible for Editor in 0.59 ms, found 0 plugins.
Preloading 0 native plugins for Editor in 0.00 ms.
Unloading 2424 Unused Serialized files (Serialized files now loaded: 0)
System memory in use before: 111.4 MB.
System memory in use after: 109.2 MB.

Unloading 45 unused Assets to reduce memory usage. Loaded Objects now: 2836.
Total: 3.596100 ms (FindLiveObjects: 0.218000 ms CreateObjectMapping: 0.108100 ms MarkObjects: 1.902300 ms  DeleteObjects: 1.366300 ms)

========================================================================
Received Import Request.
  path: Assets
  artifactKey: Guid(00000000000000001000000000000000) Importer(815301076,1909f56bfc062723c751e8b465ee728b)
Start importing Assets using Guid(00000000000000001000000000000000) Importer(815301076,1909f56bfc062723c751e8b465ee728b)  -> (artifact id: '42baae205c97e3337697759514652acd') in 0.013201 seconds
  Import took 0.017539 seconds .

========================================================================
Received Import Request.
  Time since last request: 162.466244 seconds.
  path: Assets/LightningVFX.shadergraph
  artifactKey: Guid(5eaf0ac8e3a8efc4c8e653b70e23f070) Importer(815301076,1909f56bfc062723c751e8b465ee728b)
Start importing Assets/LightningVFX.shadergraph using Guid(5eaf0ac8e3a8efc4c8e653b70e23f070) Importer(815301076,1909f56bfc062723c751e8b465ee728b)  -> (artifact id: 'd36cd3a94c801c226cdaa356db33e0d7') in 0.065194 seconds
  Import took 0.071396 seconds .

========================================================================
Received Import Request.
  Time since last request: 0.687194 seconds.
  path: Assets/LightningVFX.shadergraph
  artifactKey: Guid(5eaf0ac8e3a8efc4c8e653b70e23f070) Importer(815301076,1909f56bfc062723c751e8b465ee728b)
Start importing Assets/LightningVFX.shadergraph using Guid(5eaf0ac8e3a8efc4c8e653b70e23f070) Importer(815301076,1909f56bfc062723c751e8b465ee728b)  -> (artifact id: 'd36cd3a94c801c226cdaa356db33e0d7') in 0.009317 seconds
  Import took 0.016126 seconds .

========================================================================
Received Import Request.
  Time since last request: 424.165872 seconds.
  path: Assets/LightningVFX.shadergraph
  artifactKey: Guid(5eaf0ac8e3a8efc4c8e653b70e23f070) Importer(815301076,1909f56bfc062723c751e8b465ee728b)
Start importing Assets/LightningVFX.shadergraph using Guid(5eaf0ac8e3a8efc4c8e653b70e23f070) Importer(815301076,1909f56bfc062723c751e8b465ee728b)  -> (artifact id: '7e7d8a6833fbf682421882926d6cf9aa') in 0.012981 seconds
  Import took 0.020682 seconds .

========================================================================
Received Import Request.
  Time since last request: 39.432494 seconds.
  path: Assets/LightningVFX.shadergraph
  artifactKey: Guid(5eaf0ac8e3a8efc4c8e653b70e23f070) Importer(815301076,1909f56bfc062723c751e8b465ee728b)
Start importing Assets/LightningVFX.shadergraph using Guid(5eaf0ac8e3a8efc4c8e653b70e23f070) Importer(815301076,1909f56bfc062723c751e8b465ee728b)  -> (artifact id: '3beeab78dfdcdae497c3436544c2e1a9') in 0.015497 seconds
  Import took 0.022386 seconds .

========================================================================
Received Import Request.
  Time since last request: 88.168358 seconds.
  path: Assets/Lightning.mat
  artifactKey: Guid(dfcd258293f93e8438fdb3b0b4ca55d7) Importer(815301076,1909f56bfc062723c751e8b465ee728b)
Start importing Assets/Lightning.mat using Guid(dfcd258293f93e8438fdb3b0b4ca55d7) Importer(815301076,1909f56bfc062723c751e8b465ee728b)  -> (artifact id: 'aba594f63ce50669cf73145952536903') in 0.334074 seconds
  Import took 0.339753 seconds .

========================================================================
Received Prepare
Registering precompiled user dll's ...
Registered in 0.003369 seconds.
Begin MonoManager ReloadAssembly
Native extension for WindowsStandalone target not found
Native extension for WebGL target not found
Refreshing native plugins compatible for Editor in 0.40 ms, found 0 plugins.
Preloading 0 native plugins for Editor in 0.00 ms.
Invoked RoslynAnalysisRunner static constructor.
RoslynAnalysisRunner will not be running.
RoslynAnalysisRunner has terminated.
Mono: successfully reloaded assembly
- Completed reload, in  1.245 seconds
Platform modules already initialized, skipping
Shader 'Universal Render Pipeline/Particles/Lit': fallback shader 'Universal Render Pipeline/Particles/SimpleLit' not found
Shader 'Universal Render Pipeline/Particles/Lit': fallback shader 'Universal Render Pipeline/Particles/SimpleLit' not found
Refreshing native plugins compatible for Editor in 0.73 ms, found 0 plugins.
Preloading 0 native plugins for Editor in 0.00 ms.
Unloading 2348 Unused Serialized files (Serialized files now loaded: 0)
System memory in use before: 113.7 MB.
System memory in use after: 111.5 MB.

Unloading 40 unused Assets to reduce memory usage. Loaded Objects now: 2917.
Total: 7.043100 ms (FindLiveObjects: 0.626700 ms CreateObjectMapping: 0.312500 ms MarkObjects: 4.477800 ms  DeleteObjects: 1.624800 ms)

========================================================================
Received Import Request.
  Time since last request: 216.694492 seconds.
  path: Packages/com.unity.render-pipelines.universal/Runtime/Materials/ParticlesUnlit.mat
  artifactKey: Guid(e823cd5b5d27c0f4b8256e7c12ee3e6d) Importer(815301076,1909f56bfc062723c751e8b465ee728b)
Start importing Packages/com.unity.render-pipelines.universal/Runtime/Materials/ParticlesUnlit.mat using Guid(e823cd5b5d27c0f4b8256e7c12ee3e6d) Importer(815301076,1909f56bfc062723c751e8b465ee728b)  -> (artifact id: '30331b656c7f41c3dd4342c81dc2967e') in 0.250735 seconds
  Import took 0.257790 seconds .

========================================================================
Received Import Request.
  Time since last request: 968.358715 seconds.
  path: Assets/Lightning.mat
  artifactKey: Guid(dfcd258293f93e8438fdb3b0b4ca55d7) Importer(815301076,1909f56bfc062723c751e8b465ee728b)
Start importing Assets/Lightning.mat using Guid(dfcd258293f93e8438fdb3b0b4ca55d7) Importer(815301076,1909f56bfc062723c751e8b465ee728b)  -> (artifact id: '84301c76e2bcb42276aa96e4c7c46b26') in 0.101457 seconds
  Import took 0.109221 seconds .

========================================================================
Received Prepare
Registering precompiled user dll's ...
Registered in 0.003939 seconds.
Begin MonoManager ReloadAssembly
Native extension for WindowsStandalone target not found
Native extension for WebGL target not found
Refreshing native plugins compatible for Editor in 2.18 ms, found 0 plugins.
Preloading 0 native plugins for Editor in 0.00 ms.
Invoked RoslynAnalysisRunner static constructor.
RoslynAnalysisRunner will not be running.
RoslynAnalysisRunner has terminated.
Mono: successfully reloaded assembly
- Completed reload, in  1.127 seconds
Platform modules already initialized, skipping
Shader 'Universal Render Pipeline/Particles/Lit': fallback shader 'Universal Render Pipeline/Particles/SimpleLit' not found
Shader 'Universal Render Pipeline/Particles/Lit': fallback shader 'Universal Render Pipeline/Particles/SimpleLit' not found
Refreshing native plugins compatible for Editor in 0.47 ms, found 0 plugins.
Preloading 0 native plugins for Editor in 0.00 ms.
Unloading 2349 Unused Serialized files (Serialized files now loaded: 0)
System memory in use before: 114.3 MB.
System memory in use after: 112.2 MB.

Unloading 40 unused Assets to reduce memory usage. Loaded Objects now: 2958.
Total: 7.975900 ms (FindLiveObjects: 0.483700 ms CreateObjectMapping: 0.220100 ms MarkObjects: 4.216600 ms  DeleteObjects: 3.053200 ms)

========================================================================
Received Import Request.
  Time since last request: 481.487232 seconds.
  path: Assets/Prefabs
  artifactKey: Guid(78a7a9b8c815a104297198521e52eccc) Importer(815301076,1909f56bfc062723c751e8b465ee728b)
Start importing Assets/Prefabs using Guid(78a7a9b8c815a104297198521e52eccc) Importer(815301076,1909f56bfc062723c751e8b465ee728b)  -> (artifact id: 'e8d52c93e473d4b732adebd578f09c25') in 0.021101 seconds
  Import took 0.027429 seconds .

========================================================================
Received Import Request.
  Time since last request: 0.092544 seconds.
  path: Assets/Prefabs/Bomb.prefab
  artifactKey: Guid(67b1e06b64fcbda4bae94db7e24ad0cc) Importer(815301076,1909f56bfc062723c751e8b465ee728b)
Start importing Assets/Prefabs/Bomb.prefab using Guid(67b1e06b64fcbda4bae94db7e24ad0cc) Importer(815301076,1909f56bfc062723c751e8b465ee728b)  -> (artifact id: '4ab7a9c635bfa5d222813cbdc00d6bf1') in 0.329964 seconds
  Import took 0.335080 seconds .

========================================================================
Received Import Request.
  Time since last request: 0.000428 seconds.
  path: Assets/Prefabs/Explosion.prefab
  artifactKey: Guid(fb7951cb7e9f16b43855deeb4c72633f) Importer(815301076,1909f56bfc062723c751e8b465ee728b)
Start importing Assets/Prefabs/Explosion.prefab using Guid(fb7951cb7e9f16b43855deeb4c72633f) Importer(815301076,1909f56bfc062723c751e8b465ee728b)  -> (artifact id: '5c0439e5acb567dc4124b6b4b387dddc') in 0.014708 seconds
  Import took 0.020572 seconds .

========================================================================
Received Import Request.
  Time since last request: 0.000614 seconds.
  path: Assets/Prefabs/Warp.prefab
  artifactKey: Guid(c7bf7a32a1f8c5744a495e3e1f1a22f9) Importer(815301076,1909f56bfc062723c751e8b465ee728b)
Start importing Assets/Prefabs/Warp.prefab using Guid(c7bf7a32a1f8c5744a495e3e1f1a22f9) Importer(815301076,1909f56bfc062723c751e8b465ee728b)  -> (artifact id: '78f9acd9395f32f775228990cb6ddf05') in 0.017343 seconds
  Import took 0.024673 seconds .

========================================================================
Received Import Request.
  Time since last request: 0.000400 seconds.
  path: Assets/Prefabs/bullet.prefab
  artifactKey: Guid(c3519fa3e6bf7c544b491335410440ac) Importer(815301076,1909f56bfc062723c751e8b465ee728b)
Start importing Assets/Prefabs/bullet.prefab using Guid(c3519fa3e6bf7c544b491335410440ac) Importer(815301076,1909f56bfc062723c751e8b465ee728b)  -> (artifact id: 'f6e2a4f7eaf9890359b6de9a67441eb2') in 0.037737 seconds
  Import took 0.045413 seconds .

========================================================================
Received Import Request.
  Time since last request: 0.000574 seconds.
  path: Assets/Prefabs/Lightning.prefab
  artifactKey: Guid(ce041a0f6144b7944a0d808f13827d74) Importer(815301076,1909f56bfc062723c751e8b465ee728b)
Start importing Assets/Prefabs/Lightning.prefab using Guid(ce041a0f6144b7944a0d808f13827d74) Importer(815301076,1909f56bfc062723c751e8b465ee728b)  -> (artifact id: '534cf985acd5ec3b3405bcad372ef29e') in 0.010304 seconds
  Import took 0.015341 seconds .

========================================================================
Received Import Request.
  Time since last request: 0.002263 seconds.
  path: Assets/Prefabs/Lightning.prefab
  artifactKey: Guid(ce041a0f6144b7944a0d808f13827d74) Importer(815301076,1909f56bfc062723c751e8b465ee728b)
Start importing Assets/Prefabs/Lightning.prefab using Guid(ce041a0f6144b7944a0d808f13827d74) Importer(815301076,1909f56bfc062723c751e8b465ee728b)  -> (artifact id: '534cf985acd5ec3b3405bcad372ef29e') in 0.010320 seconds
  Import took 0.015334 seconds .

========================================================================
Received Prepare
Registering precompiled user dll's ...
Registered in 0.004180 seconds.
Begin MonoManager ReloadAssembly
Native extension for WindowsStandalone target not found
Native extension for WebGL target not found
Refreshing native plugins compatible for Editor in 0.56 ms, found 0 plugins.
Preloading 0 native plugins for Editor in 0.00 ms.
Invoked RoslynAnalysisRunner static constructor.
RoslynAnalysisRunner will not be running.
RoslynAnalysisRunner has terminated.
Mono: successfully reloaded assembly
- Completed reload, in  1.145 seconds
Platform modules already initialized, skipping
Shader 'Universal Render Pipeline/Particles/Lit': fallback shader 'Universal Render Pipeline/Particles/SimpleLit' not found
Shader 'Universal Render Pipeline/Particles/Lit': fallback shader 'Universal Render Pipeline/Particles/SimpleLit' not found
Refreshing native plugins compatible for Editor in 0.51 ms, found 0 plugins.
Preloading 0 native plugins for Editor in 0.00 ms.
Unloading 2347 Unused Serialized files (Serialized files now loaded: 0)
System memory in use before: 114.4 MB.
System memory in use after: 112.3 MB.

Unloading 39 unused Assets to reduce memory usage. Loaded Objects now: 2999.
Total: 4.544800 ms (FindLiveObjects: 0.341400 ms CreateObjectMapping: 0.161800 ms MarkObjects: 2.608400 ms  DeleteObjects: 1.432100 ms)

========================================================================
Received Import Request.
  Time since last request: 377.328098 seconds.
  path: Assets/Prefabs/Missile.prefab
  artifactKey: Guid(3f4b941d08ba4c648a3576cf2024d6ce) Importer(815301076,1909f56bfc062723c751e8b465ee728b)
Start importing Assets/Prefabs/Missile.prefab using Guid(3f4b941d08ba4c648a3576cf2024d6ce) Importer(815301076,1909f56bfc062723c751e8b465ee728b)  -> (artifact id: '0dfc2ba684e302aa143d0f298a9a1b91') in 0.232725 seconds
  Import took 0.238771 seconds .

========================================================================
Received Import Request.
  Time since last request: 31.383536 seconds.
  path: Assets/Prefabs/Missile.prefab
  artifactKey: Guid(3f4b941d08ba4c648a3576cf2024d6ce) Importer(815301076,1909f56bfc062723c751e8b465ee728b)
Start importing Assets/Prefabs/Missile.prefab using Guid(3f4b941d08ba4c648a3576cf2024d6ce) Importer(815301076,1909f56bfc062723c751e8b465ee728b)  -> (artifact id: '636eefee45f658b7505d0be85e5c4557') in 0.051266 seconds
  Import took 0.057233 seconds .

========================================================================
Received Prepare
Registering precompiled user dll's ...
Registered in 0.003062 seconds.
Begin MonoManager ReloadAssembly
Native extension for WindowsStandalone target not found
Native extension for WebGL target not found
Refreshing native plugins compatible for Editor in 0.41 ms, found 0 plugins.
Preloading 0 native plugins for Editor in 0.00 ms.
Invoked RoslynAnalysisRunner static constructor.
RoslynAnalysisRunner will not be running.
RoslynAnalysisRunner has terminated.
Mono: successfully reloaded assembly
- Completed reload, in  1.132 seconds
Platform modules already initialized, skipping
Shader 'Universal Render Pipeline/Particles/Lit': fallback shader 'Universal Render Pipeline/Particles/SimpleLit' not found
Shader 'Universal Render Pipeline/Particles/Lit': fallback shader 'Universal Render Pipeline/Particles/SimpleLit' not found
Refreshing native plugins compatible for Editor in 0.46 ms, found 0 plugins.
Preloading 0 native plugins for Editor in 0.00 ms.
Unloading 2347 Unused Serialized files (Serialized files now loaded: 0)
System memory in use before: 114.5 MB.
System memory in use after: 112.4 MB.

Unloading 39 unused Assets to reduce memory usage. Loaded Objects now: 3039.
Total: 4.442900 ms (FindLiveObjects: 0.352900 ms CreateObjectMapping: 0.164700 ms MarkObjects: 2.485400 ms  DeleteObjects: 1.439100 ms)

========================================================================
Received Import Request.
  Time since last request: 32.546861 seconds.
  path: Assets/Prefabs/Missile.prefab
  artifactKey: Guid(3f4b941d08ba4c648a3576cf2024d6ce) Importer(815301076,1909f56bfc062723c751e8b465ee728b)
Start importing Assets/Prefabs/Missile.prefab using Guid(3f4b941d08ba4c648a3576cf2024d6ce) Importer(815301076,1909f56bfc062723c751e8b465ee728b)  -> (artifact id: '0a6dbbf25fc0a37c2ac280e9f371fa46') in 0.198503 seconds
  Import took 0.203628 seconds .

========================================================================
Received Prepare
Registering precompiled user dll's ...
Registered in 0.002783 seconds.
Begin MonoManager ReloadAssembly
Native extension for WindowsStandalone target not found
Native extension for WebGL target not found
Refreshing native plugins compatible for Editor in 0.48 ms, found 0 plugins.
Preloading 0 native plugins for Editor in 0.00 ms.
Invoked RoslynAnalysisRunner static constructor.
RoslynAnalysisRunner will not be running.
RoslynAnalysisRunner has terminated.
Mono: successfully reloaded assembly
- Completed reload, in  1.190 seconds
Platform modules already initialized, skipping
Shader 'Universal Render Pipeline/Particles/Lit': fallback shader 'Universal Render Pipeline/Particles/SimpleLit' not found
Shader 'Universal Render Pipeline/Particles/Lit': fallback shader 'Universal Render Pipeline/Particles/SimpleLit' not found
Refreshing native plugins compatible for Editor in 0.50 ms, found 0 plugins.
Preloading 0 native plugins for Editor in 0.00 ms.
Unloading 2347 Unused Serialized files (Serialized files now loaded: 0)
System memory in use before: 114.6 MB.
System memory in use after: 112.5 MB.

Unloading 39 unused Assets to reduce memory usage. Loaded Objects now: 3078.
Total: 5.154400 ms (FindLiveObjects: 0.433500 ms CreateObjectMapping: 0.149100 ms MarkObjects: 2.783900 ms  DeleteObjects: 1.786600 ms)

========================================================================
Received Import Request.
  Time since last request: 56.459093 seconds.
  path: Assets/Prefabs/Missile.prefab
  artifactKey: Guid(3f4b941d08ba4c648a3576cf2024d6ce) Importer(815301076,1909f56bfc062723c751e8b465ee728b)
Start importing Assets/Prefabs/Missile.prefab using Guid(3f4b941d08ba4c648a3576cf2024d6ce) Importer(815301076,1909f56bfc062723c751e8b465ee728b)  -> (artifact id: '40da23da50d4830db0c86e5339847b5e') in 0.199469 seconds
  Import took 0.205590 seconds .

========================================================================
Received Import Request.
  Time since last request: 11.502131 seconds.
  path: Assets/Prefabs/Missile.prefab
  artifactKey: Guid(3f4b941d08ba4c648a3576cf2024d6ce) Importer(815301076,1909f56bfc062723c751e8b465ee728b)
Start importing Assets/Prefabs/Missile.prefab using Guid(3f4b941d08ba4c648a3576cf2024d6ce) Importer(815301076,1909f56bfc062723c751e8b465ee728b)  -> (artifact id: '8cd4efc832f52c086f88c7ea7f158af5') in 0.034076 seconds
  Import took 0.040449 seconds .

========================================================================
Received Prepare
Registering precompiled user dll's ...
Registered in 0.124147 seconds.
Begin MonoManager ReloadAssembly
Native extension for WindowsStandalone target not found
Native extension for WebGL target not found
Refreshing native plugins compatible for Editor in 0.63 ms, found 0 plugins.
Preloading 0 native plugins for Editor in 0.00 ms.
Invoked RoslynAnalysisRunner static constructor.
RoslynAnalysisRunner will not be running.
RoslynAnalysisRunner has terminated.
Mono: successfully reloaded assembly
- Completed reload, in  2.963 seconds
Platform modules already initialized, skipping
Shader 'Universal Render Pipeline/Particles/Lit': fallback shader 'Universal Render Pipeline/Particles/SimpleLit' not found
Shader 'Universal Render Pipeline/Particles/Lit': fallback shader 'Universal Render Pipeline/Particles/SimpleLit' not found
Refreshing native plugins compatible for Editor in 0.45 ms, found 0 plugins.
Preloading 0 native plugins for Editor in 0.00 ms.
Unloading 2347 Unused Serialized files (Serialized files now loaded: 0)
System memory in use before: 114.9 MB.
System memory in use after: 112.7 MB.

Unloading 39 unused Assets to reduce memory usage. Loaded Objects now: 3117.
Total: 11.254600 ms (FindLiveObjects: 0.541000 ms CreateObjectMapping: 0.280900 ms MarkObjects: 7.637600 ms  DeleteObjects: 2.793300 ms)

========================================================================
Received Prepare
Registering precompiled user dll's ...
Registered in 0.003261 seconds.
Begin MonoManager ReloadAssembly
Native extension for WindowsStandalone target not found
Native extension for WebGL target not found
Refreshing native plugins compatible for Editor in 0.64 ms, found 0 plugins.
Preloading 0 native plugins for Editor in 0.00 ms.
Invoked RoslynAnalysisRunner static constructor.
RoslynAnalysisRunner will not be running.
RoslynAnalysisRunner has terminated.
Mono: successfully reloaded assembly
- Completed reload, in  1.510 seconds
Platform modules already initialized, skipping
Shader 'Universal Render Pipeline/Particles/Lit': fallback shader 'Universal Render Pipeline/Particles/SimpleLit' not found
Shader 'Universal Render Pipeline/Particles/Lit': fallback shader 'Universal Render Pipeline/Particles/SimpleLit' not found
Refreshing native plugins compatible for Editor in 0.53 ms, found 0 plugins.
Preloading 0 native plugins for Editor in 0.00 ms.
Unloading 2348 Unused Serialized files (Serialized files now loaded: 0)
System memory in use before: 114.9 MB.
System memory in use after: 112.7 MB.

Unloading 39 unused Assets to reduce memory usage. Loaded Objects now: 3121.
Total: 4.118700 ms (FindLiveObjects: 0.323800 ms CreateObjectMapping: 0.205800 ms MarkObjects: 2.002600 ms  DeleteObjects: 1.584400 ms)

========================================================================
Received Prepare
Registering precompiled user dll's ...
Registered in 0.002957 seconds.
Begin MonoManager ReloadAssembly
Native extension for WindowsStandalone target not found
Native extension for WebGL target not found
Refreshing native plugins compatible for Editor in 0.45 ms, found 0 plugins.
Preloading 0 native plugins for Editor in 0.00 ms.
Invoked RoslynAnalysisRunner static constructor.
RoslynAnalysisRunner will not be running.
RoslynAnalysisRunner has terminated.
Mono: successfully reloaded assembly
- Completed reload, in  1.145 seconds
Platform modules already initialized, skipping
Shader 'Universal Render Pipeline/Particles/Lit': fallback shader 'Universal Render Pipeline/Particles/SimpleLit' not found
Shader 'Universal Render Pipeline/Particles/Lit': fallback shader 'Universal Render Pipeline/Particles/SimpleLit' not found
Refreshing native plugins compatible for Editor in 0.85 ms, found 0 plugins.
Preloading 0 native plugins for Editor in 0.00 ms.
Unloading 2348 Unused Serialized files (Serialized files now loaded: 0)
System memory in use before: 114.9 MB.
System memory in use after: 112.7 MB.

Unloading 39 unused Assets to reduce memory usage. Loaded Objects now: 3124.
Total: 6.326300 ms (FindLiveObjects: 0.556800 ms CreateObjectMapping: 0.266900 ms MarkObjects: 3.623700 ms  DeleteObjects: 1.876800 ms)

========================================================================
Received Import Request.
  Time since last request: 2342.990733 seconds.
  path: ProjectSettings/TagManager.asset
  artifactKey: Guid(00000000000000003000000000000000) Importer(815301076,1909f56bfc062723c751e8b465ee728b)
Start importing ProjectSettings/TagManager.asset using Guid(00000000000000003000000000000000) Importer(815301076,1909f56bfc062723c751e8b465ee728b)  -> (artifact id: '4b4e676efb1b4ccbcf086cfc6095cefc') in 0.024243 seconds
  Import took 0.029240 seconds .

========================================================================
Received Import Request.
  Time since last request: 0.107604 seconds.
  path: ProjectSettings/TagManager.asset
  artifactKey: Guid(00000000000000003000000000000000) Importer(815301076,1909f56bfc062723c751e8b465ee728b)
Start importing ProjectSettings/TagManager.asset using Guid(00000000000000003000000000000000) Importer(815301076,1909f56bfc062723c751e8b465ee728b)  -> (artifact id: '4b4e676efb1b4ccbcf086cfc6095cefc') in 0.008460 seconds
  Import took 0.015224 seconds .

========================================================================
Received Import Request.
  Time since last request: 51.227113 seconds.
  path: Assets/Prefabs/Missile.prefab
  artifactKey: Guid(3f4b941d08ba4c648a3576cf2024d6ce) Importer(815301076,1909f56bfc062723c751e8b465ee728b)
Start importing Assets/Prefabs/Missile.prefab using Guid(3f4b941d08ba4c648a3576cf2024d6ce) Importer(815301076,1909f56bfc062723c751e8b465ee728b)  -> (artifact id: 'b05f3f8968196de3797da0bd8e7a702a') in 0.382772 seconds
  Import took 0.389076 seconds .

========================================================================
Received Prepare
Registering precompiled user dll's ...
Registered in 0.002836 seconds.
Begin MonoManager ReloadAssembly
Native extension for WindowsStandalone target not found
Native extension for WebGL target not found
Refreshing native plugins compatible for Editor in 0.64 ms, found 0 plugins.
Preloading 0 native plugins for Editor in 0.00 ms.
Invoked RoslynAnalysisRunner static constructor.
RoslynAnalysisRunner will not be running.
RoslynAnalysisRunner has terminated.
Mono: successfully reloaded assembly
- Completed reload, in  1.173 seconds
Platform modules already initialized, skipping
Shader 'Universal Render Pipeline/Particles/Lit': fallback shader 'Universal Render Pipeline/Particles/SimpleLit' not found
Shader 'Universal Render Pipeline/Particles/Lit': fallback shader 'Universal Render Pipeline/Particles/SimpleLit' not found
Refreshing native plugins compatible for Editor in 0.71 ms, found 0 plugins.
Preloading 0 native plugins for Editor in 0.00 ms.
Unloading 2348 Unused Serialized files (Serialized files now loaded: 0)
System memory in use before: 115.0 MB.
System memory in use after: 112.9 MB.

Unloading 41 unused Assets to reduce memory usage. Loaded Objects now: 3163.
Total: 5.065600 ms (FindLiveObjects: 0.477400 ms CreateObjectMapping: 0.228000 ms MarkObjects: 2.677300 ms  DeleteObjects: 1.681300 ms)

========================================================================
Received Prepare
Registering precompiled user dll's ...
Registered in 0.002795 seconds.
Begin MonoManager ReloadAssembly
Native extension for WindowsStandalone target not found
Native extension for WebGL target not found
Refreshing native plugins compatible for Editor in 0.49 ms, found 0 plugins.
Preloading 0 native plugins for Editor in 0.00 ms.
Invoked RoslynAnalysisRunner static constructor.
RoslynAnalysisRunner will not be running.
RoslynAnalysisRunner has terminated.
Mono: successfully reloaded assembly
- Completed reload, in  1.113 seconds
Platform modules already initialized, skipping
Shader 'Universal Render Pipeline/Particles/Lit': fallback shader 'Universal Render Pipeline/Particles/SimpleLit' not found
Shader 'Universal Render Pipeline/Particles/Lit': fallback shader 'Universal Render Pipeline/Particles/SimpleLit' not found
Refreshing native plugins compatible for Editor in 0.42 ms, found 0 plugins.
Preloading 0 native plugins for Editor in 0.00 ms.
Unloading 2348 Unused Serialized files (Serialized files now loaded: 0)
System memory in use before: 114.9 MB.
System memory in use after: 112.8 MB.

Unloading 39 unused Assets to reduce memory usage. Loaded Objects now: 3166.
Total: 6.105300 ms (FindLiveObjects: 0.366900 ms CreateObjectMapping: 0.172800 ms MarkObjects: 3.621100 ms  DeleteObjects: 1.942700 ms)

========================================================================
Received Import Request.
  Time since last request: 95.863970 seconds.
  path: Assets/Prefabs/Missile.prefab
  artifactKey: Guid(3f4b941d08ba4c648a3576cf2024d6ce) Importer(815301076,1909f56bfc062723c751e8b465ee728b)
Start importing Assets/Prefabs/Missile.prefab using Guid(3f4b941d08ba4c648a3576cf2024d6ce) Importer(815301076,1909f56bfc062723c751e8b465ee728b)  -> (artifact id: '9e640c49ba76a67ed023e5ee41d3971d') in 0.189219 seconds
  Import took 0.194875 seconds .

========================================================================
Received Import Request.
  Time since last request: 1.115452 seconds.
  path: Assets/Prefabs/Missile.prefab
  artifactKey: Guid(3f4b941d08ba4c648a3576cf2024d6ce) Importer(815301076,1909f56bfc062723c751e8b465ee728b)
Start importing Assets/Prefabs/Missile.prefab using Guid(3f4b941d08ba4c648a3576cf2024d6ce) Importer(815301076,1909f56bfc062723c751e8b465ee728b)  -> (artifact id: '9e640c49ba76a67ed023e5ee41d3971d') in 0.026765 seconds
  Import took 0.032016 seconds .

========================================================================
Received Prepare
Registering precompiled user dll's ...
Registered in 0.003515 seconds.
Begin MonoManager ReloadAssembly
Native extension for WindowsStandalone target not found
Native extension for WebGL target not found
Refreshing native plugins compatible for Editor in 0.40 ms, found 0 plugins.
Preloading 0 native plugins for Editor in 0.00 ms.
Invoked RoslynAnalysisRunner static constructor.
RoslynAnalysisRunner will not be running.
RoslynAnalysisRunner has terminated.
Mono: successfully reloaded assembly
- Completed reload, in  1.109 seconds
Platform modules already initialized, skipping
Shader 'Universal Render Pipeline/Particles/Lit': fallback shader 'Universal Render Pipeline/Particles/SimpleLit' not found
Shader 'Universal Render Pipeline/Particles/Lit': fallback shader 'Universal Render Pipeline/Particles/SimpleLit' not found
Refreshing native plugins compatible for Editor in 0.48 ms, found 0 plugins.
Preloading 0 native plugins for Editor in 0.00 ms.
Unloading 2348 Unused Serialized files (Serialized files now loaded: 0)
System memory in use before: 115.1 MB.
System memory in use after: 113.0 MB.

Unloading 39 unused Assets to reduce memory usage. Loaded Objects now: 3205.
Total: 4.989700 ms (FindLiveObjects: 0.371000 ms CreateObjectMapping: 0.248700 ms MarkObjects: 2.684900 ms  DeleteObjects: 1.684100 ms)

========================================================================
Received Prepare
Registering precompiled user dll's ...
Registered in 0.002953 seconds.
Begin MonoManager ReloadAssembly
Native extension for WindowsStandalone target not found
Native extension for WebGL target not found
Refreshing native plugins compatible for Editor in 0.55 ms, found 0 plugins.
Preloading 0 native plugins for Editor in 0.00 ms.
Invoked RoslynAnalysisRunner static constructor.
RoslynAnalysisRunner will not be running.
RoslynAnalysisRunner has terminated.
Mono: successfully reloaded assembly
- Completed reload, in  1.178 seconds
Platform modules already initialized, skipping
Shader 'Universal Render Pipeline/Particles/Lit': fallback shader 'Universal Render Pipeline/Particles/SimpleLit' not found
Shader 'Universal Render Pipeline/Particles/Lit': fallback shader 'Universal Render Pipeline/Particles/SimpleLit' not found
Refreshing native plugins compatible for Editor in 0.60 ms, found 0 plugins.
Preloading 0 native plugins for Editor in 0.00 ms.
Unloading 2348 Unused Serialized files (Serialized files now loaded: 0)
System memory in use before: 115.2 MB.
System memory in use after: 113.0 MB.

Unloading 39 unused Assets to reduce memory usage. Loaded Objects now: 3208.
Total: 4.983800 ms (FindLiveObjects: 0.495900 ms CreateObjectMapping: 0.207900 ms MarkObjects: 2.597000 ms  DeleteObjects: 1.681900 ms)

========================================================================
Received Prepare
Registering precompiled user dll's ...
Registered in 0.003045 seconds.
Begin MonoManager ReloadAssembly
Native extension for WindowsStandalone target not found
Native extension for WebGL target not found
Refreshing native plugins compatible for Editor in 0.52 ms, found 0 plugins.
Preloading 0 native plugins for Editor in 0.00 ms.
Invoked RoslynAnalysisRunner static constructor.
RoslynAnalysisRunner will not be running.
RoslynAnalysisRunner has terminated.
Mono: successfully reloaded assembly
- Completed reload, in  1.132 seconds
Platform modules already initialized, skipping
Shader 'Universal Render Pipeline/Particles/Lit': fallback shader 'Universal Render Pipeline/Particles/SimpleLit' not found
Shader 'Universal Render Pipeline/Particles/Lit': fallback shader 'Universal Render Pipeline/Particles/SimpleLit' not found
Refreshing native plugins compatible for Editor in 0.42 ms, found 0 plugins.
Preloading 0 native plugins for Editor in 0.00 ms.
Unloading 2348 Unused Serialized files (Serialized files now loaded: 0)
System memory in use before: 115.2 MB.
System memory in use after: 113.0 MB.

Unloading 39 unused Assets to reduce memory usage. Loaded Objects now: 3211.
Total: 7.375200 ms (FindLiveObjects: 0.729500 ms CreateObjectMapping: 0.241000 ms MarkObjects: 4.293600 ms  DeleteObjects: 2.109500 ms)

========================================================================
Received Import Request.
  Time since last request: 145.926986 seconds.
  path: Assets/Prefabs/Missile.prefab
  artifactKey: Guid(3f4b941d08ba4c648a3576cf2024d6ce) Importer(815301076,1909f56bfc062723c751e8b465ee728b)
Start importing Assets/Prefabs/Missile.prefab using Guid(3f4b941d08ba4c648a3576cf2024d6ce) Importer(815301076,1909f56bfc062723c751e8b465ee728b)  -> (artifact id: 'd53f5ff6eed781911cfb667a850126cc') in 0.235884 seconds
  Import took 0.242854 seconds .

========================================================================
Received Import Request.
  Time since last request: 11.968624 seconds.
  path: Assets/Prefabs/Missile.prefab
  artifactKey: Guid(3f4b941d08ba4c648a3576cf2024d6ce) Importer(815301076,1909f56bfc062723c751e8b465ee728b)
Start importing Assets/Prefabs/Missile.prefab using Guid(3f4b941d08ba4c648a3576cf2024d6ce) Importer(815301076,1909f56bfc062723c751e8b465ee728b)  -> (artifact id: 'bac67ef8396b1c94db17c49255ea8140') in 0.026724 seconds
  Import took 0.031934 seconds .

========================================================================
Received Import Request.
  Time since last request: 0.020814 seconds.
  path: Assets/Prefabs/Missile.prefab
  artifactKey: Guid(3f4b941d08ba4c648a3576cf2024d6ce) Importer(815301076,1909f56bfc062723c751e8b465ee728b)
Start importing Assets/Prefabs/Missile.prefab using Guid(3f4b941d08ba4c648a3576cf2024d6ce) Importer(815301076,1909f56bfc062723c751e8b465ee728b)  -> (artifact id: 'bac67ef8396b1c94db17c49255ea8140') in 0.033620 seconds
  Import took 0.039962 seconds .

========================================================================
Received Prepare
Registering precompiled user dll's ...
Registered in 0.003070 seconds.
Begin MonoManager ReloadAssembly
Native extension for WindowsStandalone target not found
Native extension for WebGL target not found
Refreshing native plugins compatible for Editor in 0.45 ms, found 0 plugins.
Preloading 0 native plugins for Editor in 0.00 ms.
Invoked RoslynAnalysisRunner static constructor.
RoslynAnalysisRunner will not be running.
RoslynAnalysisRunner has terminated.
Mono: successfully reloaded assembly
- Completed reload, in  1.231 seconds
Platform modules already initialized, skipping
Shader 'Universal Render Pipeline/Particles/Lit': fallback shader 'Universal Render Pipeline/Particles/SimpleLit' not found
Shader 'Universal Render Pipeline/Particles/Lit': fallback shader 'Universal Render Pipeline/Particles/SimpleLit' not found
Refreshing native plugins compatible for Editor in 0.47 ms, found 0 plugins.
Preloading 0 native plugins for Editor in 0.00 ms.
Unloading 2348 Unused Serialized files (Serialized files now loaded: 0)
System memory in use before: 115.3 MB.
System memory in use after: 113.2 MB.

Unloading 39 unused Assets to reduce memory usage. Loaded Objects now: 3250.
Total: 4.360000 ms (FindLiveObjects: 0.384200 ms CreateObjectMapping: 0.167800 ms MarkObjects: 2.282700 ms  DeleteObjects: 1.524300 ms)

========================================================================
Received Prepare
Registering precompiled user dll's ...
Registered in 0.002898 seconds.
Begin MonoManager ReloadAssembly
Native extension for WindowsStandalone target not found
Native extension for WebGL target not found
Refreshing native plugins compatible for Editor in 1.03 ms, found 0 plugins.
Preloading 0 native plugins for Editor in 0.00 ms.
Invoked RoslynAnalysisRunner static constructor.
RoslynAnalysisRunner will not be running.
RoslynAnalysisRunner has terminated.
Mono: successfully reloaded assembly
- Completed reload, in  1.168 seconds
Platform modules already initialized, skipping
Shader 'Universal Render Pipeline/Particles/Lit': fallback shader 'Universal Render Pipeline/Particles/SimpleLit' not found
Shader 'Universal Render Pipeline/Particles/Lit': fallback shader 'Universal Render Pipeline/Particles/SimpleLit' not found
Refreshing native plugins compatible for Editor in 0.43 ms, found 0 plugins.
Preloading 0 native plugins for Editor in 0.00 ms.
Unloading 2348 Unused Serialized files (Serialized files now loaded: 0)
System memory in use before: 115.2 MB.
System memory in use after: 113.1 MB.

Unloading 39 unused Assets to reduce memory usage. Loaded Objects now: 3253.
Total: 6.060800 ms (FindLiveObjects: 0.357900 ms CreateObjectMapping: 0.148900 ms MarkObjects: 2.957100 ms  DeleteObjects: 2.595900 ms)

========================================================================
Received Prepare
Registering precompiled user dll's ...
Registered in 0.002793 seconds.
Begin MonoManager ReloadAssembly
Native extension for WindowsStandalone target not found
Native extension for WebGL target not found
Refreshing native plugins compatible for Editor in 0.60 ms, found 0 plugins.
Preloading 0 native plugins for Editor in 0.00 ms.
Invoked RoslynAnalysisRunner static constructor.
RoslynAnalysisRunner will not be running.
RoslynAnalysisRunner has terminated.
Mono: successfully reloaded assembly
- Completed reload, in  1.082 seconds
Platform modules already initialized, skipping
Shader 'Universal Render Pipeline/Particles/Lit': fallback shader 'Universal Render Pipeline/Particles/SimpleLit' not found
Shader 'Universal Render Pipeline/Particles/Lit': fallback shader 'Universal Render Pipeline/Particles/SimpleLit' not found
Refreshing native plugins compatible for Editor in 0.70 ms, found 0 plugins.
Preloading 0 native plugins for Editor in 0.00 ms.
Unloading 2348 Unused Serialized files (Serialized files now loaded: 0)
System memory in use before: 115.3 MB.
System memory in use after: 113.2 MB.

Unloading 39 unused Assets to reduce memory usage. Loaded Objects now: 3256.
Total: 4.737800 ms (FindLiveObjects: 0.597900 ms CreateObjectMapping: 0.175700 ms MarkObjects: 2.388800 ms  DeleteObjects: 1.574100 ms)

========================================================================
Received Import Request.
  Time since last request: 73.541209 seconds.
  path: Assets/Prefabs/Missile.prefab
  artifactKey: Guid(3f4b941d08ba4c648a3576cf2024d6ce) Importer(815301076,1909f56bfc062723c751e8b465ee728b)
Start importing Assets/Prefabs/Missile.prefab using Guid(3f4b941d08ba4c648a3576cf2024d6ce) Importer(815301076,1909f56bfc062723c751e8b465ee728b)  -> (artifact id: '16e4cf96fc3c64be2a3c09a34a5b2172') in 0.186501 seconds
  Import took 0.191610 seconds .

========================================================================
Received Prepare
Registering precompiled user dll's ...
Registered in 0.003022 seconds.
Begin MonoManager ReloadAssembly
Native extension for WindowsStandalone target not found
Native extension for WebGL target not found
Refreshing native plugins compatible for Editor in 0.43 ms, found 0 plugins.
Preloading 0 native plugins for Editor in 0.00 ms.
Invoked RoslynAnalysisRunner static constructor.
RoslynAnalysisRunner will not be running.
RoslynAnalysisRunner has terminated.
Mono: successfully reloaded assembly
- Completed reload, in  1.109 seconds
Platform modules already initialized, skipping
Shader 'Universal Render Pipeline/Particles/Lit': fallback shader 'Universal Render Pipeline/Particles/SimpleLit' not found
Shader 'Universal Render Pipeline/Particles/Lit': fallback shader 'Universal Render Pipeline/Particles/SimpleLit' not found
Refreshing native plugins compatible for Editor in 0.46 ms, found 0 plugins.
Preloading 0 native plugins for Editor in 0.00 ms.
Unloading 2348 Unused Serialized files (Serialized files now loaded: 0)
System memory in use before: 115.5 MB.
System memory in use after: 113.3 MB.

Unloading 39 unused Assets to reduce memory usage. Loaded Objects now: 3295.
Total: 10.216500 ms (FindLiveObjects: 0.806200 ms CreateObjectMapping: 0.294700 ms MarkObjects: 6.037800 ms  DeleteObjects: 3.075900 ms)

========================================================================
Received Prepare
Registering precompiled user dll's ...
Registered in 0.002771 seconds.
Begin MonoManager ReloadAssembly
Native extension for WindowsStandalone target not found
Native extension for WebGL target not found
Refreshing native plugins compatible for Editor in 0.54 ms, found 0 plugins.
Preloading 0 native plugins for Editor in 0.00 ms.
Invoked RoslynAnalysisRunner static constructor.
RoslynAnalysisRunner will not be running.
RoslynAnalysisRunner has terminated.
Mono: successfully reloaded assembly
- Completed reload, in  1.143 seconds
Platform modules already initialized, skipping
Shader 'Universal Render Pipeline/Particles/Lit': fallback shader 'Universal Render Pipeline/Particles/SimpleLit' not found
Shader 'Universal Render Pipeline/Particles/Lit': fallback shader 'Universal Render Pipeline/Particles/SimpleLit' not found
Refreshing native plugins compatible for Editor in 0.52 ms, found 0 plugins.
Preloading 0 native plugins for Editor in 0.00 ms.
Unloading 2348 Unused Serialized files (Serialized files now loaded: 0)
System memory in use before: 115.4 MB.
System memory in use after: 113.3 MB.

Unloading 39 unused Assets to reduce memory usage. Loaded Objects now: 3298.
Total: 5.394000 ms (FindLiveObjects: 0.660100 ms CreateObjectMapping: 0.192800 ms MarkObjects: 2.849100 ms  DeleteObjects: 1.690600 ms)

========================================================================
Received Prepare
Registering precompiled user dll's ...
Registered in 0.002677 seconds.
Begin MonoManager ReloadAssembly
Native extension for WindowsStandalone target not found
Native extension for WebGL target not found
Refreshing native plugins compatible for Editor in 0.40 ms, found 0 plugins.
Preloading 0 native plugins for Editor in 0.00 ms.
Invoked RoslynAnalysisRunner static constructor.
RoslynAnalysisRunner will not be running.
RoslynAnalysisRunner has terminated.
Mono: successfully reloaded assembly
- Completed reload, in  1.048 seconds
Platform modules already initialized, skipping
Shader 'Universal Render Pipeline/Particles/Lit': fallback shader 'Universal Render Pipeline/Particles/SimpleLit' not found
Shader 'Universal Render Pipeline/Particles/Lit': fallback shader 'Universal Render Pipeline/Particles/SimpleLit' not found
Refreshing native plugins compatible for Editor in 0.39 ms, found 0 plugins.
Preloading 0 native plugins for Editor in 0.00 ms.
Unloading 2348 Unused Serialized files (Serialized files now loaded: 0)
System memory in use before: 115.5 MB.
System memory in use after: 113.3 MB.

Unloading 39 unused Assets to reduce memory usage. Loaded Objects now: 3301.
Total: 5.115800 ms (FindLiveObjects: 0.372300 ms CreateObjectMapping: 0.190100 ms MarkObjects: 2.834600 ms  DeleteObjects: 1.717600 ms)

========================================================================
Received Prepare
Registering precompiled user dll's ...
Registered in 0.003360 seconds.
Begin MonoManager ReloadAssembly
Native extension for WindowsStandalone target not found
Native extension for WebGL target not found
Refreshing native plugins compatible for Editor in 0.47 ms, found 0 plugins.
Preloading 0 native plugins for Editor in 0.00 ms.
Invoked RoslynAnalysisRunner static constructor.
RoslynAnalysisRunner will not be running.
RoslynAnalysisRunner has terminated.
Mono: successfully reloaded assembly
- Completed reload, in  1.404 seconds
Platform modules already initialized, skipping
Script is not up to date after domain reload: guid(5fecde1cf9bab614483acc00d42d54bd) path("Assets/homingProjectile.cs") state(2)
Shader 'Universal Render Pipeline/Particles/Lit': fallback shader 'Universal Render Pipeline/Particles/SimpleLit' not found
Shader 'Universal Render Pipeline/Particles/Lit': fallback shader 'Universal Render Pipeline/Particles/SimpleLit' not found
Refreshing native plugins compatible for Editor in 0.41 ms, found 0 plugins.
Preloading 0 native plugins for Editor in 0.00 ms.
Unloading 2348 Unused Serialized files (Serialized files now loaded: 0)
System memory in use before: 115.4 MB.
System memory in use after: 113.2 MB.

Unloading 39 unused Assets to reduce memory usage. Loaded Objects now: 3304.
Total: 5.388200 ms (FindLiveObjects: 0.358700 ms CreateObjectMapping: 0.165300 ms MarkObjects: 3.194800 ms  DeleteObjects: 1.668000 ms)

========================================================================
Received Prepare
Registering precompiled user dll's ...
Registered in 0.002699 seconds.
Begin MonoManager ReloadAssembly
Native extension for WindowsStandalone target not found
Native extension for WebGL target not found
Refreshing native plugins compatible for Editor in 0.44 ms, found 0 plugins.
Preloading 0 native plugins for Editor in 0.00 ms.
Invoked RoslynAnalysisRunner static constructor.
RoslynAnalysisRunner will not be running.
RoslynAnalysisRunner has terminated.
Mono: successfully reloaded assembly
- Completed reload, in  1.203 seconds
Platform modules already initialized, skipping
Shader 'Universal Render Pipeline/Particles/Lit': fallback shader 'Universal Render Pipeline/Particles/SimpleLit' not found
Shader 'Universal Render Pipeline/Particles/Lit': fallback shader 'Universal Render Pipeline/Particles/SimpleLit' not found
Refreshing native plugins compatible for Editor in 0.45 ms, found 0 plugins.
Preloading 0 native plugins for Editor in 0.00 ms.
Unloading 2349 Unused Serialized files (Serialized files now loaded: 0)
System memory in use before: 115.5 MB.
System memory in use after: 113.3 MB.

Unloading 39 unused Assets to reduce memory usage. Loaded Objects now: 3308.
Total: 5.495400 ms (FindLiveObjects: 0.588800 ms CreateObjectMapping: 0.237100 ms MarkObjects: 2.706400 ms  DeleteObjects: 1.961600 ms)

========================================================================
Received Import Request.
  Time since last request: 3454.682843 seconds.
  path: Assets/homingProjectile.cs
  artifactKey: Guid(5fecde1cf9bab614483acc00d42d54bd) Importer(815301076,1909f56bfc062723c751e8b465ee728b)
Start importing Assets/homingProjectile.cs using Guid(5fecde1cf9bab614483acc00d42d54bd) Importer(815301076,1909f56bfc062723c751e8b465ee728b)  -> (artifact id: 'c611dce15005a8575b0e8ceca653a8d5') in 0.041110 seconds
  Import took 0.045339 seconds .

========================================================================
Received Prepare
Registering precompiled user dll's ...
Registered in 0.003371 seconds.
Begin MonoManager ReloadAssembly
Native extension for WindowsStandalone target not found
Native extension for WebGL target not found
Refreshing native plugins compatible for Editor in 0.60 ms, found 0 plugins.
Preloading 0 native plugins for Editor in 0.00 ms.
Invoked RoslynAnalysisRunner static constructor.
RoslynAnalysisRunner will not be running.
RoslynAnalysisRunner has terminated.
Mono: successfully reloaded assembly
- Completed reload, in  1.156 seconds
Platform modules already initialized, skipping
Shader 'Universal Render Pipeline/Particles/Lit': fallback shader 'Universal Render Pipeline/Particles/SimpleLit' not found
Shader 'Universal Render Pipeline/Particles/Lit': fallback shader 'Universal Render Pipeline/Particles/SimpleLit' not found
Refreshing native plugins compatible for Editor in 0.56 ms, found 0 plugins.
Preloading 0 native plugins for Editor in 0.00 ms.
Unloading 2349 Unused Serialized files (Serialized files now loaded: 0)
System memory in use before: 115.5 MB.
System memory in use after: 113.4 MB.

Unloading 39 unused Assets to reduce memory usage. Loaded Objects now: 3311.
Total: 5.030700 ms (FindLiveObjects: 0.342400 ms CreateObjectMapping: 0.134300 ms MarkObjects: 2.830100 ms  DeleteObjects: 1.722700 ms)

========================================================================
Received Import Request.
  Time since last request: 618.409296 seconds.
  path: Assets/homingProjectile.cs
  artifactKey: Guid(5fecde1cf9bab614483acc00d42d54bd) Importer(815301076,1909f56bfc062723c751e8b465ee728b)
Start importing Assets/homingProjectile.cs using Guid(5fecde1cf9bab614483acc00d42d54bd) Importer(815301076,1909f56bfc062723c751e8b465ee728b)  -> (artifact id: 'e929add70418a757e2a6a9f042505a51') in 0.049667 seconds
  Import took 0.055742 seconds .

========================================================================
Received Prepare
Registering precompiled user dll's ...
Registered in 0.003928 seconds.
Begin MonoManager ReloadAssembly
Native extension for WindowsStandalone target not found
Native extension for WebGL target not found
Refreshing native plugins compatible for Editor in 0.62 ms, found 0 plugins.
Preloading 0 native plugins for Editor in 0.00 ms.
Invoked RoslynAnalysisRunner static constructor.
RoslynAnalysisRunner will not be running.
RoslynAnalysisRunner has terminated.
Mono: successfully reloaded assembly
- Completed reload, in  1.121 seconds
Platform modules already initialized, skipping
Shader 'Universal Render Pipeline/Particles/Lit': fallback shader 'Universal Render Pipeline/Particles/SimpleLit' not found
Shader 'Universal Render Pipeline/Particles/Lit': fallback shader 'Universal Render Pipeline/Particles/SimpleLit' not found
Refreshing native plugins compatible for Editor in 0.76 ms, found 0 plugins.
Preloading 0 native plugins for Editor in 0.00 ms.
Unloading 2349 Unused Serialized files (Serialized files now loaded: 0)
System memory in use before: 115.5 MB.
System memory in use after: 113.4 MB.

Unloading 39 unused Assets to reduce memory usage. Loaded Objects now: 3314.
Total: 5.274300 ms (FindLiveObjects: 0.428200 ms CreateObjectMapping: 0.173400 ms MarkObjects: 2.627100 ms  DeleteObjects: 2.044700 ms)

========================================================================
Received Prepare
Registering precompiled user dll's ...
Registered in 0.003235 seconds.
Begin MonoManager ReloadAssembly
Native extension for WindowsStandalone target not found
Native extension for WebGL target not found
Refreshing native plugins compatible for Editor in 0.53 ms, found 0 plugins.
Preloading 0 native plugins for Editor in 0.00 ms.
Invoked RoslynAnalysisRunner static constructor.
RoslynAnalysisRunner will not be running.
RoslynAnalysisRunner has terminated.
Mono: successfully reloaded assembly
- Completed reload, in  1.124 seconds
Platform modules already initialized, skipping
Shader 'Universal Render Pipeline/Particles/Lit': fallback shader 'Universal Render Pipeline/Particles/SimpleLit' not found
Shader 'Universal Render Pipeline/Particles/Lit': fallback shader 'Universal Render Pipeline/Particles/SimpleLit' not found
Refreshing native plugins compatible for Editor in 0.51 ms, found 0 plugins.
Preloading 0 native plugins for Editor in 0.00 ms.
Unloading 2349 Unused Serialized files (Serialized files now loaded: 0)
System memory in use before: 115.5 MB.
System memory in use after: 113.4 MB.

Unloading 39 unused Assets to reduce memory usage. Loaded Objects now: 3317.
Total: 5.033500 ms (FindLiveObjects: 0.347600 ms CreateObjectMapping: 0.145600 ms MarkObjects: 2.970900 ms  DeleteObjects: 1.568400 ms)

========================================================================
Received Prepare
Registering precompiled user dll's ...
Registered in 0.002779 seconds.
Begin MonoManager ReloadAssembly
Native extension for WindowsStandalone target not found
Native extension for WebGL target not found
Refreshing native plugins compatible for Editor in 0.42 ms, found 0 plugins.
Preloading 0 native plugins for Editor in 0.00 ms.
Invoked RoslynAnalysisRunner static constructor.
RoslynAnalysisRunner will not be running.
RoslynAnalysisRunner has terminated.
Mono: successfully reloaded assembly
- Completed reload, in  1.134 seconds
Platform modules already initialized, skipping
Shader 'Universal Render Pipeline/Particles/Lit': fallback shader 'Universal Render Pipeline/Particles/SimpleLit' not found
Shader 'Universal Render Pipeline/Particles/Lit': fallback shader 'Universal Render Pipeline/Particles/SimpleLit' not found
Refreshing native plugins compatible for Editor in 0.41 ms, found 0 plugins.
Preloading 0 native plugins for Editor in 0.00 ms.
Unloading 2349 Unused Serialized files (Serialized files now loaded: 0)
System memory in use before: 115.4 MB.
System memory in use after: 113.3 MB.

Unloading 39 unused Assets to reduce memory usage. Loaded Objects now: 3320.
Total: 4.735100 ms (FindLiveObjects: 0.369200 ms CreateObjectMapping: 0.155400 ms MarkObjects: 2.603100 ms  DeleteObjects: 1.606600 ms)

========================================================================
Received Prepare
Registering precompiled user dll's ...
Registered in 0.002986 seconds.
Begin MonoManager ReloadAssembly
Native extension for WindowsStandalone target not found
Native extension for WebGL target not found
Refreshing native plugins compatible for Editor in 0.41 ms, found 0 plugins.
Preloading 0 native plugins for Editor in 0.00 ms.
Invoked RoslynAnalysisRunner static constructor.
RoslynAnalysisRunner will not be running.
RoslynAnalysisRunner has terminated.
Mono: successfully reloaded assembly
- Completed reload, in  1.102 seconds
Platform modules already initialized, skipping
Shader 'Universal Render Pipeline/Particles/Lit': fallback shader 'Universal Render Pipeline/Particles/SimpleLit' not found
Shader 'Universal Render Pipeline/Particles/Lit': fallback shader 'Universal Render Pipeline/Particles/SimpleLit' not found
Refreshing native plugins compatible for Editor in 0.66 ms, found 0 plugins.
Preloading 0 native plugins for Editor in 0.00 ms.
Unloading 2349 Unused Serialized files (Serialized files now loaded: 0)
System memory in use before: 115.5 MB.
System memory in use after: 113.4 MB.

Unloading 39 unused Assets to reduce memory usage. Loaded Objects now: 3323.
Total: 5.645100 ms (FindLiveObjects: 0.574900 ms CreateObjectMapping: 0.204300 ms MarkObjects: 3.034400 ms  DeleteObjects: 1.816500 ms)

========================================================================
Received Prepare
Registering precompiled user dll's ...
Registered in 0.003025 seconds.
Begin MonoManager ReloadAssembly
Native extension for WindowsStandalone target not found
Native extension for WebGL target not found
Refreshing native plugins compatible for Editor in 0.40 ms, found 0 plugins.
Preloading 0 native plugins for Editor in 0.00 ms.
Invoked RoslynAnalysisRunner static constructor.
RoslynAnalysisRunner will not be running.
RoslynAnalysisRunner has terminated.
Mono: successfully reloaded assembly
- Completed reload, in  1.267 seconds
Platform modules already initialized, skipping
Shader 'Universal Render Pipeline/Particles/Lit': fallback shader 'Universal Render Pipeline/Particles/SimpleLit' not found
Shader 'Universal Render Pipeline/Particles/Lit': fallback shader 'Universal Render Pipeline/Particles/SimpleLit' not found
Refreshing native plugins compatible for Editor in 0.72 ms, found 0 plugins.
Preloading 0 native plugins for Editor in 0.00 ms.
Unloading 2349 Unused Serialized files (Serialized files now loaded: 0)
System memory in use before: 115.5 MB.
System memory in use after: 113.4 MB.

Unloading 39 unused Assets to reduce memory usage. Loaded Objects now: 3326.
Total: 6.779300 ms (FindLiveObjects: 0.522900 ms CreateObjectMapping: 0.291500 ms MarkObjects: 3.654100 ms  DeleteObjects: 2.309600 ms)

========================================================================
Received Prepare
Registering precompiled user dll's ...
Registered in 0.003168 seconds.
Begin MonoManager ReloadAssembly
Native extension for WindowsStandalone target not found
Native extension for WebGL target not found
Refreshing native plugins compatible for Editor in 0.48 ms, found 0 plugins.
Preloading 0 native plugins for Editor in 0.00 ms.
Invoked RoslynAnalysisRunner static constructor.
RoslynAnalysisRunner will not be running.
RoslynAnalysisRunner has terminated.
Mono: successfully reloaded assembly
- Completed reload, in  1.124 seconds
Platform modules already initialized, skipping
Shader 'Universal Render Pipeline/Particles/Lit': fallback shader 'Universal Render Pipeline/Particles/SimpleLit' not found
Shader 'Universal Render Pipeline/Particles/Lit': fallback shader 'Universal Render Pipeline/Particles/SimpleLit' not found
Refreshing native plugins compatible for Editor in 0.50 ms, found 0 plugins.
Preloading 0 native plugins for Editor in 0.00 ms.
Unloading 2349 Unused Serialized files (Serialized files now loaded: 0)
System memory in use before: 115.6 MB.
System memory in use after: 113.4 MB.

Unloading 39 unused Assets to reduce memory usage. Loaded Objects now: 3329.
Total: 4.672100 ms (FindLiveObjects: 0.383700 ms CreateObjectMapping: 0.135300 ms MarkObjects: 2.554100 ms  DeleteObjects: 1.597500 ms)

========================================================================
Received Prepare
Registering precompiled user dll's ...
Registered in 0.003567 seconds.
Begin MonoManager ReloadAssembly
Native extension for WindowsStandalone target not found
Native extension for WebGL target not found
Refreshing native plugins compatible for Editor in 0.45 ms, found 0 plugins.
Preloading 0 native plugins for Editor in 0.00 ms.
Invoked RoslynAnalysisRunner static constructor.
RoslynAnalysisRunner will not be running.
RoslynAnalysisRunner has terminated.
Mono: successfully reloaded assembly
- Completed reload, in  1.234 seconds
Platform modules already initialized, skipping
Shader 'Universal Render Pipeline/Particles/Lit': fallback shader 'Universal Render Pipeline/Particles/SimpleLit' not found
Shader 'Universal Render Pipeline/Particles/Lit': fallback shader 'Universal Render Pipeline/Particles/SimpleLit' not found
Refreshing native plugins compatible for Editor in 0.41 ms, found 0 plugins.
Preloading 0 native plugins for Editor in 0.00 ms.
Unloading 2349 Unused Serialized files (Serialized files now loaded: 0)
System memory in use before: 115.5 MB.
System memory in use after: 113.4 MB.

Unloading 39 unused Assets to reduce memory usage. Loaded Objects now: 3332.
Total: 4.792100 ms (FindLiveObjects: 0.335600 ms CreateObjectMapping: 0.131300 ms MarkObjects: 2.609500 ms  DeleteObjects: 1.714500 ms)

========================================================================
Received Prepare
Registering precompiled user dll's ...
Registered in 0.003431 seconds.
Begin MonoManager ReloadAssembly
Native extension for WindowsStandalone target not found
Native extension for WebGL target not found
Refreshing native plugins compatible for Editor in 0.57 ms, found 0 plugins.
Preloading 0 native plugins for Editor in 0.00 ms.
Invoked RoslynAnalysisRunner static constructor.
RoslynAnalysisRunner will not be running.
RoslynAnalysisRunner has terminated.
Mono: successfully reloaded assembly
- Completed reload, in  1.104 seconds
Platform modules already initialized, skipping
Shader 'Universal Render Pipeline/Particles/Lit': fallback shader 'Universal Render Pipeline/Particles/SimpleLit' not found
Shader 'Universal Render Pipeline/Particles/Lit': fallback shader 'Universal Render Pipeline/Particles/SimpleLit' not found
Refreshing native plugins compatible for Editor in 0.41 ms, found 0 plugins.
Preloading 0 native plugins for Editor in 0.00 ms.
Unloading 2349 Unused Serialized files (Serialized files now loaded: 0)
System memory in use before: 115.4 MB.
System memory in use after: 113.3 MB.

Unloading 39 unused Assets to reduce memory usage. Loaded Objects now: 3335.
Total: 5.340500 ms (FindLiveObjects: 0.383700 ms CreateObjectMapping: 0.144300 ms MarkObjects: 3.009500 ms  DeleteObjects: 1.801200 ms)

========================================================================
Received Prepare
Registering precompiled user dll's ...
Registered in 0.003327 seconds.
Begin MonoManager ReloadAssembly
Native extension for WindowsStandalone target not found
Native extension for WebGL target not found
Refreshing native plugins compatible for Editor in 0.83 ms, found 0 plugins.
Preloading 0 native plugins for Editor in 0.00 ms.
Invoked RoslynAnalysisRunner static constructor.
RoslynAnalysisRunner will not be running.
RoslynAnalysisRunner has terminated.
Mono: successfully reloaded assembly
- Completed reload, in  1.094 seconds
Platform modules already initialized, skipping
Shader 'Universal Render Pipeline/Particles/Lit': fallback shader 'Universal Render Pipeline/Particles/SimpleLit' not found
Shader 'Universal Render Pipeline/Particles/Lit': fallback shader 'Universal Render Pipeline/Particles/SimpleLit' not found
Refreshing native plugins compatible for Editor in 0.44 ms, found 0 plugins.
Preloading 0 native plugins for Editor in 0.00 ms.
Unloading 2349 Unused Serialized files (Serialized files now loaded: 0)
System memory in use before: 115.5 MB.
System memory in use after: 113.4 MB.

Unloading 39 unused Assets to reduce memory usage. Loaded Objects now: 3338.
Total: 5.171300 ms (FindLiveObjects: 0.397900 ms CreateObjectMapping: 0.155600 ms MarkObjects: 3.027700 ms  DeleteObjects: 1.588800 ms)

========================================================================
Received Prepare
Registering precompiled user dll's ...
Registered in 0.002667 seconds.
Begin MonoManager ReloadAssembly
Native extension for WindowsStandalone target not found
Native extension for WebGL target not found
Refreshing native plugins compatible for Editor in 0.41 ms, found 0 plugins.
Preloading 0 native plugins for Editor in 0.00 ms.
Invoked RoslynAnalysisRunner static constructor.
RoslynAnalysisRunner will not be running.
RoslynAnalysisRunner has terminated.
Mono: successfully reloaded assembly
- Completed reload, in  1.061 seconds
Platform modules already initialized, skipping
Shader 'Universal Render Pipeline/Particles/Lit': fallback shader 'Universal Render Pipeline/Particles/SimpleLit' not found
Shader 'Universal Render Pipeline/Particles/Lit': fallback shader 'Universal Render Pipeline/Particles/SimpleLit' not found
Refreshing native plugins compatible for Editor in 0.42 ms, found 0 plugins.
Preloading 0 native plugins for Editor in 0.00 ms.
Unloading 2349 Unused Serialized files (Serialized files now loaded: 0)
System memory in use before: 115.6 MB.
System memory in use after: 113.4 MB.

Unloading 39 unused Assets to reduce memory usage. Loaded Objects now: 3341.
Total: 4.810600 ms (FindLiveObjects: 0.370100 ms CreateObjectMapping: 0.131300 ms MarkObjects: 2.694400 ms  DeleteObjects: 1.613300 ms)

========================================================================
Received Prepare
Registering precompiled user dll's ...
Registered in 0.002872 seconds.
Begin MonoManager ReloadAssembly
Native extension for WindowsStandalone target not found
Native extension for WebGL target not found
Refreshing native plugins compatible for Editor in 0.40 ms, found 0 plugins.
Preloading 0 native plugins for Editor in 0.00 ms.
Invoked RoslynAnalysisRunner static constructor.
RoslynAnalysisRunner will not be running.
RoslynAnalysisRunner has terminated.
Mono: successfully reloaded assembly
- Completed reload, in  1.058 seconds
Platform modules already initialized, skipping
Shader 'Universal Render Pipeline/Particles/Lit': fallback shader 'Universal Render Pipeline/Particles/SimpleLit' not found
Shader 'Universal Render Pipeline/Particles/Lit': fallback shader 'Universal Render Pipeline/Particles/SimpleLit' not found
Refreshing native plugins compatible for Editor in 0.50 ms, found 0 plugins.
Preloading 0 native plugins for Editor in 0.00 ms.
Unloading 2349 Unused Serialized files (Serialized files now loaded: 0)
System memory in use before: 115.5 MB.
System memory in use after: 113.4 MB.

Unloading 39 unused Assets to reduce memory usage. Loaded Objects now: 3344.
Total: 5.582400 ms (FindLiveObjects: 0.630400 ms CreateObjectMapping: 0.200400 ms MarkObjects: 3.081900 ms  DeleteObjects: 1.668300 ms)

========================================================================
Received Prepare
Registering precompiled user dll's ...
Registered in 0.003626 seconds.
Begin MonoManager ReloadAssembly
Native extension for WindowsStandalone target not found
Native extension for WebGL target not found
Refreshing native plugins compatible for Editor in 0.74 ms, found 0 plugins.
Preloading 0 native plugins for Editor in 0.00 ms.
Invoked RoslynAnalysisRunner static constructor.
RoslynAnalysisRunner will not be running.
RoslynAnalysisRunner has terminated.
Mono: successfully reloaded assembly
- Completed reload, in  1.101 seconds
Platform modules already initialized, skipping
Shader 'Universal Render Pipeline/Particles/Lit': fallback shader 'Universal Render Pipeline/Particles/SimpleLit' not found
Shader 'Universal Render Pipeline/Particles/Lit': fallback shader 'Universal Render Pipeline/Particles/SimpleLit' not found
Refreshing native plugins compatible for Editor in 0.39 ms, found 0 plugins.
Preloading 0 native plugins for Editor in 0.00 ms.
Unloading 2349 Unused Serialized files (Serialized files now loaded: 0)
System memory in use before: 115.6 MB.
System memory in use after: 113.4 MB.

Unloading 39 unused Assets to reduce memory usage. Loaded Objects now: 3347.
Total: 5.148700 ms (FindLiveObjects: 0.465700 ms CreateObjectMapping: 0.190300 ms MarkObjects: 2.695000 ms  DeleteObjects: 1.795800 ms)

========================================================================
Received Import Request.
  Time since last request: 1919.805912 seconds.
  path: Assets/Materials/Skybox_Mat.mat
  artifactKey: Guid(0ffaa0b7117ba8c47a9d05ae701d4b4d) Importer(815301076,1909f56bfc062723c751e8b465ee728b)
Start importing Assets/Materials/Skybox_Mat.mat using Guid(0ffaa0b7117ba8c47a9d05ae701d4b4d) Importer(815301076,1909f56bfc062723c751e8b465ee728b)  -> (artifact id: '9579afcccd83be6e41ebab78fa936847') in 0.322199 seconds
  Import took 0.327512 seconds .

========================================================================
Received Import Request.
  Time since last request: 0.000357 seconds.
  path: Assets/Materials/WaterDistortion.mat
  artifactKey: Guid(4e9940798b1feac45b48491938e36eda) Importer(815301076,1909f56bfc062723c751e8b465ee728b)
Start importing Assets/Materials/WaterDistortion.mat using Guid(4e9940798b1feac45b48491938e36eda) Importer(815301076,1909f56bfc062723c751e8b465ee728b)  -> (artifact id: '733008ea03492cde7219afe3d06f089a') in 0.100923 seconds
  Import took 0.105611 seconds .

========================================================================
Received Import Request.
  Time since last request: 9.364916 seconds.
  path: Assets/Materials/Cloud.mat
  artifactKey: Guid(b4d41a0314586b74f8baa92cd6a2a870) Importer(815301076,1909f56bfc062723c751e8b465ee728b)
Start importing Assets/Materials/Cloud.mat using Guid(b4d41a0314586b74f8baa92cd6a2a870) Importer(815301076,1909f56bfc062723c751e8b465ee728b)  -> (artifact id: 'ae6bb89d05c3561f686a79764bd2fafa') in 0.039536 seconds
  Import took 0.045898 seconds .

========================================================================
Received Import Request.
  Time since last request: 547.395833 seconds.
  path: Assets/cloud.png
  artifactKey: Guid(172221078fa980342a03ff4388a2ed35) Importer(815301076,1909f56bfc062723c751e8b465ee728b)
Start importing Assets/cloud.png using Guid(172221078fa980342a03ff4388a2ed35) Importer(815301076,1909f56bfc062723c751e8b465ee728b)  -> (artifact id: 'aef27a995eb1b4a747ee2ece69432a48') in 0.118188 seconds
  Import took 0.124925 seconds .

========================================================================
Received Import Request.
  Time since last request: 0.003829 seconds.
  path: Assets/cloud.png
  artifactKey: Guid(172221078fa980342a03ff4388a2ed35) Importer(815301076,1909f56bfc062723c751e8b465ee728b)
Start importing Assets/cloud.png using Guid(172221078fa980342a03ff4388a2ed35) Importer(815301076,1909f56bfc062723c751e8b465ee728b)  -> (artifact id: 'aef27a995eb1b4a747ee2ece69432a48') in 0.030796 seconds
  Import took 0.037586 seconds .

========================================================================
Received Import Request.
  Time since last request: 26.199312 seconds.
  path: Assets/cloud.png
  artifactKey: Guid(172221078fa980342a03ff4388a2ed35) Importer(815301076,1909f56bfc062723c751e8b465ee728b)
Start importing Assets/cloud.png using Guid(172221078fa980342a03ff4388a2ed35) Importer(815301076,1909f56bfc062723c751e8b465ee728b)  -> (artifact id: 'ca4381b522c373026ee574f2a0d7f60d') in 0.023210 seconds
  Import took 0.028230 seconds .

========================================================================
Received Import Request.
  Time since last request: 0.015629 seconds.
  path: Assets/cloud.png
  artifactKey: Guid(172221078fa980342a03ff4388a2ed35) Importer(815301076,1909f56bfc062723c751e8b465ee728b)
Start importing Assets/cloud.png using Guid(172221078fa980342a03ff4388a2ed35) Importer(815301076,1909f56bfc062723c751e8b465ee728b)  -> (artifact id: 'ca4381b522c373026ee574f2a0d7f60d') in 0.022352 seconds
  Import took 0.028352 seconds .

========================================================================
Received Import Request.
  Time since last request: 253.575954 seconds.
  path: Packages/com.unity.searcher/Editor/Resources/FlatSkin/Font/Roboto-Italic.ttf
  artifactKey: Guid(c839255fc8f6b4b4d90bf8c1af9f9bd1) Importer(815301076,1909f56bfc062723c751e8b465ee728b)
Start importing Packages/com.unity.searcher/Editor/Resources/FlatSkin/Font/Roboto-Italic.ttf using Guid(c839255fc8f6b4b4d90bf8c1af9f9bd1) Importer(815301076,1909f56bfc062723c751e8b465ee728b)  -> (artifact id: '32e29f92d5a5d7a3e5d0e17a58ba7c36') in 0.372019 seconds
  Import took 0.379806 seconds .

========================================================================
Received Import Request.
  Time since last request: 0.000690 seconds.
  path: Packages/com.unity.render-pipelines.universal/Runtime/Materials/TerrainLit.mat
  artifactKey: Guid(594ea882c5a793440b60ff72d896021e) Importer(815301076,1909f56bfc062723c751e8b465ee728b)
Start importing Packages/com.unity.render-pipelines.universal/Runtime/Materials/TerrainLit.mat using Guid(594ea882c5a793440b60ff72d896021e) Importer(815301076,1909f56bfc062723c751e8b465ee728b)  -> (artifact id: 'e7d6df8d10b1ff545b3a70f9cc522b7b') in 1.558728 seconds
  Import took 1.565349 seconds .

========================================================================
Received Import Request.
  Time since last request: 0.000472 seconds.
  path: Packages/com.unity.searcher/Editor/Resources/FlatSkin/Font/Roboto-Bold.ttf
  artifactKey: Guid(3750c318f40cab44a97d3a81beaefeb3) Importer(815301076,1909f56bfc062723c751e8b465ee728b)
Start importing Packages/com.unity.searcher/Editor/Resources/FlatSkin/Font/Roboto-Bold.ttf using Guid(3750c318f40cab44a97d3a81beaefeb3) Importer(815301076,1909f56bfc062723c751e8b465ee728b)  -> (artifact id: '567562cab4026be1a579164330b30cad') in 0.166528 seconds
  Import took 0.171749 seconds .

========================================================================
Received Import Request.
  Time since last request: 0.000334 seconds.
  path: Packages/com.unity.render-pipelines.universal/Runtime/Materials/Sprite-Unlit-Default.mat
  artifactKey: Guid(9dfc825aed78fcd4ba02077103263b40) Importer(815301076,1909f56bfc062723c751e8b465ee728b)
Start importing Packages/com.unity.render-pipelines.universal/Runtime/Materials/Sprite-Unlit-Default.mat using Guid(9dfc825aed78fcd4ba02077103263b40) Importer(815301076,1909f56bfc062723c751e8b465ee728b)  -> (artifact id: '7efa2d9a26c39cd014783a11b7134f54') in 0.235179 seconds
  Import took 0.239835 seconds .

========================================================================
Received Import Request.
  Time since last request: 0.000398 seconds.
  path: Packages/com.unity.render-pipelines.universal/Runtime/Materials/SimpleLit.mat
  artifactKey: Guid(6a1143ee683302f4aa628c052723efc1) Importer(815301076,1909f56bfc062723c751e8b465ee728b)
Start importing Packages/com.unity.render-pipelines.universal/Runtime/Materials/SimpleLit.mat using Guid(6a1143ee683302f4aa628c052723efc1) Importer(815301076,1909f56bfc062723c751e8b465ee728b)  -> (artifact id: 'c1f8b2af9aa589515c7842ef9883ed76') in 0.771240 seconds
  Import took 0.775992 seconds .

========================================================================
Received Import Request.
  Time since last request: 0.000316 seconds.
  path: Packages/com.unity.searcher/Editor/Resources/FlatSkin/Font/Roboto-Italic.ttf
  artifactKey: Guid(c839255fc8f6b4b4d90bf8c1af9f9bd1) Importer(815301076,1909f56bfc062723c751e8b465ee728b)
Start importing Packages/com.unity.searcher/Editor/Resources/FlatSkin/Font/Roboto-Italic.ttf using Guid(c839255fc8f6b4b4d90bf8c1af9f9bd1) Importer(815301076,1909f56bfc062723c751e8b465ee728b)  -> (artifact id: '32e29f92d5a5d7a3e5d0e17a58ba7c36') in 0.021619 seconds
  Import took 0.027474 seconds .

========================================================================
Received Import Request.
  Time since last request: 0.000369 seconds.
  path: Packages/com.unity.searcher/Editor/Resources/FlatSkin/Font/Roboto-ThinItalic.ttf
  artifactKey: Guid(b2ea3b3f1765e544b9eb5bd1a93a91ce) Importer(815301076,1909f56bfc062723c751e8b465ee728b)
Start importing Packages/com.unity.searcher/Editor/Resources/FlatSkin/Font/Roboto-ThinItalic.ttf using Guid(b2ea3b3f1765e544b9eb5bd1a93a91ce) Importer(815301076,1909f56bfc062723c751e8b465ee728b)  -> (artifact id: '6bca6a8a227603cb03a18369895971d6') in 0.052067 seconds
  Import took 0.057631 seconds .

========================================================================
Received Import Request.
  Time since last request: 0.000393 seconds.
  path: Packages/com.unity.searcher/Editor/Resources/FlatSkin/Font/Roboto-Black.ttf
  artifactKey: Guid(1062c701058745940ae5dca6219c64c8) Importer(815301076,1909f56bfc062723c751e8b465ee728b)
Start importing Packages/com.unity.searcher/Editor/Resources/FlatSkin/Font/Roboto-Black.ttf using Guid(1062c701058745940ae5dca6219c64c8) Importer(815301076,1909f56bfc062723c751e8b465ee728b)  -> (artifact id: '3c5e7c9604e1e255bd863ea4ab32c1be') in 0.224311 seconds
  Import took 0.229455 seconds .

========================================================================
Received Import Request.
  Time since last request: 0.000351 seconds.
  path: Packages/com.unity.render-pipelines.universal/Runtime/Materials/Sprite-Lit-Default.mat
  artifactKey: Guid(a97c105638bdf8b4a8650670310a4cd3) Importer(815301076,1909f56bfc062723c751e8b465ee728b)
Start importing Packages/com.unity.render-pipelines.universal/Runtime/Materials/Sprite-Lit-Default.mat using Guid(a97c105638bdf8b4a8650670310a4cd3) Importer(815301076,1909f56bfc062723c751e8b465ee728b)  -> (artifact id: 'c8e76e467d5bca06cfc6953260991443') in 0.097539 seconds
  Import took 0.103778 seconds .

========================================================================
Received Import Request.
  Time since last request: 0.000559 seconds.
  path: Packages/com.unity.render-pipelines.universal/Runtime/Materials/Lit.mat
  artifactKey: Guid(31321ba15b8f8eb4c954353edc038b1d) Importer(815301076,1909f56bfc062723c751e8b465ee728b)
Start importing Packages/com.unity.render-pipelines.universal/Runtime/Materials/Lit.mat using Guid(31321ba15b8f8eb4c954353edc038b1d) Importer(815301076,1909f56bfc062723c751e8b465ee728b)  -> (artifact id: 'f622d23e0e110bf70eae5d11802cb785') in 0.056806 seconds
  Import took 0.065263 seconds .

========================================================================
Received Import Request.
  Time since last request: 0.000381 seconds.
  path: Packages/com.unity.render-pipelines.core/Runtime/Debugging/Prefabs/Fonts/Perfect DOS VGA 437.ttf
  artifactKey: Guid(74a5091d8707f334b9a5c31ef71a64ba) Importer(815301076,1909f56bfc062723c751e8b465ee728b)
Start importing Packages/com.unity.render-pipelines.core/Runtime/Debugging/Prefabs/Fonts/Perfect DOS VGA 437.ttf using Guid(74a5091d8707f334b9a5c31ef71a64ba) Importer(815301076,1909f56bfc062723c751e8b465ee728b)  -> (artifact id: '76a3f69fabc1a139d628dbde8e860376') in 0.133511 seconds
  Import took 0.140052 seconds .

========================================================================
Received Import Request.
  Time since last request: 0.000413 seconds.
  path: Packages/com.unity.searcher/Editor/Resources/FlatSkin/Font/Roboto-BoldItalic.ttf
  artifactKey: Guid(dfb97a9307a577a41bcacba34b9a7e32) Importer(815301076,1909f56bfc062723c751e8b465ee728b)
Start importing Packages/com.unity.searcher/Editor/Resources/FlatSkin/Font/Roboto-BoldItalic.ttf using Guid(dfb97a9307a577a41bcacba34b9a7e32) Importer(815301076,1909f56bfc062723c751e8b465ee728b)  -> (artifact id: '9bcc983e38830e46e464ea0eda0ebef8') in 0.074294 seconds
  Import took 0.083073 seconds .

========================================================================
Received Import Request.
  Time since last request: 1.919289 seconds.
  path: Packages/com.unity.searcher/Editor/Resources/FlatSkin/Font/Roboto-Thin.ttf
  artifactKey: Guid(19a9abb883540be48b75b951a927ae03) Importer(815301076,1909f56bfc062723c751e8b465ee728b)
Start importing Packages/com.unity.searcher/Editor/Resources/FlatSkin/Font/Roboto-Thin.ttf using Guid(19a9abb883540be48b75b951a927ae03) Importer(815301076,1909f56bfc062723c751e8b465ee728b)  -> (artifact id: '96cf1c903c9e1cfd3ea12ff990fc3baf') in 0.070551 seconds
  Import took 0.075324 seconds .

========================================================================
Received Import Request.
  Time since last request: 0.000431 seconds.
  path: Packages/com.unity.searcher/Editor/Resources/FlatSkin/Font/Roboto-BlackItalic.ttf
  artifactKey: Guid(f95147a9bab9fe649b8070170fa7ebd2) Importer(815301076,1909f56bfc062723c751e8b465ee728b)
Start importing Packages/com.unity.searcher/Editor/Resources/FlatSkin/Font/Roboto-BlackItalic.ttf using Guid(f95147a9bab9fe649b8070170fa7ebd2) Importer(815301076,1909f56bfc062723c751e8b465ee728b)  -> (artifact id: '857726891490e5a6cf78df8c4dc6e6fd') in 0.197872 seconds
  Import took 0.204910 seconds .

========================================================================
Received Import Request.
  Time since last request: 0.000420 seconds.
  path: Packages/com.unity.searcher/Editor/Resources/FlatSkin/Font/Roboto-Thin.ttf
  artifactKey: Guid(19a9abb883540be48b75b951a927ae03) Importer(815301076,1909f56bfc062723c751e8b465ee728b)
Start importing Packages/com.unity.searcher/Editor/Resources/FlatSkin/Font/Roboto-Thin.ttf using Guid(19a9abb883540be48b75b951a927ae03) Importer(815301076,1909f56bfc062723c751e8b465ee728b)  -> (artifact id: '96cf1c903c9e1cfd3ea12ff990fc3baf') in 0.018835 seconds
  Import took 0.024349 seconds .

========================================================================
Received Import Request.
  Time since last request: 0.000330 seconds.
  path: Packages/com.unity.searcher/Editor/Resources/FlatSkin/Font/Roboto-MediumItalic.ttf
  artifactKey: Guid(d93c1bc57fdf1ac4dad1bf04fac05464) Importer(815301076,1909f56bfc062723c751e8b465ee728b)
Start importing Packages/com.unity.searcher/Editor/Resources/FlatSkin/Font/Roboto-MediumItalic.ttf using Guid(d93c1bc57fdf1ac4dad1bf04fac05464) Importer(815301076,1909f56bfc062723c751e8b465ee728b)  -> (artifact id: '43193e77b9b5f99febf376045363d07c') in 0.375730 seconds
  Import took 0.381502 seconds .

========================================================================
Received Import Request.
  Time since last request: 0.000419 seconds.
  path: Packages/com.unity.searcher/Editor/Resources/FlatSkin/Font/Roboto-Regular.ttf
  artifactKey: Guid(30dc370b164eefc43b95744fc796dad0) Importer(815301076,1909f56bfc062723c751e8b465ee728b)
Start importing Packages/com.unity.searcher/Editor/Resources/FlatSkin/Font/Roboto-Regular.ttf using Guid(30dc370b164eefc43b95744fc796dad0) Importer(815301076,1909f56bfc062723c751e8b465ee728b)  -> (artifact id: 'b49a5add511842b57ec6e9b93acf877d') in 0.043964 seconds
  Import took 0.049276 seconds .

========================================================================
Received Import Request.
  Time since last request: 0.000376 seconds.
  path: Packages/com.unity.searcher/Editor/Resources/FlatSkin/Font/Roboto-Medium.ttf
  artifactKey: Guid(a51a3aebb43ac044989270407476b208) Importer(815301076,1909f56bfc062723c751e8b465ee728b)
Start importing Packages/com.unity.searcher/Editor/Resources/FlatSkin/Font/Roboto-Medium.ttf using Guid(a51a3aebb43ac044989270407476b208) Importer(815301076,1909f56bfc062723c751e8b465ee728b)  -> (artifact id: '0ae47bc4268722faee45becab139baab') in 0.061149 seconds
  Import took 0.067489 seconds .

========================================================================
Received Import Request.
  Time since last request: 0.000494 seconds.
  path: Packages/com.unity.searcher/Editor/Resources/FlatSkin/Font/Roboto-Light.ttf
  artifactKey: Guid(2a29e27936eb547458f646f71125b264) Importer(815301076,1909f56bfc062723c751e8b465ee728b)
Start importing Packages/com.unity.searcher/Editor/Resources/FlatSkin/Font/Roboto-Light.ttf using Guid(2a29e27936eb547458f646f71125b264) Importer(815301076,1909f56bfc062723c751e8b465ee728b)  -> (artifact id: '9b0e3ae002bf6d734a46194a9267a467') in 0.064693 seconds
  Import took 0.072322 seconds .

========================================================================
Received Import Request.
  Time since last request: 0.000433 seconds.
  path: Packages/com.unity.searcher/Editor/Resources/FlatSkin/Font/Roboto-LightItalic.ttf
  artifactKey: Guid(5e63515167650a541b309ba3bfd4db3d) Importer(815301076,1909f56bfc062723c751e8b465ee728b)
Start importing Packages/com.unity.searcher/Editor/Resources/FlatSkin/Font/Roboto-LightItalic.ttf using Guid(5e63515167650a541b309ba3bfd4db3d) Importer(815301076,1909f56bfc062723c751e8b465ee728b)  -> (artifact id: '6458d8d82bf1d6d472537834c9ff49d4') in 0.067056 seconds
  Import took 0.071530 seconds .

========================================================================
Received Import Request.
  Time since last request: 1786.583965 seconds.
  path: Assets/Prefabs/Missile.prefab
  artifactKey: Guid(3f4b941d08ba4c648a3576cf2024d6ce) Importer(815301076,1909f56bfc062723c751e8b465ee728b)
Start importing Assets/Prefabs/Missile.prefab using Guid(3f4b941d08ba4c648a3576cf2024d6ce) Importer(815301076,1909f56bfc062723c751e8b465ee728b)  -> (artifact id: '116da4446e80c34ccf5449d4d0d01c09') in 1.710311 seconds
  Import took 1.717070 seconds .

========================================================================
Received Prepare
Registering precompiled user dll's ...
Registered in 0.002671 seconds.
Begin MonoManager ReloadAssembly
Native extension for WindowsStandalone target not found
Native extension for WebGL target not found
Refreshing native plugins compatible for Editor in 0.39 ms, found 0 plugins.
Preloading 0 native plugins for Editor in 0.00 ms.
Invoked RoslynAnalysisRunner static constructor.
RoslynAnalysisRunner will not be running.
RoslynAnalysisRunner has terminated.
Mono: successfully reloaded assembly
- Completed reload, in  1.083 seconds
Platform modules already initialized, skipping
Shader 'Universal Render Pipeline/Particles/Lit': fallback shader 'Universal Render Pipeline/Particles/SimpleLit' not found
Shader 'Universal Render Pipeline/Particles/Lit': fallback shader 'Universal Render Pipeline/Particles/SimpleLit' not found
Refreshing native plugins compatible for Editor in 0.51 ms, found 0 plugins.
Preloading 0 native plugins for Editor in 0.00 ms.
Unloading 2348 Unused Serialized files (Serialized files now loaded: 0)
System memory in use before: 115.8 MB.
System memory in use after: 114.3 MB.

Unloading 32 unused Assets to reduce memory usage. Loaded Objects now: 3399.
Total: 5.940100 ms (FindLiveObjects: 0.555900 ms CreateObjectMapping: 0.231200 ms MarkObjects: 3.589700 ms  DeleteObjects: 1.545000 ms)

========================================================================
Received Import Request.
  Time since last request: 76.437101 seconds.
  path: Assets/Materials/Cloud.mat
  artifactKey: Guid(b4d41a0314586b74f8baa92cd6a2a870) Importer(815301076,1909f56bfc062723c751e8b465ee728b)
Start importing Assets/Materials/Cloud.mat using Guid(b4d41a0314586b74f8baa92cd6a2a870) Importer(815301076,1909f56bfc062723c751e8b465ee728b)  -> (artifact id: 'bf580dd019bd3d05cc96fee2871d52db') in 0.218105 seconds
  Import took 0.222672 seconds .

========================================================================
Received Prepare
Registering precompiled user dll's ...
Registered in 0.003451 seconds.
Begin MonoManager ReloadAssembly
Native extension for WindowsStandalone target not found
Native extension for WebGL target not found
Refreshing native plugins compatible for Editor in 0.40 ms, found 0 plugins.
Preloading 0 native plugins for Editor in 0.00 ms.
Invoked RoslynAnalysisRunner static constructor.
RoslynAnalysisRunner will not be running.
RoslynAnalysisRunner has terminated.
Mono: successfully reloaded assembly
- Completed reload, in  1.283 seconds
Platform modules already initialized, skipping
Shader 'Universal Render Pipeline/Particles/Lit': fallback shader 'Universal Render Pipeline/Particles/SimpleLit' not found
Shader 'Universal Render Pipeline/Particles/Lit': fallback shader 'Universal Render Pipeline/Particles/SimpleLit' not found
Refreshing native plugins compatible for Editor in 0.46 ms, found 0 plugins.
Preloading 0 native plugins for Editor in 0.00 ms.
Unloading 2342 Unused Serialized files (Serialized files now loaded: 0)
System memory in use before: 115.6 MB.
System memory in use after: 114.1 MB.

Unloading 32 unused Assets to reduce memory usage. Loaded Objects now: 3439.
Total: 7.493600 ms (FindLiveObjects: 0.820800 ms CreateObjectMapping: 0.326700 ms MarkObjects: 4.725500 ms  DeleteObjects: 1.618400 ms)

========================================================================
Received Import Request.
  Time since last request: 6331.399972 seconds.
  path: Assets/Prefabs/Cloud.prefab
  artifactKey: Guid(a0797d8ecbc61ae4a9c8c0cd03d14876) Importer(815301076,1909f56bfc062723c751e8b465ee728b)
Start importing Assets/Prefabs/Cloud.prefab using Guid(a0797d8ecbc61ae4a9c8c0cd03d14876) Importer(815301076,1909f56bfc062723c751e8b465ee728b)  -> (artifact id: '4b5c56ca67d7d6ebd381c5ddf134a633') in 0.281597 seconds
  Import took 0.287038 seconds .

========================================================================
Received Prepare
Registering precompiled user dll's ...
Registered in 0.002687 seconds.
Begin MonoManager ReloadAssembly
Native extension for WindowsStandalone target not found
Native extension for WebGL target not found
Refreshing native plugins compatible for Editor in 0.39 ms, found 0 plugins.
Preloading 0 native plugins for Editor in 0.00 ms.
Invoked RoslynAnalysisRunner static constructor.
RoslynAnalysisRunner will not be running.
RoslynAnalysisRunner has terminated.
Mono: successfully reloaded assembly
- Completed reload, in  1.182 seconds
Platform modules already initialized, skipping
Shader 'Universal Render Pipeline/Particles/Lit': fallback shader 'Universal Render Pipeline/Particles/SimpleLit' not found
Shader 'Universal Render Pipeline/Particles/Lit': fallback shader 'Universal Render Pipeline/Particles/SimpleLit' not found
Refreshing native plugins compatible for Editor in 0.57 ms, found 0 plugins.
Preloading 0 native plugins for Editor in 0.00 ms.
Unloading 2342 Unused Serialized files (Serialized files now loaded: 0)
System memory in use before: 115.8 MB.
System memory in use after: 114.3 MB.

Unloading 32 unused Assets to reduce memory usage. Loaded Objects now: 3478.
Total: 5.711700 ms (FindLiveObjects: 0.557100 ms CreateObjectMapping: 0.213700 ms MarkObjects: 3.431900 ms  DeleteObjects: 1.507100 ms)

========================================================================
Received Import Request.
  Time since last request: 260.782831 seconds.
  path: Assets/Prefabs/Cloud.prefab
  artifactKey: Guid(a0797d8ecbc61ae4a9c8c0cd03d14876) Importer(815301076,1909f56bfc062723c751e8b465ee728b)
Start importing Assets/Prefabs/Cloud.prefab using Guid(a0797d8ecbc61ae4a9c8c0cd03d14876) Importer(815301076,1909f56bfc062723c751e8b465ee728b)  -> (artifact id: '192a0f0937eee59aba4a4f396a8a8e2e') in 0.320433 seconds
  Import took 0.326744 seconds .

========================================================================
Received Prepare
Registering precompiled user dll's ...
Registered in 0.002949 seconds.
Begin MonoManager ReloadAssembly
Native extension for WindowsStandalone target not found
Native extension for WebGL target not found
Refreshing native plugins compatible for Editor in 0.61 ms, found 0 plugins.
Preloading 0 native plugins for Editor in 0.00 ms.
Invoked RoslynAnalysisRunner static constructor.
RoslynAnalysisRunner will not be running.
RoslynAnalysisRunner has terminated.
Mono: successfully reloaded assembly
- Completed reload, in  1.797 seconds
Platform modules already initialized, skipping
Shader 'Universal Render Pipeline/Particles/Lit': fallback shader 'Universal Render Pipeline/Particles/SimpleLit' not found
Shader 'Universal Render Pipeline/Particles/Lit': fallback shader 'Universal Render Pipeline/Particles/SimpleLit' not found
Refreshing native plugins compatible for Editor in 0.49 ms, found 0 plugins.
Preloading 0 native plugins for Editor in 0.00 ms.
Unloading 2342 Unused Serialized files (Serialized files now loaded: 0)
System memory in use before: 115.9 MB.
System memory in use after: 114.4 MB.

Unloading 32 unused Assets to reduce memory usage. Loaded Objects now: 3517.
Total: 5.808400 ms (FindLiveObjects: 0.445400 ms CreateObjectMapping: 0.255200 ms MarkObjects: 3.190000 ms  DeleteObjects: 1.915700 ms)

========================================================================
Received Prepare
Registering precompiled user dll's ...
Registered in 0.003790 seconds.
Begin MonoManager ReloadAssembly
Native extension for WindowsStandalone target not found
Native extension for WebGL target not found
Refreshing native plugins compatible for Editor in 0.48 ms, found 0 plugins.
Preloading 0 native plugins for Editor in 0.00 ms.
Invoked RoslynAnalysisRunner static constructor.
RoslynAnalysisRunner will not be running.
RoslynAnalysisRunner has terminated.
Mono: successfully reloaded assembly
- Completed reload, in  2.083 seconds
Platform modules already initialized, skipping
Shader 'Universal Render Pipeline/Particles/Lit': fallback shader 'Universal Render Pipeline/Particles/SimpleLit' not found
Shader 'Universal Render Pipeline/Particles/Lit': fallback shader 'Universal Render Pipeline/Particles/SimpleLit' not found
Refreshing native plugins compatible for Editor in 1.05 ms, found 0 plugins.
Preloading 0 native plugins for Editor in 0.00 ms.
Unloading 2342 Unused Serialized files (Serialized files now loaded: 0)
System memory in use before: 115.9 MB.
System memory in use after: 114.4 MB.

Unloading 32 unused Assets to reduce memory usage. Loaded Objects now: 3520.
Total: 9.634500 ms (FindLiveObjects: 0.514100 ms CreateObjectMapping: 0.455000 ms MarkObjects: 6.837200 ms  DeleteObjects: 1.825600 ms)

AssetImportWorkerClient::OnTransportError - code=2 error=End of file
